#
# There is insufficient memory for the Java Runtime Environment to continue.
# Native memory allocation (malloc) failed to allocate 2097152 bytes for AllocateHeap
# Possible reasons:
#   The system is out of physical RAM or swap space
#   The process is running with CompressedOops enabled, and the Java Heap may be blocking the growth of the native heap
# Possible solutions:
#   Reduce memory load on the system
#   Increase physical memory or swap space
#   Check if swap backing store is full
#   Decrease Java heap size (-Xmx/-Xms)
#   Decrease number of Java threads
#   Decrease Java thread stack sizes (-Xss)
#   Set larger code cache with -XX:ReservedCodeCacheSize=
#   JVM is running with Unscaled Compressed Oops mode in which the Java heap is
#     placed in the first 4GB address space. The Java Heap base address is the
#     maximum limit for the native heap growth. Please use -XX:HeapBaseMinAddress
#     to set the Java Heap base and to place the Java Heap above 4GB virtual address.
# This output file may be truncated or incomplete.
#
#  Out of Memory Error (allocation.cpp:44), pid=12176, tid=43644
#
# JRE version: OpenJDK Runtime Environment Temurin-17.0.6+10 (17.0.6+10) (build 17.0.6+10)
# Java VM: OpenJDK 64-Bit Server VM Temurin-17.0.6+10 (17.0.6+10, mixed mode, emulated-client, tiered, compressed oops, compressed class ptrs, g1 gc, windows-amd64)
# No core dump will be written. Minidumps are not enabled by default on client versions of Windows
#

---------------  S U M M A R Y ------------

Command Line: -XX:+HeapDumpOnOutOfMemoryError -Xmx1024m -Dsts.lsp.client=vscode -Dsts.log.file=/dev/null -XX:TieredStopAtLevel=1 -Xlog:jni+resolve=off -Dspring.config.location=file:c:\Users\mx02944\.vscode\extensions\vmware.vscode-spring-boot-1.49.0\language-server\BOOT-INF\classes\application.properties org.springframework.ide.vscode.boot.app.BootLanguageServerBootApp

Host: Intel(R) Core(TM) i5-1035G1 CPU @ 1.00GHz, 8 cores, 15G,  Windows 10 , 64 bit Build 18362 (10.0.18362.329)
Time: Mon Oct  9 14:35:21 2023 Hora de verano central (México) elapsed time: 1035.466225 seconds (0d 0h 17m 15s)

---------------  T H R E A D  ---------------

Current thread (0x0000024dfffc3e10):  VMThread "VM Thread" [stack: 0x000000f631600000,0x000000f631700000] [id=43644]

Stack: [0x000000f631600000,0x000000f631700000]
Native frames: (J=compiled Java code, j=interpreted, Vv=VM code, C=native code)
V  [jvm.dll+0x67741a]
V  [jvm.dll+0x834434]
V  [jvm.dll+0x835bde]
V  [jvm.dll+0x836243]
V  [jvm.dll+0x2457b5]
V  [jvm.dll+0xa626f]
V  [jvm.dll+0x2f5b61]
V  [jvm.dll+0x2f17e0]
V  [jvm.dll+0x2d9ee7]
V  [jvm.dll+0x31ce67]
V  [jvm.dll+0x83a6eb]
V  [jvm.dll+0x83b424]
V  [jvm.dll+0x83b93c]
V  [jvm.dll+0x83bd14]
V  [jvm.dll+0x83bde0]
V  [jvm.dll+0x7e483a]
V  [jvm.dll+0x6762c5]
C  [ucrtbase.dll+0x20e72]
C  [KERNEL32.DLL+0x17bd4]
C  [ntdll.dll+0x6ced1]

VM_Operation (0x000000f632cfed70): G1CollectFull, mode: safepoint, requested by thread 0x0000024d88939440


---------------  P R O C E S S  ---------------

Threads class SMR info:
_java_thread_list=0x0000024d89156040, length=20, elements={
0x0000024dfffce050, 0x0000024dfffce910, 0x0000024d87848e40, 0x0000024d87849700,
0x0000024d8784afd0, 0x0000024d8784f8b0, 0x0000024d87852180, 0x0000024d87857490,
0x0000024d87a69d60, 0x0000024d87a76250, 0x0000024d8884e030, 0x0000024d88939440,
0x0000024d89159480, 0x0000024dfc1bac80, 0x0000024d88e80c20, 0x0000024d8923f950,
0x0000024d89249d50, 0x0000024d89270410, 0x0000024d89275cc0, 0x0000024d891b3a00
}

Java Threads: ( => current thread )
  0x0000024dfffce050 JavaThread "Reference Handler" daemon [_thread_blocked, id=45880, stack(0x000000f631700000,0x000000f631800000)]
  0x0000024dfffce910 JavaThread "Finalizer" daemon [_thread_blocked, id=45804, stack(0x000000f631800000,0x000000f631900000)]
  0x0000024d87848e40 JavaThread "Signal Dispatcher" daemon [_thread_blocked, id=45512, stack(0x000000f631900000,0x000000f631a00000)]
  0x0000024d87849700 JavaThread "Attach Listener" daemon [_thread_blocked, id=39180, stack(0x000000f631a00000,0x000000f631b00000)]
  0x0000024d8784afd0 JavaThread "Service Thread" daemon [_thread_blocked, id=38812, stack(0x000000f631b00000,0x000000f631c00000)]
  0x0000024d8784f8b0 JavaThread "Monitor Deflation Thread" daemon [_thread_blocked, id=15436, stack(0x000000f631c00000,0x000000f631d00000)]
  0x0000024d87852180 JavaThread "C1 CompilerThread0" daemon [_thread_blocked, id=45300, stack(0x000000f631d00000,0x000000f631e00000)]
  0x0000024d87857490 JavaThread "Sweeper thread" daemon [_thread_blocked, id=9564, stack(0x000000f631e00000,0x000000f631f00000)]
  0x0000024d87a69d60 JavaThread "Notification Thread" daemon [_thread_blocked, id=40748, stack(0x000000f632000000,0x000000f632100000)]
  0x0000024d87a76250 JavaThread "Common-Cleaner" daemon [_thread_blocked, id=30964, stack(0x000000f632200000,0x000000f632300000)]
  0x0000024d8884e030 JavaThread "boundedElastic-evictor-1" daemon [_thread_blocked, id=43316, stack(0x000000f630d00000,0x000000f630e00000)]
  0x0000024d88939440 JavaThread "pool-11-thread-1" [_thread_blocked, id=45220, stack(0x000000f632c00000,0x000000f632d00000)]
  0x0000024d89159480 JavaThread "LanguageServerApp-lifecycle" [_thread_blocked, id=28556, stack(0x000000f632e00000,0x000000f632f00000)]
  0x0000024dfc1bac80 JavaThread "DestroyJavaVM" [_thread_blocked, id=12256, stack(0x000000f631000000,0x000000f631100000)]
  0x0000024d88e80c20 JavaThread "pool-12-thread-1" [_thread_in_native, id=40308, stack(0x000000f632f00000,0x000000f633000000)]
  0x0000024d8923f950 JavaThread "Simple-Language-Server main thread" daemon [_thread_blocked, id=7040, stack(0x000000f633000000,0x000000f633100000)]
  0x0000024d89249d50 JavaThread "pool-7-thread-1" [_thread_blocked, id=40768, stack(0x000000f633100000,0x000000f633200000)]
  0x0000024d89270410 JavaThread "parallel-1" daemon [_thread_blocked, id=44848, stack(0x000000f633200000,0x000000f633300000)]
  0x0000024d89275cc0 JavaThread "parallel-2" daemon [_thread_blocked, id=36840, stack(0x000000f633300000,0x000000f633400000)]
  0x0000024d891b3a00 JavaThread "Reconciler-1" daemon [_thread_blocked, id=34908, stack(0x000000f633600000,0x000000f633700000)]

Other Threads:
=>0x0000024dfffc3e10 VMThread "VM Thread" [stack: 0x000000f631600000,0x000000f631700000] [id=43644]
  0x0000024d87a65120 WatcherThread [stack: 0x000000f632100000,0x000000f632200000] [id=43796]
  0x0000024dfc1fa790 GCTaskThread "GC Thread#0" [stack: 0x000000f631100000,0x000000f631200000] [id=45076]
  0x0000024d8852ece0 GCTaskThread "GC Thread#1" [stack: 0x000000f632500000,0x000000f632600000] [id=44824]
  0x0000024d879a9e00 GCTaskThread "GC Thread#2" [stack: 0x000000f632600000,0x000000f632700000] [id=41044]
  0x0000024d878b8cb0 GCTaskThread "GC Thread#3" [stack: 0x000000f632700000,0x000000f632800000] [id=2476]
  0x0000024d88762ba0 GCTaskThread "GC Thread#4" [stack: 0x000000f632800000,0x000000f632900000] [id=45096]
  0x0000024d8876ae60 GCTaskThread "GC Thread#5" [stack: 0x000000f632900000,0x000000f632a00000] [id=44100]
  0x0000024d888ee3c0 GCTaskThread "GC Thread#6" [stack: 0x000000f632a00000,0x000000f632b00000] [id=15960]
  0x0000024d888ee670 GCTaskThread "GC Thread#7" [stack: 0x000000f632b00000,0x000000f632c00000] [id=14852]
  0x0000024dfc2035e0 ConcurrentGCThread "G1 Main Marker" [stack: 0x000000f631200000,0x000000f631300000] [id=38680]
  0x0000024dfc203f00 ConcurrentGCThread "G1 Conc#0" [stack: 0x000000f631300000,0x000000f631400000] [id=38956]
  0x0000024d888ef3e0 ConcurrentGCThread "G1 Conc#1" [stack: 0x000000f632d00000,0x000000f632e00000] [id=41308]
  0x0000024dfc26eb10 ConcurrentGCThread "G1 Refine#0" [stack: 0x000000f631400000,0x000000f631500000] [id=42928]
  0x0000024dffe3e690 ConcurrentGCThread "G1 Service" [stack: 0x000000f631500000,0x000000f631600000] [id=45344]

Threads with active compile tasks:

VM state: at safepoint (normal execution)

VM Mutex/Monitor currently owned by a thread:  ([mutex/lock_event])
[0x0000024dfa0a2a40] Threads_lock - owner thread: 0x0000024dfffc3e10
[0x0000024dfa09cb30] Heap_lock - owner thread: 0x0000024d88939440

Heap address: 0x00000000c0000000, size: 1024 MB, Compressed Oops mode: 32-bit

CDS archive(s) not mapped
Compressed class space mapped at: 0x0000000100000000-0x0000000140000000, reserved size: 1073741824
Narrow klass base: 0x0000000000000000, Narrow klass shift: 3, Narrow klass range: 0x140000000

GC Precious Log:
 CPUs: 8 total, 8 available
 Memory: 16151M
 Large Page Support: Disabled
 NUMA Support: Disabled
 Compressed Oops: Enabled (32-bit)
 Heap Region Size: 1M
 Heap Min Capacity: 8M
 Heap Initial Capacity: 254M
 Heap Max Capacity: 1G
 Pre-touch: Disabled
 Parallel Workers: 8
 Concurrent Workers: 2
 Concurrent Refinement Workers: 8
 Periodic GC: Disabled

Heap:
 garbage-first heap   total 55296K, used 17248K [0x00000000c0000000, 0x0000000100000000)
  region size 1024K, 1 young (1024K), 0 survivors (0K)
 Metaspace       used 38192K, committed 38720K, reserved 1089536K
  class space    used 5038K, committed 5248K, reserved 1048576K

Heap Regions: E=young(eden), S=young(survivor), O=old, HS=humongous(starts), HC=humongous(continues), CS=collection set, F=free, OA=open archive, CA=closed archive, TAMS=top-at-mark-start (previous, next)
|   0|0x00000000c0000000, 0x00000000c00f9ad8, 0x00000000c0100000| 97%| O|  |TAMS 0x00000000c00f9ad8, 0x00000000c0000000| Untracked 
|   1|0x00000000c0100000, 0x00000000c01f6b78, 0x00000000c0200000| 96%| O|  |TAMS 0x00000000c01f6b78, 0x00000000c0100000| Untracked 
|   2|0x00000000c0200000, 0x00000000c02ffff0, 0x00000000c0300000| 99%| O|  |TAMS 0x00000000c02ffff0, 0x00000000c0200000| Untracked 
|   3|0x00000000c0300000, 0x00000000c0400000, 0x00000000c0400000|100%| O|  |TAMS 0x00000000c0400000, 0x00000000c0300000| Untracked 
|   4|0x00000000c0400000, 0x00000000c0500000, 0x00000000c0500000|100%| O|  |TAMS 0x00000000c0500000, 0x00000000c0400000| Untracked 
|   5|0x00000000c0500000, 0x00000000c05fffe0, 0x00000000c0600000| 99%| O|  |TAMS 0x00000000c05fffe0, 0x00000000c0500000| Untracked 
|   6|0x00000000c0600000, 0x00000000c0700000, 0x00000000c0700000|100%| O|  |TAMS 0x00000000c0700000, 0x00000000c0600000| Untracked 
|   7|0x00000000c0700000, 0x00000000c0800000, 0x00000000c0800000|100%| O|  |TAMS 0x00000000c0800000, 0x00000000c0700000| Untracked 
|   8|0x00000000c0800000, 0x00000000c08ffff0, 0x00000000c0900000| 99%| O|  |TAMS 0x00000000c08ffff0, 0x00000000c0800000| Untracked 
|   9|0x00000000c0900000, 0x00000000c09fffe0, 0x00000000c0a00000| 99%| O|  |TAMS 0x00000000c09fffe0, 0x00000000c0900000| Untracked 
|  10|0x00000000c0a00000, 0x00000000c0afffe8, 0x00000000c0b00000| 99%| O|  |TAMS 0x00000000c0afffe8, 0x00000000c0a00000| Untracked 
|  11|0x00000000c0b00000, 0x00000000c0bfff98, 0x00000000c0c00000| 99%| O|  |TAMS 0x00000000c0bfff98, 0x00000000c0b00000| Untracked 
|  12|0x00000000c0c00000, 0x00000000c0d00000, 0x00000000c0d00000|100%| O|  |TAMS 0x00000000c0d00000, 0x00000000c0c00000| Untracked 
|  13|0x00000000c0d00000, 0x00000000c0e00000, 0x00000000c0e00000|100%| O|  |TAMS 0x00000000c0e00000, 0x00000000c0d00000| Untracked 
|  14|0x00000000c0e00000, 0x00000000c0effff0, 0x00000000c0f00000| 99%| O|  |TAMS 0x00000000c0effff0, 0x00000000c0e00000| Untracked 
|  15|0x00000000c0f00000, 0x00000000c0fe5770, 0x00000000c1000000| 89%| O|  |TAMS 0x00000000c0f00000, 0x00000000c0f00000| Untracked 
|  16|0x00000000c1000000, 0x00000000c10ffe58, 0x00000000c1100000| 99%| O|  |TAMS 0x00000000c10ffe58, 0x00000000c1000000| Untracked 
|  17|0x00000000c1100000, 0x00000000c11028b8, 0x00000000c1200000|  0%| O|  |TAMS 0x00000000c1100000, 0x00000000c1100000| Untracked 
|  18|0x00000000c1200000, 0x00000000c1200000, 0x00000000c1300000|  0%| F|  |TAMS 0x00000000c1200000, 0x00000000c1200000| Untracked 
|  19|0x00000000c1300000, 0x00000000c1300000, 0x00000000c1400000|  0%| F|  |TAMS 0x00000000c1300000, 0x00000000c1300000| Untracked 
|  20|0x00000000c1400000, 0x00000000c1400000, 0x00000000c1500000|  0%| F|  |TAMS 0x00000000c1400000, 0x00000000c1400000| Untracked 
|  21|0x00000000c1500000, 0x00000000c1500000, 0x00000000c1600000|  0%| F|  |TAMS 0x00000000c1500000, 0x00000000c1500000| Untracked 
|  22|0x00000000c1600000, 0x00000000c1600000, 0x00000000c1700000|  0%| F|  |TAMS 0x00000000c1600000, 0x00000000c1600000| Untracked 
|  23|0x00000000c1700000, 0x00000000c1700000, 0x00000000c1800000|  0%| F|  |TAMS 0x00000000c1700000, 0x00000000c1700000| Untracked 
|  24|0x00000000c1800000, 0x00000000c1800000, 0x00000000c1900000|  0%| F|  |TAMS 0x00000000c1800000, 0x00000000c1800000| Untracked 
|  25|0x00000000c1900000, 0x00000000c1900000, 0x00000000c1a00000|  0%| F|  |TAMS 0x00000000c1900000, 0x00000000c1900000| Untracked 
|  26|0x00000000c1a00000, 0x00000000c1a00000, 0x00000000c1b00000|  0%| F|  |TAMS 0x00000000c1a00000, 0x00000000c1a00000| Untracked 
|  27|0x00000000c1b00000, 0x00000000c1b00000, 0x00000000c1c00000|  0%| F|  |TAMS 0x00000000c1b00000, 0x00000000c1b00000| Untracked 
|  28|0x00000000c1c00000, 0x00000000c1c00000, 0x00000000c1d00000|  0%| F|  |TAMS 0x00000000c1c00000, 0x00000000c1c00000| Untracked 
|  29|0x00000000c1d00000, 0x00000000c1d00000, 0x00000000c1e00000|  0%| F|  |TAMS 0x00000000c1d00000, 0x00000000c1d00000| Untracked 
|  30|0x00000000c1e00000, 0x00000000c1e00000, 0x00000000c1f00000|  0%| F|  |TAMS 0x00000000c1e00000, 0x00000000c1e00000| Untracked 
|  31|0x00000000c1f00000, 0x00000000c1f00000, 0x00000000c2000000|  0%| F|  |TAMS 0x00000000c1f00000, 0x00000000c1f00000| Untracked 
|  32|0x00000000c2000000, 0x00000000c2000000, 0x00000000c2100000|  0%| F|  |TAMS 0x00000000c2000000, 0x00000000c2000000| Untracked 
|  33|0x00000000c2100000, 0x00000000c2100000, 0x00000000c2200000|  0%| F|  |TAMS 0x00000000c2100000, 0x00000000c2100000| Untracked 
|  34|0x00000000c2200000, 0x00000000c2200000, 0x00000000c2300000|  0%| F|  |TAMS 0x00000000c2200000, 0x00000000c2200000| Untracked 
|  35|0x00000000c2300000, 0x00000000c2300000, 0x00000000c2400000|  0%| F|  |TAMS 0x00000000c2300000, 0x00000000c2300000| Untracked 
|  36|0x00000000c2400000, 0x00000000c2400000, 0x00000000c2500000|  0%| F|  |TAMS 0x00000000c2400000, 0x00000000c2400000| Untracked 
|  37|0x00000000c2500000, 0x00000000c2500000, 0x00000000c2600000|  0%| F|  |TAMS 0x00000000c2500000, 0x00000000c2500000| Untracked 
|  38|0x00000000c2600000, 0x00000000c2600000, 0x00000000c2700000|  0%| F|  |TAMS 0x00000000c2600000, 0x00000000c2600000| Untracked 
|  39|0x00000000c2700000, 0x00000000c2700000, 0x00000000c2800000|  0%| F|  |TAMS 0x00000000c2700000, 0x00000000c2700000| Untracked 
|  40|0x00000000c2800000, 0x00000000c2800000, 0x00000000c2900000|  0%| F|  |TAMS 0x00000000c2800000, 0x00000000c2800000| Untracked 
|  41|0x00000000c2900000, 0x00000000c2900000, 0x00000000c2a00000|  0%| F|  |TAMS 0x00000000c2900000, 0x00000000c2900000| Untracked 
|  42|0x00000000c2a00000, 0x00000000c2a00000, 0x00000000c2b00000|  0%| F|  |TAMS 0x00000000c2a00000, 0x00000000c2a00000| Untracked 
|  43|0x00000000c2b00000, 0x00000000c2b00000, 0x00000000c2c00000|  0%| F|  |TAMS 0x00000000c2b00000, 0x00000000c2b00000| Untracked 
|  44|0x00000000c2c00000, 0x00000000c2c00000, 0x00000000c2d00000|  0%| F|  |TAMS 0x00000000c2c00000, 0x00000000c2c00000| Untracked 
|  45|0x00000000c2d00000, 0x00000000c2d00000, 0x00000000c2e00000|  0%| F|  |TAMS 0x00000000c2d00000, 0x00000000c2d00000| Untracked 
|  46|0x00000000c2e00000, 0x00000000c2e00000, 0x00000000c2f00000|  0%| F|  |TAMS 0x00000000c2e00000, 0x00000000c2e00000| Untracked 
|  47|0x00000000c2f00000, 0x00000000c2f00000, 0x00000000c3000000|  0%| F|  |TAMS 0x00000000c2f00000, 0x00000000c2f00000| Untracked 
| 220|0x00000000cdc00000, 0x00000000cdc00000, 0x00000000cdd00000|  0%| F|  |TAMS 0x00000000cdc00000, 0x00000000cdc00000| Untracked 
| 221|0x00000000cdd00000, 0x00000000cdd00000, 0x00000000cde00000|  0%| F|  |TAMS 0x00000000cdd00000, 0x00000000cdd00000| Untracked 
| 222|0x00000000cde00000, 0x00000000cde00000, 0x00000000cdf00000|  0%| F|  |TAMS 0x00000000cde00000, 0x00000000cde00000| Untracked 
| 223|0x00000000cdf00000, 0x00000000cdf00000, 0x00000000ce000000|  0%| F|  |TAMS 0x00000000cdf00000, 0x00000000cdf00000| Untracked 
| 224|0x00000000ce000000, 0x00000000ce000000, 0x00000000ce100000|  0%| F|  |TAMS 0x00000000ce000000, 0x00000000ce000000| Untracked 
| 253|0x00000000cfd00000, 0x00000000cfd11fe0, 0x00000000cfe00000|  7%| E|  |TAMS 0x00000000cfd00000, 0x00000000cfd00000| Complete 

Card table byte_map: [0x0000024dff140000,0x0000024dff340000] _byte_map_base: 0x0000024dfeb40000

Marking Bits (Prev, Next): (CMBitMap*) 0x0000024dfc1facf0, (CMBitMap*) 0x0000024dfc1facb0
 Prev Bits: [0x0000024d84000000, 0x0000024d85000000)
 Next Bits: [0x0000024d83000000, 0x0000024d84000000)

Polling page: 0x0000024dfa020000

Metaspace:

Usage:
  Non-class:     32.38 MB used.
      Class:      4.92 MB used.
       Both:     37.30 MB used.

Virtual space:
  Non-class space:       40.00 MB reserved,      32.69 MB ( 82%) committed,  5 nodes.
      Class space:        1.00 GB reserved,       5.13 MB ( <1%) committed,  1 nodes.
             Both:        1.04 GB reserved,      37.81 MB (  4%) committed. 

Chunk freelists:
   Non-Class:  2.75 MB
       Class:  2.84 MB
        Both:  5.60 MB

MaxMetaspaceSize: unlimited
CompressedClassSpaceSize: 1.00 GB
Initial GC threshold: 21.00 MB
Current GC threshold: 63.06 MB
CDS: off
MetaspaceReclaimPolicy: balanced
 - commit_granule_bytes: 65536.
 - commit_granule_words: 8192.
 - virtual_space_node_default_size: 1048576.
 - enlarge_chunks_in_place: 1.
 - new_chunks_are_fully_committed: 0.
 - uncommit_free_chunks: 1.
 - use_allocation_guard: 0.
 - handle_deallocations: 1.


Internal statistics:

num_allocs_failed_limit: 6.
num_arena_births: 474.
num_arena_deaths: 134.
num_vsnodes_births: 6.
num_vsnodes_deaths: 0.
num_space_committed: 605.
num_space_uncommitted: 0.
num_chunks_returned_to_freelist: 156.
num_chunks_taken_from_freelist: 1611.
num_chunk_merges: 46.
num_chunk_splits: 1106.
num_chunks_enlarged: 842.
num_purges: 2.
num_inconsistent_stats: 0.

CodeCache: size=49152Kb used=6622Kb max_used=8268Kb free=42529Kb
 bounds [0x0000024d80000000, 0x0000024d80820000, 0x0000024d83000000]
 total_blobs=4075 nmethods=3538 adapters=464
 compilation: enabled
              stopped_count=0, restarted_count=0
 full_count=0

Compilation events (20 events):
Event: 660.177 Thread 0x0000024d87852180 3526       1       java.util.concurrent.ScheduledThreadPoolExecutor$DelayedWorkQueue::setIndex (16 bytes)
Event: 660.177 Thread 0x0000024d87852180 nmethod 3526 0x0000024d80254290 code [0x0000024d80254420, 0x0000024d80254538]
Event: 670.178 Thread 0x0000024d87852180 3527       1       java.util.concurrent.ScheduledThreadPoolExecutor$ScheduledFutureTask::getDelay (16 bytes)
Event: 670.178 Thread 0x0000024d87852180 nmethod 3527 0x0000024d80253f10 code [0x0000024d802540a0, 0x0000024d802541c8]
Event: 670.178 Thread 0x0000024d87852180 3528       1       java.util.concurrent.TimeUnit::convert (77 bytes)
Event: 670.178 Thread 0x0000024d87852180 nmethod 3528 0x0000024d80253910 code [0x0000024d80253b00, 0x0000024d80253d88]
Event: 674.375 Thread 0x0000024d87852180 3529       1       java.lang.invoke.LambdaForm$MH/0x000000010008bc00::invoke (148 bytes)
Event: 674.376 Thread 0x0000024d87852180 nmethod 3529 0x0000024d80252e90 code [0x0000024d802530c0, 0x0000024d802534c8]
Event: 843.744 Thread 0x0000024d87852180 3531       1       java.io.FileDescriptor$1::setHandle (6 bytes)
Event: 843.745 Thread 0x0000024d87852180 nmethod 3531 0x0000024d80252710 code [0x0000024d802528a0, 0x0000024d802529e8]
Event: 843.745 Thread 0x0000024d87852180 3532       1       java.io.FileDescriptor::setHandle (33 bytes)
Event: 843.745 Thread 0x0000024d87852180 nmethod 3532 0x0000024d80252390 code [0x0000024d80252520, 0x0000024d80252668]
Event: 843.745 Thread 0x0000024d87852180 3533       1       java.io.FileDescriptor$1::registerCleanup (5 bytes)
Event: 843.745 Thread 0x0000024d87852180 nmethod 3533 0x0000024d80252090 code [0x0000024d80252220, 0x0000024d80252308]
Event: 950.345 Thread 0x0000024d87852180 3536       1       java.util.concurrent.locks.LockSupport::parkNanos (29 bytes)
Event: 950.346 Thread 0x0000024d87852180 nmethod 3536 0x0000024d80251490 code [0x0000024d80251640, 0x0000024d80251828]
Event: 971.143 Thread 0x0000024d87852180 3537       1       org.springframework.ide.vscode.commons.languageserver.util.ParentProcessWatcher::isWindows (30 bytes)
Event: 971.144 Thread 0x0000024d87852180 nmethod 3537 0x0000024d80250c90 code [0x0000024d80250ec0, 0x0000024d80251248]
Event: 971.691 Thread 0x0000024d87852180 3538   !   1       com.google.common.io.Closeables::close (37 bytes)
Event: 971.720 Thread 0x0000024d87852180 nmethod 3538 0x0000024d80250510 code [0x0000024d80250700, 0x0000024d80250a38]

GC Heap History (20 events):
Event: 929.154 GC heap before
{Heap before GC invocations=91 (full 81):
 garbage-first heap   total 55296K, used 17248K [0x00000000c0000000, 0x0000000100000000)
  region size 1024K, 1 young (1024K), 0 survivors (0K)
 Metaspace       used 38192K, committed 38720K, reserved 1089536K
  class space    used 5038K, committed 5248K, reserved 1048576K
}
Event: 929.184 GC heap after
{Heap after GC invocations=92 (full 82):
 garbage-first heap   total 55296K, used 17248K [0x00000000c0000000, 0x0000000100000000)
  region size 1024K, 0 young (0K), 0 survivors (0K)
 Metaspace       used 38192K, committed 38720K, reserved 1089536K
  class space    used 5038K, committed 5248K, reserved 1048576K
}
Event: 939.695 GC heap before
{Heap before GC invocations=92 (full 82):
 garbage-first heap   total 55296K, used 17248K [0x00000000c0000000, 0x0000000100000000)
  region size 1024K, 1 young (1024K), 0 survivors (0K)
 Metaspace       used 38192K, committed 38720K, reserved 1089536K
  class space    used 5038K, committed 5248K, reserved 1048576K
}
Event: 939.736 GC heap after
{Heap after GC invocations=93 (full 83):
 garbage-first heap   total 55296K, used 17248K [0x00000000c0000000, 0x0000000100000000)
  region size 1024K, 0 young (0K), 0 survivors (0K)
 Metaspace       used 38192K, committed 38720K, reserved 1089536K
  class space    used 5038K, committed 5248K, reserved 1048576K
}
Event: 950.317 GC heap before
{Heap before GC invocations=93 (full 83):
 garbage-first heap   total 55296K, used 17248K [0x00000000c0000000, 0x0000000100000000)
  region size 1024K, 1 young (1024K), 0 survivors (0K)
 Metaspace       used 38192K, committed 38720K, reserved 1089536K
  class space    used 5038K, committed 5248K, reserved 1048576K
}
Event: 950.345 GC heap after
{Heap after GC invocations=94 (full 84):
 garbage-first heap   total 55296K, used 17248K [0x00000000c0000000, 0x0000000100000000)
  region size 1024K, 0 young (0K), 0 survivors (0K)
 Metaspace       used 38192K, committed 38720K, reserved 1089536K
  class space    used 5038K, committed 5248K, reserved 1048576K
}
Event: 961.094 GC heap before
{Heap before GC invocations=94 (full 84):
 garbage-first heap   total 55296K, used 17248K [0x00000000c0000000, 0x0000000100000000)
  region size 1024K, 1 young (1024K), 0 survivors (0K)
 Metaspace       used 38192K, committed 38720K, reserved 1089536K
  class space    used 5038K, committed 5248K, reserved 1048576K
}
Event: 961.138 GC heap after
{Heap after GC invocations=95 (full 85):
 garbage-first heap   total 55296K, used 17248K [0x00000000c0000000, 0x0000000100000000)
  region size 1024K, 0 young (0K), 0 survivors (0K)
 Metaspace       used 38192K, committed 38720K, reserved 1089536K
  class space    used 5038K, committed 5248K, reserved 1048576K
}
Event: 971.692 GC heap before
{Heap before GC invocations=95 (full 85):
 garbage-first heap   total 55296K, used 17248K [0x00000000c0000000, 0x0000000100000000)
  region size 1024K, 1 young (1024K), 0 survivors (0K)
 Metaspace       used 38192K, committed 38720K, reserved 1089536K
  class space    used 5038K, committed 5248K, reserved 1048576K
}
Event: 971.718 GC heap after
{Heap after GC invocations=96 (full 86):
 garbage-first heap   total 55296K, used 17248K [0x00000000c0000000, 0x0000000100000000)
  region size 1024K, 0 young (0K), 0 survivors (0K)
 Metaspace       used 38192K, committed 38720K, reserved 1089536K
  class space    used 5038K, committed 5248K, reserved 1048576K
}
Event: 982.179 GC heap before
{Heap before GC invocations=96 (full 86):
 garbage-first heap   total 55296K, used 17248K [0x00000000c0000000, 0x0000000100000000)
  region size 1024K, 1 young (1024K), 0 survivors (0K)
 Metaspace       used 38192K, committed 38720K, reserved 1089536K
  class space    used 5038K, committed 5248K, reserved 1048576K
}
Event: 982.207 GC heap after
{Heap after GC invocations=97 (full 87):
 garbage-first heap   total 55296K, used 17248K [0x00000000c0000000, 0x0000000100000000)
  region size 1024K, 0 young (0K), 0 survivors (0K)
 Metaspace       used 38192K, committed 38720K, reserved 1089536K
  class space    used 5038K, committed 5248K, reserved 1048576K
}
Event: 992.890 GC heap before
{Heap before GC invocations=97 (full 87):
 garbage-first heap   total 55296K, used 17248K [0x00000000c0000000, 0x0000000100000000)
  region size 1024K, 1 young (1024K), 0 survivors (0K)
 Metaspace       used 38192K, committed 38720K, reserved 1089536K
  class space    used 5038K, committed 5248K, reserved 1048576K
}
Event: 992.925 GC heap after
{Heap after GC invocations=98 (full 88):
 garbage-first heap   total 55296K, used 17248K [0x00000000c0000000, 0x0000000100000000)
  region size 1024K, 0 young (0K), 0 survivors (0K)
 Metaspace       used 38192K, committed 38720K, reserved 1089536K
  class space    used 5038K, committed 5248K, reserved 1048576K
}
Event: 1003.504 GC heap before
{Heap before GC invocations=98 (full 88):
 garbage-first heap   total 55296K, used 17248K [0x00000000c0000000, 0x0000000100000000)
  region size 1024K, 1 young (1024K), 0 survivors (0K)
 Metaspace       used 38192K, committed 38720K, reserved 1089536K
  class space    used 5038K, committed 5248K, reserved 1048576K
}
Event: 1003.529 GC heap after
{Heap after GC invocations=99 (full 89):
 garbage-first heap   total 55296K, used 17248K [0x00000000c0000000, 0x0000000100000000)
  region size 1024K, 0 young (0K), 0 survivors (0K)
 Metaspace       used 38192K, committed 38720K, reserved 1089536K
  class space    used 5038K, committed 5248K, reserved 1048576K
}
Event: 1014.060 GC heap before
{Heap before GC invocations=99 (full 89):
 garbage-first heap   total 55296K, used 17248K [0x00000000c0000000, 0x0000000100000000)
  region size 1024K, 1 young (1024K), 0 survivors (0K)
 Metaspace       used 38192K, committed 38720K, reserved 1089536K
  class space    used 5038K, committed 5248K, reserved 1048576K
}
Event: 1014.087 GC heap after
{Heap after GC invocations=100 (full 90):
 garbage-first heap   total 55296K, used 17248K [0x00000000c0000000, 0x0000000100000000)
  region size 1024K, 0 young (0K), 0 survivors (0K)
 Metaspace       used 38192K, committed 38720K, reserved 1089536K
  class space    used 5038K, committed 5248K, reserved 1048576K
}
Event: 1024.719 GC heap before
{Heap before GC invocations=100 (full 90):
 garbage-first heap   total 55296K, used 17248K [0x00000000c0000000, 0x0000000100000000)
  region size 1024K, 1 young (1024K), 0 survivors (0K)
 Metaspace       used 38192K, committed 38720K, reserved 1089536K
  class space    used 5038K, committed 5248K, reserved 1048576K
}
Event: 1024.751 GC heap after
{Heap after GC invocations=101 (full 91):
 garbage-first heap   total 55296K, used 17248K [0x00000000c0000000, 0x0000000100000000)
  region size 1024K, 0 young (0K), 0 survivors (0K)
 Metaspace       used 38192K, committed 38720K, reserved 1089536K
  class space    used 5038K, committed 5248K, reserved 1048576K
}

Dll operation events (8 events):
Event: 0.016 Loaded shared library c:\Users\mx02944\.vscode\extensions\redhat.java-1.15.0-win32-x64\jre\17.0.6-win32-x86_64\bin\java.dll
Event: 1.022 Loaded shared library C:\Users\mx02944\.vscode\extensions\redhat.java-1.15.0-win32-x64\jre\17.0.6-win32-x86_64\bin\net.dll
Event: 1.143 Loaded shared library C:\Users\mx02944\.vscode\extensions\redhat.java-1.15.0-win32-x64\jre\17.0.6-win32-x86_64\bin\nio.dll
Event: 2.024 Loaded shared library C:\Users\mx02944\.vscode\extensions\redhat.java-1.15.0-win32-x64\jre\17.0.6-win32-x86_64\bin\zip.dll
Event: 18.489 Loaded shared library C:\Users\mx02944\.vscode\extensions\redhat.java-1.15.0-win32-x64\jre\17.0.6-win32-x86_64\bin\jimage.dll
Event: 28.155 Loaded shared library c:\Users\mx02944\.vscode\extensions\redhat.java-1.15.0-win32-x64\jre\17.0.6-win32-x86_64\bin\verify.dll
Event: 30.501 Loaded shared library C:\Users\mx02944\.vscode\extensions\redhat.java-1.15.0-win32-x64\jre\17.0.6-win32-x86_64\bin\management.dll
Event: 30.537 Loaded shared library C:\Users\mx02944\.vscode\extensions\redhat.java-1.15.0-win32-x64\jre\17.0.6-win32-x86_64\bin\management_ext.dll

Deoptimization events (8 events):
Event: 23.439 Thread 0x0000024dfc1bac80 DEOPT PACKING pc=0x0000024d80609419 sp=0x000000f6310fd8a0
Event: 23.439 Thread 0x0000024dfc1bac80 DEOPT UNPACKING pc=0x0000024d8005ace3 sp=0x000000f6310fcd80 mode 3
Event: 31.196 Thread 0x0000024d8923f950 DEOPT PACKING pc=0x0000024d80807d35 sp=0x000000f6330fd860
Event: 31.197 Thread 0x0000024d8923f950 DEOPT UNPACKING pc=0x0000024d8005ace3 sp=0x000000f6330fcd88 mode 3
Event: 31.267 Thread 0x0000024d88e80c20 DEOPT PACKING pc=0x0000024d805b4d01 sp=0x000000f632ffe040
Event: 31.267 Thread 0x0000024d88e80c20 DEOPT UNPACKING pc=0x0000024d8005ace3 sp=0x000000f632ffd4d0 mode 3
Event: 31.269 Thread 0x0000024d89249d50 DEOPT PACKING pc=0x0000024d80592597 sp=0x000000f6331ff230
Event: 31.269 Thread 0x0000024d89249d50 DEOPT UNPACKING pc=0x0000024d8005ace3 sp=0x000000f6331fe688 mode 3

Classes unloaded (20 events):
Event: 81.964 Thread 0x0000024dfffc3e10 Unloading class 0x0000000100225c00 'java/lang/invoke/LambdaForm$MH+0x0000000100225c00'
Event: 81.964 Thread 0x0000024dfffc3e10 Unloading class 0x0000000100211800 'java/lang/invoke/LambdaForm$DMH+0x0000000100211800'
Event: 81.964 Thread 0x0000024dfffc3e10 Unloading class 0x0000000100092000 'java/lang/invoke/LambdaForm$MH+0x0000000100092000'
Event: 81.964 Thread 0x0000024dfffc3e10 Unloading class 0x0000000100091c00 'java/lang/invoke/LambdaForm$MH+0x0000000100091c00'
Event: 81.964 Thread 0x0000024dfffc3e10 Unloading class 0x0000000100091800 'java/lang/invoke/LambdaForm$MH+0x0000000100091800'
Event: 81.964 Thread 0x0000024dfffc3e10 Unloading class 0x0000000100091400 'java/lang/invoke/LambdaForm$MH+0x0000000100091400'
Event: 81.964 Thread 0x0000024dfffc3e10 Unloading class 0x0000000100091000 'java/lang/invoke/LambdaForm$MH+0x0000000100091000'
Event: 81.964 Thread 0x0000024dfffc3e10 Unloading class 0x0000000100090c00 'java/lang/invoke/LambdaForm$MH+0x0000000100090c00'
Event: 81.964 Thread 0x0000024dfffc3e10 Unloading class 0x0000000100090800 'java/lang/invoke/LambdaForm$MH+0x0000000100090800'
Event: 81.964 Thread 0x0000024dfffc3e10 Unloading class 0x0000000100090400 'java/lang/invoke/LambdaForm$MH+0x0000000100090400'
Event: 81.964 Thread 0x0000024dfffc3e10 Unloading class 0x000000010008b800 'java/lang/invoke/LambdaForm$MH+0x000000010008b800'
Event: 81.964 Thread 0x0000024dfffc3e10 Unloading class 0x000000010008b400 'java/lang/invoke/LambdaForm$MH+0x000000010008b400'
Event: 81.964 Thread 0x0000024dfffc3e10 Unloading class 0x000000010008b000 'java/lang/invoke/LambdaForm$MH+0x000000010008b000'
Event: 81.964 Thread 0x0000024dfffc3e10 Unloading class 0x000000010008ac00 'java/lang/invoke/LambdaForm$MH+0x000000010008ac00'
Event: 81.964 Thread 0x0000024dfffc3e10 Unloading class 0x000000010008a800 'java/lang/invoke/LambdaForm$MH+0x000000010008a800'
Event: 81.964 Thread 0x0000024dfffc3e10 Unloading class 0x000000010008a400 'java/lang/invoke/LambdaForm$MH+0x000000010008a400'
Event: 81.964 Thread 0x0000024dfffc3e10 Unloading class 0x0000000100089c00 'java/lang/invoke/LambdaForm$MH+0x0000000100089c00'
Event: 81.964 Thread 0x0000024dfffc3e10 Unloading class 0x0000000100089400 'java/lang/invoke/LambdaForm$MH+0x0000000100089400'
Event: 81.964 Thread 0x0000024dfffc3e10 Unloading class 0x0000000100088c00 'java/lang/invoke/LambdaForm$MH+0x0000000100088c00'
Event: 81.964 Thread 0x0000024dfffc3e10 Unloading class 0x0000000100088400 'java/lang/invoke/LambdaForm$MH+0x0000000100088400'

Classes redefined (0 events):
No events

Internal exceptions (20 events):
Event: 25.884 Thread 0x0000024dfc1bac80 Exception <a 'java/lang/NoSuchMethodError'{0x00000000c24bb780}: 'java.lang.Object java.lang.invoke.DelegatingMethodHandle$Holder.delegate(java.lang.Object, int, java.lang.Object, java.lang.Object)'> (0x00000000c24bb780) 
thrown [s\src\hotspot\share\interpreter\linkResolver.cpp, line 759]
Event: 25.887 Thread 0x0000024dfc1bac80 Exception <a 'java/lang/NoSuchMethodError'{0x00000000c24cc608}: 'int java.lang.invoke.Invokers$Holder.linkToTargetMethod(java.lang.Object, java.lang.Object, java.lang.Object)'> (0x00000000c24cc608) 
thrown [s\src\hotspot\share\interpreter\linkResolver.cpp, line 759]
Event: 26.080 Thread 0x0000024dfc1bac80 Exception <a 'java/lang/NoSuchMethodError'{0x00000000cdf543f8}: 'void java.lang.invoke.DirectMethodHandle$Holder.invokeSpecial(java.lang.Object, java.lang.Object, java.lang.Object, java.lang.Object, java.lang.Object, java.lang.Object)'> (0x00000000cdf543f8) 
thrown [s\src\hotspot\share\interpreter\linkResolver.cpp, line 759]
Event: 26.176 Thread 0x0000024dfc1bac80 Exception <a 'java/lang/NoSuchMethodError'{0x00000000cdef8580}: 'java.lang.Object java.lang.invoke.DirectMethodHandle$Holder.invokeStaticInit(java.lang.Object, int, int, int, int)'> (0x00000000cdef8580) 
thrown [s\src\hotspot\share\interpreter\linkResolver.cpp, line 759]
Event: 26.306 Thread 0x0000024dfc1bac80 Exception <a 'java/lang/NoSuchMethodError'{0x00000000cdd2dfa8}: 'java.lang.Object java.lang.invoke.DirectMethodHandle$Holder.invokeStaticInit(java.lang.Object, java.lang.Object, int, int, int, int)'> (0x00000000cdd2dfa8) 
thrown [s\src\hotspot\share\interpreter\linkResolver.cpp, line 759]
Event: 26.821 Thread 0x0000024dfc1bac80 Exception <a 'java/lang/NoSuchMethodError'{0x00000000c2abc068}: 'void java.lang.invoke.DirectMethodHandle$Holder.invokeSpecialIFC(java.lang.Object, java.lang.Object, java.lang.Object)'> (0x00000000c2abc068) 
thrown [s\src\hotspot\share\interpreter\linkResolver.cpp, line 759]
Event: 28.876 Thread 0x0000024dfc1bac80 Exception <a 'java/lang/NoSuchMethodError'{0x00000000c2ce9430}: 'void java.lang.invoke.DirectMethodHandle$Holder.invokeSpecial(java.lang.Object, java.lang.Object, java.lang.Object, java.lang.Object, java.lang.Object, java.lang.Object, java.lang.Object)'> (0x00000000c2ce9430) 
thrown [s\src\hotspot\share\interpreter\linkResolver.cpp, line 759]
Event: 28.877 Thread 0x0000024dfc1bac80 Exception <a 'java/lang/NoSuchMethodError'{0x00000000c2cf3c78}: 'java.lang.Object java.lang.invoke.DirectMethodHandle$Holder.newInvokeSpecial(java.lang.Object, java.lang.Object, java.lang.Object, java.lang.Object, java.lang.Object, java.lang.Object)'> (0x00000000c2cf3c78) 
thrown [s\src\hotspot\share\interpreter\linkResolver.cpp, line 759]
Event: 29.848 Thread 0x0000024dfc1bac80 Exception <a 'java/lang/NoSuchMethodError'{0x00000000c28d9588}: 'java.lang.Object java.lang.invoke.DirectMethodHandle$Holder.invokeInterface(java.lang.Object, java.lang.Object, int)'> (0x00000000c28d9588) 
thrown [s\src\hotspot\share\interpreter\linkResolver.cpp, line 759]
Event: 29.851 Thread 0x0000024dfc1bac80 Exception <a 'java/lang/IncompatibleClassChangeError'{0x00000000c28ec688}: Found class java.lang.Object, but interface was expected> (0x00000000c28ec688) 
thrown [s\src\hotspot\share\interpreter\linkResolver.cpp, line 826]
Event: 30.448 Thread 0x0000024dfc1bac80 Exception <a 'java/lang/NoSuchMethodError'{0x00000000ce0c9e60}: 'java.lang.Object java.lang.invoke.DirectMethodHandle$Holder.newInvokeSpecial(java.lang.Object, java.lang.Object, int, java.lang.Object, java.lang.Object)'> (0x00000000ce0c9e60) 
thrown [s\src\hotspot\share\interpreter\linkResolver.cpp, line 759]
Event: 30.450 Thread 0x0000024dfc1bac80 Exception <a 'java/lang/NoSuchMethodError'{0x00000000ce0dc1c8}: 'java.lang.Object java.lang.invoke.DirectMethodHandle$Holder.invokeSpecial(java.lang.Object, java.lang.Object, int, java.lang.Object, int, java.lang.Object)'> (0x00000000ce0dc1c8) 
thrown [s\src\hotspot\share\interpreter\linkResolver.cpp, line 759]
Event: 30.451 Thread 0x0000024dfc1bac80 Exception <a 'java/lang/NoSuchMethodError'{0x00000000ce0e3fd0}: 'java.lang.Object java.lang.invoke.DirectMethodHandle$Holder.newInvokeSpecial(java.lang.Object, java.lang.Object, int, java.lang.Object, int)'> (0x00000000ce0e3fd0) 
thrown [s\src\hotspot\share\interpreter\linkResolver.cpp, line 759]
Event: 30.451 Thread 0x0000024dfc1bac80 Exception <a 'java/lang/NoSuchMethodError'{0x00000000ce0e80d0}: 'java.lang.Object java.lang.invoke.DirectMethodHandle$Holder.invokeSpecial(java.lang.Object, java.lang.Object, java.lang.Object, int, java.lang.Object, int)'> (0x00000000ce0e80d0) 
thrown [s\src\hotspot\share\interpreter\linkResolver.cpp, line 759]
Event: 31.180 Thread 0x0000024d88e80c20 Exception <a 'java/lang/NoSuchMethodError'{0x00000000c2a43d48}: 'java.lang.Object java.lang.invoke.DirectMethodHandle$Holder.invokeStatic(java.lang.Object, java.lang.Object, java.lang.Object, int, java.lang.Object, java.lang.Object)'> (0x00000000c2a43d48) 
thrown [s\src\hotspot\share\interpreter\linkResolver.cpp, line 759]
Event: 31.189 Thread 0x0000024d8923f950 Exception <a 'java/lang/NoSuchMethodError'{0x00000000c2a6dd38}: 'java.lang.Object java.lang.invoke.DirectMethodHandle$Holder.invokeStatic(java.lang.Object, int, java.lang.Object)'> (0x00000000c2a6dd38) 
thrown [s\src\hotspot\share\interpreter\linkResolver.cpp, line 759]
Event: 31.913 Thread 0x0000024d891b3a00 Exception <a 'java/lang/NoSuchMethodError'{0x00000000c25f3618}: 'int java.lang.invoke.DirectMethodHandle$Holder.invokeStatic(java.lang.Object)'> (0x00000000c25f3618) 
thrown [s\src\hotspot\share\interpreter\linkResolver.cpp, line 759]
Event: 31.914 Thread 0x0000024d891b3a00 Exception <a 'java/lang/NoSuchMethodError'{0x00000000c25f6a18}: 'int java.lang.invoke.DirectMethodHandle$Holder.invokeStaticInit(java.lang.Object)'> (0x00000000c25f6a18) 
thrown [s\src\hotspot\share\interpreter\linkResolver.cpp, line 759]
Event: 70.647 Thread 0x0000024d88939440 Exception <a 'java/lang/NoSuchMethodError'{0x00000000c2443fc8}: 'void java.lang.invoke.DirectMethodHandle$Holder.invokeStatic(java.lang.Object, long)'> (0x00000000c2443fc8) 
thrown [s\src\hotspot\share\interpreter\linkResolver.cpp, line 759]
Event: 70.648 Thread 0x0000024d88939440 Exception <a 'java/lang/NoSuchMethodError'{0x00000000c2449370}: 'java.lang.Object java.lang.invoke.DirectMethodHandle$Holder.newInvokeSpecial(java.lang.Object, long)'> (0x00000000c2449370) 
thrown [s\src\hotspot\share\interpreter\linkResolver.cpp, line 759]

VM Operations (20 events):
Event: 929.185 Executing VM operation: G1CollectFull done
Event: 939.695 Executing VM operation: G1CollectFull
Event: 939.736 Executing VM operation: G1CollectFull done
Event: 950.317 Executing VM operation: G1CollectFull
Event: 950.345 Executing VM operation: G1CollectFull done
Event: 961.094 Executing VM operation: G1CollectFull
Event: 961.139 Executing VM operation: G1CollectFull done
Event: 971.691 Executing VM operation: G1CollectFull
Event: 971.718 Executing VM operation: G1CollectFull done
Event: 982.179 Executing VM operation: G1CollectFull
Event: 982.207 Executing VM operation: G1CollectFull done
Event: 992.890 Executing VM operation: G1CollectFull
Event: 992.925 Executing VM operation: G1CollectFull done
Event: 1003.504 Executing VM operation: G1CollectFull
Event: 1003.529 Executing VM operation: G1CollectFull done
Event: 1014.060 Executing VM operation: G1CollectFull
Event: 1014.087 Executing VM operation: G1CollectFull done
Event: 1024.718 Executing VM operation: G1CollectFull
Event: 1024.752 Executing VM operation: G1CollectFull done
Event: 1035.458 Executing VM operation: G1CollectFull

Events (20 events):
Event: 31.917 loading class java/util/concurrent/atomic/AtomicLongFieldUpdater$CASUpdater done
Event: 31.917 loading class java/util/concurrent/atomic/AtomicLongFieldUpdater$CASUpdater$1
Event: 31.917 loading class java/util/concurrent/atomic/AtomicLongFieldUpdater$CASUpdater$1 done
Event: 32.424 Thread 0x0000024d87ed1ed0 Thread exited: 0x0000024d87ed1ed0
Event: 37.449 Thread 0x0000024d88741840 Thread exited: 0x0000024d88741840
Event: 42.460 Thread 0x0000024d87a18ec0 Thread exited: 0x0000024d87a18ec0
Event: 70.426 loading class java/lang/ProcessBuilder
Event: 70.427 loading class java/lang/ProcessBuilder done
Event: 70.427 loading class java/lang/ProcessImpl
Event: 70.427 loading class java/lang/ProcessImpl done
Event: 70.648 loading class java/lang/ProcessImpl$2
Event: 70.648 loading class java/lang/ProcessImpl$2 done
Event: 70.649 loading class java/lang/Process$PipeInputStream
Event: 70.649 loading class java/lang/Process$PipeInputStream done
Event: 70.650 loading class jdk/internal/event/ProcessStartEvent
Event: 70.651 loading class jdk/internal/event/ProcessStartEvent done
Event: 71.347 loading class java/io/FileOutputStream$1
Event: 71.348 loading class java/io/FileOutputStream$1 done
Event: 91.292 Thread 0x0000024d891b5bb0 Thread exited: 0x0000024d891b5bb0
Event: 92.435 Thread 0x0000024d891b56e0 Thread exited: 0x0000024d891b56e0


Dynamic libraries:
0x00007ff76cef0000 - 0x00007ff76cefe000 	c:\Users\mx02944\.vscode\extensions\redhat.java-1.15.0-win32-x64\jre\17.0.6-win32-x86_64\bin\java.exe
0x00007fff34980000 - 0x00007fff34b70000 	C:\Windows\SYSTEM32\ntdll.dll
0x00007fff33bd0000 - 0x00007fff33c82000 	C:\Windows\System32\KERNEL32.DLL
0x00007fff31c50000 - 0x00007fff31ef3000 	C:\Windows\System32\KERNELBASE.dll
0x00007fff32050000 - 0x00007fff3214a000 	C:\Windows\System32\ucrtbase.dll
0x00007fff27ed0000 - 0x00007fff27ee7000 	c:\Users\mx02944\.vscode\extensions\redhat.java-1.15.0-win32-x64\jre\17.0.6-win32-x86_64\bin\jli.dll
0x00007fff27eb0000 - 0x00007fff27ec9000 	c:\Users\mx02944\.vscode\extensions\redhat.java-1.15.0-win32-x64\jre\17.0.6-win32-x86_64\bin\VCRUNTIME140.dll
0x00007fff33910000 - 0x00007fff33aa4000 	C:\Windows\System32\USER32.dll
0x00007fff31ba0000 - 0x00007fff31bc1000 	C:\Windows\System32\win32u.dll
0x00007fff32b00000 - 0x00007fff32b26000 	C:\Windows\System32\GDI32.dll
0x00007fff1af80000 - 0x00007fff1b205000 	C:\Windows\WinSxS\amd64_microsoft.windows.common-controls_6595b64144ccf1df_6.0.18362.720_none_e6beb5c51314836b\COMCTL32.dll
0x00007fff319e0000 - 0x00007fff31b74000 	C:\Windows\System32\gdi32full.dll
0x00007fff33e00000 - 0x00007fff33e9e000 	C:\Windows\System32\msvcrt.dll
0x00007fff31940000 - 0x00007fff319de000 	C:\Windows\System32\msvcp_win.dll
0x00007fff34470000 - 0x00007fff347a6000 	C:\Windows\System32\combase.dll
0x00007fff33ab0000 - 0x00007fff33bd0000 	C:\Windows\System32\RPCRT4.dll
0x00007fff31bd0000 - 0x00007fff31c50000 	C:\Windows\System32\bcryptPrimitives.dll
0x00007fff33f50000 - 0x00007fff33f7e000 	C:\Windows\System32\IMM32.DLL
0x00007fff27dd0000 - 0x00007fff27ddc000 	c:\Users\mx02944\.vscode\extensions\redhat.java-1.15.0-win32-x64\jre\17.0.6-win32-x86_64\bin\vcruntime140_1.dll
0x00007fff264b0000 - 0x00007fff26541000 	c:\Users\mx02944\.vscode\extensions\redhat.java-1.15.0-win32-x64\jre\17.0.6-win32-x86_64\bin\msvcp140.dll
0x00007ffea7210000 - 0x00007ffea7e57000 	c:\Users\mx02944\.vscode\extensions\redhat.java-1.15.0-win32-x64\jre\17.0.6-win32-x86_64\bin\server\jvm.dll
0x00007fff32b90000 - 0x00007fff32c33000 	C:\Windows\System32\ADVAPI32.dll
0x00007fff347b0000 - 0x00007fff34847000 	C:\Windows\System32\sechost.dll
0x00007fff0d660000 - 0x00007fff0d669000 	C:\Windows\SYSTEM32\WSOCK32.dll
0x00007fff33790000 - 0x00007fff337ff000 	C:\Windows\System32\WS2_32.dll
0x00007fff1a9e0000 - 0x00007fff1aa04000 	C:\Windows\SYSTEM32\WINMM.dll
0x00007fff2b5b0000 - 0x00007fff2b5ba000 	C:\Windows\SYSTEM32\VERSION.dll
0x00007fff207d0000 - 0x00007fff207fd000 	C:\Windows\SYSTEM32\winmmbase.dll
0x00007fff32150000 - 0x00007fff3219a000 	C:\Windows\System32\cfgmgr32.dll
0x00007fff31870000 - 0x00007fff31881000 	C:\Windows\System32\kernel.appcore.dll
0x00007fff27dc0000 - 0x00007fff27dca000 	c:\Users\mx02944\.vscode\extensions\redhat.java-1.15.0-win32-x64\jre\17.0.6-win32-x86_64\bin\jimage.dll
0x00007fff2fd70000 - 0x00007fff2ff64000 	C:\Windows\SYSTEM32\DBGHELP.DLL
0x00007fff1b480000 - 0x00007fff1b4aa000 	C:\Windows\SYSTEM32\dbgcore.DLL
0x00007fff26250000 - 0x00007fff26275000 	c:\Users\mx02944\.vscode\extensions\redhat.java-1.15.0-win32-x64\jre\17.0.6-win32-x86_64\bin\java.dll
0x00007fff26490000 - 0x00007fff264a8000 	c:\Users\mx02944\.vscode\extensions\redhat.java-1.15.0-win32-x64\jre\17.0.6-win32-x86_64\bin\zip.dll
0x00007fff32e00000 - 0x00007fff334e5000 	C:\Windows\System32\SHELL32.dll
0x00007fff33800000 - 0x00007fff338a9000 	C:\Windows\System32\shcore.dll
0x00007fff32200000 - 0x00007fff32980000 	C:\Windows\System32\windows.storage.dll
0x00007fff31890000 - 0x00007fff318b3000 	C:\Windows\System32\profapi.dll
0x00007fff318c0000 - 0x00007fff3190a000 	C:\Windows\System32\powrprof.dll
0x00007fff31840000 - 0x00007fff31850000 	C:\Windows\System32\UMPDC.dll
0x00007fff338b0000 - 0x00007fff33902000 	C:\Windows\System32\shlwapi.dll
0x00007fff31b80000 - 0x00007fff31b97000 	C:\Windows\System32\cryptsp.dll
0x00007fff26400000 - 0x00007fff26419000 	C:\Users\mx02944\.vscode\extensions\redhat.java-1.15.0-win32-x64\jre\17.0.6-win32-x86_64\bin\net.dll
0x00007fff29810000 - 0x00007fff29901000 	C:\Windows\SYSTEM32\WINHTTP.dll
0x00007fff31000000 - 0x00007fff31067000 	C:\Windows\system32\mswsock.dll
0x00007fff263e0000 - 0x00007fff263f5000 	C:\Users\mx02944\.vscode\extensions\redhat.java-1.15.0-win32-x64\jre\17.0.6-win32-x86_64\bin\nio.dll
0x00007fff30910000 - 0x00007fff30943000 	C:\Windows\system32\rsaenh.dll
0x00007fff31910000 - 0x00007fff31936000 	C:\Windows\System32\bcrypt.dll
0x00007fff31760000 - 0x00007fff31785000 	C:\Windows\SYSTEM32\USERENV.dll
0x00007fff31180000 - 0x00007fff3118c000 	C:\Windows\SYSTEM32\CRYPTBASE.dll
0x00007fff30d20000 - 0x00007fff30d5a000 	C:\Windows\SYSTEM32\IPHLPAPI.DLL
0x00007fff32df0000 - 0x00007fff32df8000 	C:\Windows\System32\NSI.dll
0x00007fff2c390000 - 0x00007fff2c3a6000 	C:\Windows\SYSTEM32\dhcpcsvc6.DLL
0x00007fff2c2e0000 - 0x00007fff2c2fc000 	C:\Windows\SYSTEM32\dhcpcsvc.DLL
0x00007fff30d60000 - 0x00007fff30e2a000 	C:\Windows\SYSTEM32\DNSAPI.dll
0x00007fff27d50000 - 0x00007fff27d60000 	c:\Users\mx02944\.vscode\extensions\redhat.java-1.15.0-win32-x64\jre\17.0.6-win32-x86_64\bin\verify.dll
0x00007fff27f20000 - 0x00007fff27f29000 	C:\Users\mx02944\.vscode\extensions\redhat.java-1.15.0-win32-x64\jre\17.0.6-win32-x86_64\bin\management.dll
0x00007fff25d70000 - 0x00007fff25d7b000 	C:\Users\mx02944\.vscode\extensions\redhat.java-1.15.0-win32-x64\jre\17.0.6-win32-x86_64\bin\management_ext.dll
0x00007fff33550000 - 0x00007fff33558000 	C:\Windows\System32\PSAPI.DLL

dbghelp: loaded successfully - version: 4.0.5 - missing functions: none
symbol engine: initialized successfully - sym options: 0x614 - pdb path: .;c:\Users\mx02944\.vscode\extensions\redhat.java-1.15.0-win32-x64\jre\17.0.6-win32-x86_64\bin;C:\Windows\SYSTEM32;C:\Windows\WinSxS\amd64_microsoft.windows.common-controls_6595b64144ccf1df_6.0.18362.720_none_e6beb5c51314836b;c:\Users\mx02944\.vscode\extensions\redhat.java-1.15.0-win32-x64\jre\17.0.6-win32-x86_64\bin\server

VM Arguments:
jvm_args: -XX:+HeapDumpOnOutOfMemoryError -Xmx1024m -Dsts.lsp.client=vscode -Dsts.log.file=/dev/null -XX:TieredStopAtLevel=1 -Xlog:jni+resolve=off -Dspring.config.location=file:c:\Users\mx02944\.vscode\extensions\vmware.vscode-spring-boot-1.49.0\language-server\BOOT-INF\classes\application.properties 
java_command: org.springframework.ide.vscode.boot.app.BootLanguageServerBootApp
java_class_path (initial): c:\Users\mx02944\.vscode\extensions\vmware.vscode-spring-boot-1.49.0\language-server\BOOT-INF\classes;c:\Users\mx02944\.vscode\extensions\vmware.vscode-spring-boot-1.49.0\language-server\BOOT-INF\lib\annotations-24.0.1.jar;c:\Users\mx02944\.vscode\extensions\vmware.vscode-spring-boot-1.49.0\language-server\BOOT-INF\lib\antlr-runtime-3.5.3.jar;c:\Users\mx02944\.vscode\extensions\vmware.vscode-spring-boot-1.49.0\language-server\BOOT-INF\lib\antlr4-4.11.1.jar;c:\Users\mx02944\.vscode\extensions\vmware.vscode-spring-boot-1.49.0\language-server\BOOT-INF\lib\antlr4-runtime-4.11.1.jar;c:\Users\mx02944\.vscode\extensions\vmware.vscode-spring-boot-1.49.0\language-server\BOOT-INF\lib\archunit-1.1.0.jar;c:\Users\mx02944\.vscode\extensions\vmware.vscode-spring-boot-1.49.0\language-server\BOOT-INF\lib\asm-9.5.jar;c:\Users\mx02944\.vscode\extensions\vmware.vscode-spring-boot-1.49.0\language-server\BOOT-INF\lib\asm-analysis-9.5.jar;c:\Users\mx02944\.vscode\extensions\vmware.vscode-spring-boot-1.49.0\language-server\BOOT-INF\lib\asm-tree-9.5.jar;c:\Users\mx02944\.vscode\extensions\vmware.vscode-spring-boot-1.49.0\language-server\BOOT-INF\lib\asm-util-9.5.jar;c:\Users\mx02944\.vscode\extensions\vmware.vscode-spring-boot-1.49.0\language-server\BOOT-INF\lib\bosh-language-server-1.49.0-SNAPSHOT.jar;c:\Users\mx02944\.vscode\extensions\vmware.vscode-spring-boot-1.49.0\language-server\BOOT-INF\lib\caffeine-3.1.6.jar;c:\Users\mx02944\.vscode\extensions\vmware.vscode-spring-boot-1.49.0\language-server\BOOT-INF\lib\checker-qual-3.12.0.jar;c:\Users\mx02944\.vscode\extensions\vmware.vscode-spring-boot-1.49.0\language-server\BOOT-INF\lib\classgraph-4.8.149.jar;c:\Users\mx02944\.vscode\extensions\vmware.vscode-spring-boot-1.49.0\language-server\BOOT-INF\lib\commons-codec-1.15.jar;c:\Users\mx02944\.vscode\extensions\vmware.vscode-spring-boot-1.49.0\language-server\BOOT-INF\lib\commons-compress-1.23.0.jar;c:\Users\mx02944\.vscode\extensions\vmware.vscode-spring-boot-1.
Launcher Type: SUN_STANDARD

[Global flags]
     intx CICompilerCount                          = 4                                         {product} {ergonomic}
     uint ConcGCThreads                            = 2                                         {product} {ergonomic}
     uint G1ConcRefinementThreads                  = 8                                         {product} {ergonomic}
   size_t G1HeapRegionSize                         = 1048576                                   {product} {ergonomic}
    uintx GCDrainStackTargetSize                   = 64                                        {product} {ergonomic}
     bool HeapDumpOnOutOfMemoryError               = true                                   {manageable} {command line}
   size_t InitialHeapSize                          = 266338304                                 {product} {ergonomic}
   size_t MarkStackSize                            = 4194304                                   {product} {ergonomic}
   size_t MaxHeapSize                              = 1073741824                                {product} {command line}
   size_t MaxNewSize                               = 643825664                                 {product} {ergonomic}
   size_t MinHeapDeltaBytes                        = 1048576                                   {product} {ergonomic}
   size_t MinHeapSize                              = 8388608                                   {product} {ergonomic}
    uintx NonProfiledCodeHeapSize                  = 0                                      {pd product} {ergonomic}
     bool ProfileInterpreter                       = false                                  {pd product} {command line}
    uintx ProfiledCodeHeapSize                     = 0                                      {pd product} {ergonomic}
   size_t SoftMaxHeapSize                          = 1073741824                             {manageable} {ergonomic}
     intx TieredStopAtLevel                        = 1                                         {product} {command line}
     bool UseCompressedClassPointers               = true                           {product lp64_product} {ergonomic}
     bool UseCompressedOops                        = true                           {product lp64_product} {ergonomic}
     bool UseG1GC                                  = true                                      {product} {ergonomic}
     bool UseLargePagesIndividualAllocation        = false                                  {pd product} {ergonomic}

Logging:
Log output configuration:
 #0: stdout all=warning,jni+resolve=off uptime,level,tags
 #1: stderr all=off uptime,level,tags

Environment Variables:
JAVA_HOME=C:\Program Files\Java\jdk-16.0.1
CLASSPATH=.;C:\Program Files\Java\jdk-16.0.1\bin;
PATH=C:\Program Files\Microsoft\jdk-11.0.12.7-hotspot\bin;C:\Program Files\Common Files\Oracle\Java\javapath;C:\Program Files (x86)\Common Files\Oracle\Java\javapath;C:\Program Files\Microsoft MPI\Bin\;C:\Program Files (x86)\RSA SecurID Token Common;C:\Program Files\RSA SecurID Token Common;C:\oracle\bin;C:\Windows\system32;C:\Windows;C:\Windows\System32\Wbem;C:\Windows\System32\WindowsPowerShell\v1.0\;C:\Windows\System32\OpenSSH\;C:\Program Files\dotnet\;C:\Program Files\Microsoft SQL Server\Client SDK\ODBC\170\Tools\Binn\;C:\Program Files\Microsoft SQL Server\Client SDK\ODBC\130\Tools\Binn\;C:\Program Files\PuTTY\;C:\Program Files (x86)\Microsoft SQL Server\140\Tools\Binn\;C:\Program Files\Microsoft SQL Server\140\Tools\Binn\;C:\Program Files (x86)\Microsoft SQL Server\140\DTS\Binn\;C:\Program Files\Microsoft SQL Server\140\DTS\Binn\;C:\Program Files (x86)\Microsoft SQL Server\150\DTS\Binn\;C:\Program Files\Git\cmd;C:\Program Files\nodejs\;C:\Program Files\Java\jdk-16.0.1\bin;C:\Program Files\Java\jdk-14.0.2\bin;C:\Program Files\Java\jdk-16.0.1\bin;C:\Program Files\Microsoft SQL Server\130\Tools\Binn\;C:\Program Files\Microsoft SQL Server\150\Tools\Binn\;C:\Users\mx02944\AppData\Local\Microsoft\WindowsApps;C:\Users\mx02944\AppData\Local\Programs\Microsoft VS Code\bin;C:\Users\mx02944\AppData\Roaming\npm;C:\Program Files\JetBrains\IntelliJ IDEA 2021.3.2\bin;;C:\jdk-17.0.1\bin;C:\Users\mx02944\.dotnet\tools;C:\Users\mx02944\.dotnet\tools
USERNAME=MX02944
OS=Windows_NT
PROCESSOR_IDENTIFIER=Intel64 Family 6 Model 126 Stepping 5, GenuineIntel
TMP=C:\Users\mx02944\AppData\Local\Temp
TEMP=C:\Users\mx02944\AppData\Local\Temp



---------------  S Y S T E M  ---------------

OS:
 Windows 10 , 64 bit Build 18362 (10.0.18362.329)
OS uptime: 9 days 0:33 hours
Hyper-V role detected

CPU: total 8 (initial active 8) (4 cores per cpu, 2 threads per core) family 6 model 126 stepping 5 microcode 0x48, cx8, cmov, fxsr, ht, mmx, 3dnowpref, sse, sse2, sse3, ssse3, sse4.1, sse4.2, popcnt, lzcnt, tsc, tscinvbit, avx, avx2, aes, erms, clmul, bmi1, bmi2, adx, avx512f, avx512dq, avx512cd, avx512bw, avx512vl, sha, fma, vzeroupper, avx512_vpopcntdq, avx512_vpclmulqdq, avx512_vaes, avx512_vnni, clflush, clflushopt, avx512_vbmi2, avx512_vbmi, hv

Memory: 4k page, system-wide physical 16151M (848M free)
TotalPageFile size 34716M (AvailPageFile size 9M)
current process WorkingSet (physical memory assigned to process): 144M, peak: 145M
current process commit charge ("private bytes"): 188M, peak: 364M

vm_info: OpenJDK 64-Bit Server VM (17.0.6+10) for windows-amd64 JRE (17.0.6+10), built on Jan 18 2023 10:08:59 by "temurin" with MS VC++ 16.7 (VS2019)

END.
