#
# There is insufficient memory for the Java Runtime Environment to continue.
# Native memory allocation (malloc) failed to allocate 2097152 bytes for AllocateHeap
# Possible reasons:
#   The system is out of physical RAM or swap space
#   The process is running with CompressedOops enabled, and the Java Heap may be blocking the growth of the native heap
# Possible solutions:
#   Reduce memory load on the system
#   Increase physical memory or swap space
#   Check if swap backing store is full
#   Decrease Java heap size (-Xmx/-Xms)
#   Decrease number of Java threads
#   Decrease Java thread stack sizes (-Xss)
#   Set larger code cache with -XX:ReservedCodeCacheSize=
#   JVM is running with Unscaled Compressed Oops mode in which the Java heap is
#     placed in the first 4GB address space. The Java Heap base address is the
#     maximum limit for the native heap growth. Please use -XX:HeapBaseMinAddress
#     to set the Java Heap base and to place the Java Heap above 4GB virtual address.
# This output file may be truncated or incomplete.
#
#  Out of Memory Error (allocation.cpp:44), pid=22656, tid=22748
#
# JRE version: OpenJDK Runtime Environment Temurin-17.0.6+10 (17.0.6+10) (build 17.0.6+10)
# Java VM: OpenJDK 64-Bit Server VM Temurin-17.0.6+10 (17.0.6+10, mixed mode, emulated-client, tiered, compressed oops, compressed class ptrs, g1 gc, windows-amd64)
# No core dump will be written. Minidumps are not enabled by default on client versions of Windows
#

---------------  S U M M A R Y ------------

Command Line: -XX:+HeapDumpOnOutOfMemoryError -Xmx1024m -Dsts.lsp.client=vscode -Dsts.log.file=/dev/null -XX:TieredStopAtLevel=1 -Xlog:jni+resolve=off -Dspring.config.location=file:c:\Users\mx02944\.vscode\extensions\vmware.vscode-spring-boot-1.49.0\language-server\BOOT-INF\classes\application.properties org.springframework.ide.vscode.boot.app.BootLanguageServerBootApp

Host: Intel(R) Core(TM) i5-1035G1 CPU @ 1.00GHz, 8 cores, 15G,  Windows 10 , 64 bit Build 18362 (10.0.18362.329)
Time: Mon Oct  9 14:18:05 2023 Hora de verano central (México) elapsed time: 778304.593809 seconds (9d 0h 11m 44s)

---------------  T H R E A D  ---------------

Current thread (0x00000205a8c12970):  VMThread "VM Thread" [stack: 0x000000dfd0000000,0x000000dfd0100000] [id=22748]

Stack: [0x000000dfd0000000,0x000000dfd0100000]
Native frames: (J=compiled Java code, j=interpreted, Vv=VM code, C=native code)
V  [jvm.dll+0x67741a]
V  [jvm.dll+0x834434]
V  [jvm.dll+0x835bde]
V  [jvm.dll+0x836243]
V  [jvm.dll+0x2457b5]
V  [jvm.dll+0xa626f]
V  [jvm.dll+0x2f5b61]
V  [jvm.dll+0x2f17e0]
V  [jvm.dll+0x2d9ee7]
V  [jvm.dll+0x31ce67]
V  [jvm.dll+0x83a6eb]
V  [jvm.dll+0x83b424]
V  [jvm.dll+0x83b93c]
V  [jvm.dll+0x83bd14]
V  [jvm.dll+0x83bde0]
V  [jvm.dll+0x7e483a]
V  [jvm.dll+0x6762c5]
C  [ucrtbase.dll+0x20e72]
C  [KERNEL32.DLL+0x17bd4]
C  [ntdll.dll+0x6ced1]

VM_Operation (0x000000dfd16fefb0): G1CollectFull, mode: safepoint, requested by thread 0x00000205a9e5b8d0


---------------  P R O C E S S  ---------------

Threads class SMR info:
_java_thread_list=0x00000205a8d38170, length=27, elements={
0x00000205a83e1ad0, 0x00000205a83e2390, 0x00000205a83ec4c0, 0x00000205a83ecd80,
0x00000205a83ed640, 0x00000205a83ee6a0, 0x00000205a8c4e2b0, 0x00000205a8c72420,
0x00000205a8e814c0, 0x00000205a8e86580, 0x00000205a9e62af0, 0x00000205a9e5b8d0,
0x00000205aa53e020, 0x000002059d5995b0, 0x00000205aa38b850, 0x00000205aa5c9f00,
0x00000205aa5ca3d0, 0x00000205aa60c490, 0x00000205aa60c960, 0x00000205aa473ed0,
0x00000205aa474870, 0x00000205aa473a00, 0x00000205aa473060, 0x00000205aa68ea20,
0x00000205aa68bed0, 0x00000205aa68c870, 0x00000205aa68ba00
}

Java Threads: ( => current thread )
  0x00000205a83e1ad0 JavaThread "Reference Handler" daemon [_thread_blocked, id=22756, stack(0x000000dfd0100000,0x000000dfd0200000)]
  0x00000205a83e2390 JavaThread "Finalizer" daemon [_thread_blocked, id=22760, stack(0x000000dfd0200000,0x000000dfd0300000)]
  0x00000205a83ec4c0 JavaThread "Signal Dispatcher" daemon [_thread_blocked, id=22772, stack(0x000000dfd0300000,0x000000dfd0400000)]
  0x00000205a83ecd80 JavaThread "Attach Listener" daemon [_thread_blocked, id=22776, stack(0x000000dfd0400000,0x000000dfd0500000)]
  0x00000205a83ed640 JavaThread "Service Thread" daemon [_thread_blocked, id=22780, stack(0x000000dfd0500000,0x000000dfd0600000)]
  0x00000205a83ee6a0 JavaThread "Monitor Deflation Thread" daemon [_thread_blocked, id=22784, stack(0x000000dfd0600000,0x000000dfd0700000)]
  0x00000205a8c4e2b0 JavaThread "C1 CompilerThread0" daemon [_thread_blocked, id=22788, stack(0x000000dfd0700000,0x000000dfd0800000)]
  0x00000205a8c72420 JavaThread "Sweeper thread" daemon [_thread_blocked, id=22792, stack(0x000000dfd0800000,0x000000dfd0900000)]
  0x00000205a8e814c0 JavaThread "Notification Thread" daemon [_thread_blocked, id=22812, stack(0x000000dfd0a00000,0x000000dfd0b00000)]
  0x00000205a8e86580 JavaThread "Common-Cleaner" daemon [_thread_blocked, id=22944, stack(0x000000dfd0c00000,0x000000dfd0d00000)]
  0x00000205a9e62af0 JavaThread "boundedElastic-evictor-1" daemon [_thread_blocked, id=6188, stack(0x000000dfd0e00000,0x000000dfd0f00000)]
  0x00000205a9e5b8d0 JavaThread "pool-11-thread-1" [_thread_blocked, id=5068, stack(0x000000dfd1600000,0x000000dfd1700000)]
  0x00000205aa53e020 JavaThread "LanguageServerApp-lifecycle" [_thread_blocked, id=22060, stack(0x000000dfd1800000,0x000000dfd1900000)]
  0x000002059d5995b0 JavaThread "DestroyJavaVM" [_thread_blocked, id=22720, stack(0x000000dfcfa00000,0x000000dfcfb00000)]
  0x00000205aa38b850 JavaThread "pool-12-thread-1" [_thread_in_native, id=3236, stack(0x000000dfd1900000,0x000000dfd1a00000)]
  0x00000205aa5c9f00 JavaThread "Simple-Language-Server main thread" daemon [_thread_blocked, id=9096, stack(0x000000dfd1a00000,0x000000dfd1b00000)]
  0x00000205aa5ca3d0 JavaThread "pool-7-thread-1" [_thread_blocked, id=18544, stack(0x000000dfd1b00000,0x000000dfd1c00000)]
  0x00000205aa60c490 JavaThread "parallel-1" daemon [_thread_blocked, id=22184, stack(0x000000dfd1c00000,0x000000dfd1d00000)]
  0x00000205aa60c960 JavaThread "parallel-2" daemon [_thread_blocked, id=3760, stack(0x000000dfd1d00000,0x000000dfd1e00000)]
  0x00000205aa473ed0 JavaThread "parallel-3" daemon [_thread_blocked, id=15012, stack(0x000000dfd2000000,0x000000dfd2100000)]
  0x00000205aa474870 JavaThread "pool-5-thread-1" [_thread_blocked, id=8680, stack(0x000000dfd2100000,0x000000dfd2200000)]
  0x00000205aa473a00 JavaThread "parallel-4" daemon [_thread_blocked, id=22256, stack(0x000000dfd2200000,0x000000dfd2300000)]
  0x00000205aa473060 JavaThread "parallel-5" daemon [_thread_blocked, id=3500, stack(0x000000dfd2300000,0x000000dfd2400000)]
  0x00000205aa68ea20 JavaThread "parallel-6" daemon [_thread_blocked, id=23304, stack(0x000000dfd2400000,0x000000dfd2500000)]
  0x00000205aa68bed0 JavaThread "parallel-7" daemon [_thread_blocked, id=8640, stack(0x000000dfd2500000,0x000000dfd2600000)]
  0x00000205aa68c870 JavaThread "parallel-8" daemon [_thread_blocked, id=7048, stack(0x000000dfd2600000,0x000000dfd2700000)]
  0x00000205aa68ba00 JavaThread "Reconciler-1" daemon [_thread_blocked, id=11412, stack(0x000000dfd2700000,0x000000dfd2800000)]

Other Threads:
=>0x00000205a8c12970 VMThread "VM Thread" [stack: 0x000000dfd0000000,0x000000dfd0100000] [id=22748]
  0x00000205a8e81990 WatcherThread [stack: 0x000000dfd0b00000,0x000000dfd0c00000] [id=22816]
  0x000002059d5d7340 GCTaskThread "GC Thread#0" [stack: 0x000000dfcfb00000,0x000000dfcfc00000] [id=22728]
  0x00000205a8d3afa0 GCTaskThread "GC Thread#1" [stack: 0x000000dfd0f00000,0x000000dfd1000000] [id=15812]
  0x00000205a9b32050 GCTaskThread "GC Thread#2" [stack: 0x000000dfd1000000,0x000000dfd1100000] [id=7464]
  0x00000205a9b32300 GCTaskThread "GC Thread#3" [stack: 0x000000dfd1100000,0x000000dfd1200000] [id=14236]
  0x00000205a8d3b250 GCTaskThread "GC Thread#4" [stack: 0x000000dfd1200000,0x000000dfd1300000] [id=19180]
  0x00000205a8d3b910 GCTaskThread "GC Thread#5" [stack: 0x000000dfd1300000,0x000000dfd1400000] [id=7672]
  0x00000205a9763cf0 GCTaskThread "GC Thread#6" [stack: 0x000000dfd1400000,0x000000dfd1500000] [id=22832]
  0x00000205a9626df0 GCTaskThread "GC Thread#7" [stack: 0x000000dfd1500000,0x000000dfd1600000] [id=20148]
  0x000002059d5e0090 ConcurrentGCThread "G1 Main Marker" [stack: 0x000000dfcfc00000,0x000000dfcfd00000] [id=22732]
  0x000002059d5e09b0 ConcurrentGCThread "G1 Conc#0" [stack: 0x000000dfcfd00000,0x000000dfcfe00000] [id=22736]
  0x00000205aa0809d0 ConcurrentGCThread "G1 Conc#1" [stack: 0x000000dfd1700000,0x000000dfd1800000] [id=22684]
  0x000002059d64de30 ConcurrentGCThread "G1 Refine#0" [stack: 0x000000dfcfe00000,0x000000dfcff00000] [id=22740]
  0x000002059d64e760 ConcurrentGCThread "G1 Service" [stack: 0x000000dfcff00000,0x000000dfd0000000] [id=22744]

Threads with active compile tasks:

VM state: at safepoint (normal execution)

VM Mutex/Monitor currently owned by a thread:  ([mutex/lock_event])
[0x000002059b4f1f80] Threads_lock - owner thread: 0x00000205a8c12970
[0x000002059b4eea90] Heap_lock - owner thread: 0x00000205a9e5b8d0

Heap address: 0x00000000c0000000, size: 1024 MB, Compressed Oops mode: 32-bit

CDS archive(s) not mapped
Compressed class space mapped at: 0x0000000100000000-0x0000000140000000, reserved size: 1073741824
Narrow klass base: 0x0000000000000000, Narrow klass shift: 3, Narrow klass range: 0x140000000

GC Precious Log:
 CPUs: 8 total, 8 available
 Memory: 16151M
 Large Page Support: Disabled
 NUMA Support: Disabled
 Compressed Oops: Enabled (32-bit)
 Heap Region Size: 1M
 Heap Min Capacity: 8M
 Heap Initial Capacity: 254M
 Heap Max Capacity: 1G
 Pre-touch: Disabled
 Parallel Workers: 8
 Concurrent Workers: 2
 Concurrent Refinement Workers: 8
 Periodic GC: Disabled

Heap:
 garbage-first heap   total 81920K, used 29895K [0x00000000c0000000, 0x0000000100000000)
  region size 1024K, 1 young (1024K), 0 survivors (0K)
 Metaspace       used 55591K, committed 56128K, reserved 1105920K
  class space    used 7105K, committed 7360K, reserved 1048576K

Heap Regions: E=young(eden), S=young(survivor), O=old, HS=humongous(starts), HC=humongous(continues), CS=collection set, F=free, OA=open archive, CA=closed archive, TAMS=top-at-mark-start (previous, next)
|   0|0x00000000c0000000, 0x00000000c00ffff0, 0x00000000c0100000| 99%| O|  |TAMS 0x00000000c00ffff0, 0x00000000c0000000| Untracked 
|   1|0x00000000c0100000, 0x00000000c0200000, 0x00000000c0200000|100%| O|  |TAMS 0x00000000c0200000, 0x00000000c0100000| Untracked 
|   2|0x00000000c0200000, 0x00000000c02fffe8, 0x00000000c0300000| 99%| O|  |TAMS 0x00000000c02fffe8, 0x00000000c0200000| Untracked 
|   3|0x00000000c0300000, 0x00000000c03ffff0, 0x00000000c0400000| 99%| O|  |TAMS 0x00000000c03ffff0, 0x00000000c0300000| Untracked 
|   4|0x00000000c0400000, 0x00000000c0500000, 0x00000000c0500000|100%| O|  |TAMS 0x00000000c0500000, 0x00000000c0400000| Untracked 
|   5|0x00000000c0500000, 0x00000000c0600000, 0x00000000c0600000|100%| O|  |TAMS 0x00000000c0600000, 0x00000000c0500000| Untracked 
|   6|0x00000000c0600000, 0x00000000c06ffc90, 0x00000000c0700000| 99%| O|  |TAMS 0x00000000c06ffc90, 0x00000000c0600000| Untracked 
|   7|0x00000000c0700000, 0x00000000c07ffff0, 0x00000000c0800000| 99%| O|  |TAMS 0x00000000c07ffff0, 0x00000000c0700000| Untracked 
|   8|0x00000000c0800000, 0x00000000c0900000, 0x00000000c0900000|100%| O|  |TAMS 0x00000000c0900000, 0x00000000c0800000| Untracked 
|   9|0x00000000c0900000, 0x00000000c09ffff0, 0x00000000c0a00000| 99%| O|  |TAMS 0x00000000c09ffff0, 0x00000000c0900000| Untracked 
|  10|0x00000000c0a00000, 0x00000000c0b00000, 0x00000000c0b00000|100%| O|  |TAMS 0x00000000c0b00000, 0x00000000c0a00000| Untracked 
|  11|0x00000000c0b00000, 0x00000000c0bfffe8, 0x00000000c0c00000| 99%| O|  |TAMS 0x00000000c0bfffe8, 0x00000000c0b00000| Untracked 
|  12|0x00000000c0c00000, 0x00000000c0cffff0, 0x00000000c0d00000| 99%| O|  |TAMS 0x00000000c0cffff0, 0x00000000c0c00000| Untracked 
|  13|0x00000000c0d00000, 0x00000000c0dffff8, 0x00000000c0e00000| 99%| O|  |TAMS 0x00000000c0dffff8, 0x00000000c0d00000| Untracked 
|  14|0x00000000c0e00000, 0x00000000c0effff0, 0x00000000c0f00000| 99%| O|  |TAMS 0x00000000c0effff0, 0x00000000c0e00000| Untracked 
|  15|0x00000000c0f00000, 0x00000000c0ffffc8, 0x00000000c1000000| 99%| O|  |TAMS 0x00000000c0ffffc8, 0x00000000c0f00000| Untracked 
|  16|0x00000000c1000000, 0x00000000c10fffa8, 0x00000000c1100000| 99%| O|  |TAMS 0x00000000c10fffa8, 0x00000000c1000000| Untracked 
|  17|0x00000000c1100000, 0x00000000c11fffd8, 0x00000000c1200000| 99%| O|  |TAMS 0x00000000c11fffd8, 0x00000000c1100000| Untracked 
|  18|0x00000000c1200000, 0x00000000c12ffff8, 0x00000000c1300000| 99%| O|  |TAMS 0x00000000c12ffff8, 0x00000000c1200000| Untracked 
|  19|0x00000000c1300000, 0x00000000c13ffff0, 0x00000000c1400000| 99%| O|  |TAMS 0x00000000c13ffff0, 0x00000000c1300000| Untracked 
|  20|0x00000000c1400000, 0x00000000c1500000, 0x00000000c1500000|100%| O|  |TAMS 0x00000000c1500000, 0x00000000c1400000| Untracked 
|  21|0x00000000c1500000, 0x00000000c15ffe30, 0x00000000c1600000| 99%| O|  |TAMS 0x00000000c15ffe30, 0x00000000c1500000| Untracked 
|  22|0x00000000c1600000, 0x00000000c16fffe0, 0x00000000c1700000| 99%| O|  |TAMS 0x00000000c16fffe0, 0x00000000c1600000| Untracked 
|  23|0x00000000c1700000, 0x00000000c17ffff0, 0x00000000c1800000| 99%| O|  |TAMS 0x00000000c17ffff0, 0x00000000c1700000| Untracked 
|  24|0x00000000c1800000, 0x00000000c18ffff8, 0x00000000c1900000| 99%| O|  |TAMS 0x00000000c18ffff8, 0x00000000c1800000| Untracked 
|  25|0x00000000c1900000, 0x00000000c1a00000, 0x00000000c1a00000|100%|HS|  |TAMS 0x00000000c1a00000, 0x00000000c1900000| Untracked 
|  26|0x00000000c1a00000, 0x00000000c1a38a58, 0x00000000c1b00000| 22%| O|  |TAMS 0x00000000c1a00000, 0x00000000c1a00000| Untracked 
|  27|0x00000000c1b00000, 0x00000000c1b00068, 0x00000000c1c00000|  0%| O|  |TAMS 0x00000000c1b00000, 0x00000000c1b00000| Untracked 
|  28|0x00000000c1c00000, 0x00000000c1c00000, 0x00000000c1d00000|  0%| F|  |TAMS 0x00000000c1c00000, 0x00000000c1c00000| Untracked 
|  29|0x00000000c1d00000, 0x00000000c1d00000, 0x00000000c1e00000|  0%| F|  |TAMS 0x00000000c1d00000, 0x00000000c1d00000| Untracked 
|  30|0x00000000c1e00000, 0x00000000c1e00000, 0x00000000c1f00000|  0%| F|  |TAMS 0x00000000c1e00000, 0x00000000c1e00000| Untracked 
|  31|0x00000000c1f00000, 0x00000000c1f00000, 0x00000000c2000000|  0%| F|  |TAMS 0x00000000c1f00000, 0x00000000c1f00000| Untracked 
|  32|0x00000000c2000000, 0x00000000c2000000, 0x00000000c2100000|  0%| F|  |TAMS 0x00000000c2000000, 0x00000000c2000000| Untracked 
|  33|0x00000000c2100000, 0x00000000c2100000, 0x00000000c2200000|  0%| F|  |TAMS 0x00000000c2100000, 0x00000000c2100000| Untracked 
|  34|0x00000000c2200000, 0x00000000c2200000, 0x00000000c2300000|  0%| F|  |TAMS 0x00000000c2200000, 0x00000000c2200000| Untracked 
|  35|0x00000000c2300000, 0x00000000c2300000, 0x00000000c2400000|  0%| F|  |TAMS 0x00000000c2300000, 0x00000000c2300000| Untracked 
|  36|0x00000000c2400000, 0x00000000c2400000, 0x00000000c2500000|  0%| F|  |TAMS 0x00000000c2400000, 0x00000000c2400000| Untracked 
|  37|0x00000000c2500000, 0x00000000c2500000, 0x00000000c2600000|  0%| F|  |TAMS 0x00000000c2500000, 0x00000000c2500000| Untracked 
|  38|0x00000000c2600000, 0x00000000c2600000, 0x00000000c2700000|  0%| F|  |TAMS 0x00000000c2600000, 0x00000000c2600000| Untracked 
|  39|0x00000000c2700000, 0x00000000c2700000, 0x00000000c2800000|  0%| F|  |TAMS 0x00000000c2700000, 0x00000000c2700000| Untracked 
|  40|0x00000000c2800000, 0x00000000c2800000, 0x00000000c2900000|  0%| F|  |TAMS 0x00000000c2800000, 0x00000000c2800000| Untracked 
|  41|0x00000000c2900000, 0x00000000c2900000, 0x00000000c2a00000|  0%| F|  |TAMS 0x00000000c2900000, 0x00000000c2900000| Untracked 
|  42|0x00000000c2a00000, 0x00000000c2a00000, 0x00000000c2b00000|  0%| F|  |TAMS 0x00000000c2a00000, 0x00000000c2a00000| Untracked 
|  43|0x00000000c2b00000, 0x00000000c2b00000, 0x00000000c2c00000|  0%| F|  |TAMS 0x00000000c2b00000, 0x00000000c2b00000| Untracked 
|  44|0x00000000c2c00000, 0x00000000c2c00000, 0x00000000c2d00000|  0%| F|  |TAMS 0x00000000c2c00000, 0x00000000c2c00000| Untracked 
|  45|0x00000000c2d00000, 0x00000000c2d00000, 0x00000000c2e00000|  0%| F|  |TAMS 0x00000000c2d00000, 0x00000000c2d00000| Untracked 
|  46|0x00000000c2e00000, 0x00000000c2e00000, 0x00000000c2f00000|  0%| F|  |TAMS 0x00000000c2e00000, 0x00000000c2e00000| Untracked 
|  47|0x00000000c2f00000, 0x00000000c2f00000, 0x00000000c3000000|  0%| F|  |TAMS 0x00000000c2f00000, 0x00000000c2f00000| Untracked 
|  48|0x00000000c3000000, 0x00000000c3000000, 0x00000000c3100000|  0%| F|  |TAMS 0x00000000c3000000, 0x00000000c3000000| Untracked 
|  49|0x00000000c3100000, 0x00000000c3100000, 0x00000000c3200000|  0%| F|  |TAMS 0x00000000c3100000, 0x00000000c3100000| Untracked 
|  50|0x00000000c3200000, 0x00000000c3200000, 0x00000000c3300000|  0%| F|  |TAMS 0x00000000c3200000, 0x00000000c3200000| Untracked 
|  51|0x00000000c3300000, 0x00000000c3300000, 0x00000000c3400000|  0%| F|  |TAMS 0x00000000c3300000, 0x00000000c3300000| Untracked 
|  52|0x00000000c3400000, 0x00000000c3400000, 0x00000000c3500000|  0%| F|  |TAMS 0x00000000c3400000, 0x00000000c3400000| Untracked 
|  53|0x00000000c3500000, 0x00000000c3500000, 0x00000000c3600000|  0%| F|  |TAMS 0x00000000c3500000, 0x00000000c3500000| Untracked 
|  54|0x00000000c3600000, 0x00000000c3600000, 0x00000000c3700000|  0%| F|  |TAMS 0x00000000c3600000, 0x00000000c3600000| Untracked 
|  55|0x00000000c3700000, 0x00000000c3700000, 0x00000000c3800000|  0%| F|  |TAMS 0x00000000c3700000, 0x00000000c3700000| Untracked 
|  56|0x00000000c3800000, 0x00000000c3800000, 0x00000000c3900000|  0%| F|  |TAMS 0x00000000c3800000, 0x00000000c3800000| Untracked 
|  57|0x00000000c3900000, 0x00000000c3900000, 0x00000000c3a00000|  0%| F|  |TAMS 0x00000000c3900000, 0x00000000c3900000| Untracked 
|  58|0x00000000c3a00000, 0x00000000c3a00000, 0x00000000c3b00000|  0%| F|  |TAMS 0x00000000c3a00000, 0x00000000c3a00000| Untracked 
|  59|0x00000000c3b00000, 0x00000000c3b00000, 0x00000000c3c00000|  0%| F|  |TAMS 0x00000000c3b00000, 0x00000000c3b00000| Untracked 
|  60|0x00000000c3c00000, 0x00000000c3c00000, 0x00000000c3d00000|  0%| F|  |TAMS 0x00000000c3c00000, 0x00000000c3c00000| Untracked 
|  61|0x00000000c3d00000, 0x00000000c3df99a0, 0x00000000c3e00000| 97%| O|  |TAMS 0x00000000c3df99a0, 0x00000000c3d00000| Untracked 
|  62|0x00000000c3e00000, 0x00000000c3e00000, 0x00000000c3f00000|  0%| F|  |TAMS 0x00000000c3e00000, 0x00000000c3e00000| Untracked 
|  63|0x00000000c3f00000, 0x00000000c3f00000, 0x00000000c4000000|  0%| F|  |TAMS 0x00000000c3f00000, 0x00000000c3f00000| Untracked 
|  64|0x00000000c4000000, 0x00000000c4000000, 0x00000000c4100000|  0%| F|  |TAMS 0x00000000c4000000, 0x00000000c4000000| Untracked 
|  65|0x00000000c4100000, 0x00000000c4100000, 0x00000000c4200000|  0%| F|  |TAMS 0x00000000c4100000, 0x00000000c4100000| Untracked 
|  66|0x00000000c4200000, 0x00000000c4200000, 0x00000000c4300000|  0%| F|  |TAMS 0x00000000c4200000, 0x00000000c4200000| Untracked 
|  67|0x00000000c4300000, 0x00000000c4300000, 0x00000000c4400000|  0%| F|  |TAMS 0x00000000c4300000, 0x00000000c4300000| Untracked 
|  68|0x00000000c4400000, 0x00000000c4400000, 0x00000000c4500000|  0%| F|  |TAMS 0x00000000c4400000, 0x00000000c4400000| Untracked 
|  69|0x00000000c4500000, 0x00000000c4500000, 0x00000000c4600000|  0%| F|  |TAMS 0x00000000c4500000, 0x00000000c4500000| Untracked 
|  70|0x00000000c4600000, 0x00000000c4600000, 0x00000000c4700000|  0%| F|  |TAMS 0x00000000c4600000, 0x00000000c4600000| Untracked 
|  71|0x00000000c4700000, 0x00000000c4700000, 0x00000000c4800000|  0%| F|  |TAMS 0x00000000c4700000, 0x00000000c4700000| Untracked 
|  72|0x00000000c4800000, 0x00000000c4800000, 0x00000000c4900000|  0%| F|  |TAMS 0x00000000c4800000, 0x00000000c4800000| Untracked 
|  73|0x00000000c4900000, 0x00000000c4900000, 0x00000000c4a00000|  0%| F|  |TAMS 0x00000000c4900000, 0x00000000c4900000| Untracked 
|  74|0x00000000c4a00000, 0x00000000c4a00000, 0x00000000c4b00000|  0%| F|  |TAMS 0x00000000c4a00000, 0x00000000c4a00000| Untracked 
|  75|0x00000000c4b00000, 0x00000000c4b00000, 0x00000000c4c00000|  0%| F|  |TAMS 0x00000000c4b00000, 0x00000000c4b00000| Untracked 
|  76|0x00000000c4c00000, 0x00000000c4d00000, 0x00000000c4d00000|100%| O|  |TAMS 0x00000000c4d00000, 0x00000000c4c00000| Untracked 
|  77|0x00000000c4d00000, 0x00000000c4d00000, 0x00000000c4e00000|  0%| F|  |TAMS 0x00000000c4d00000, 0x00000000c4d00000| Untracked 
|  78|0x00000000c4e00000, 0x00000000c4f00000, 0x00000000c4f00000|100%| O|  |TAMS 0x00000000c4f00000, 0x00000000c4e00000| Untracked 
|  79|0x00000000c4f00000, 0x00000000c4f10878, 0x00000000c5000000|  6%| E|  |TAMS 0x00000000c4f00000, 0x00000000c4f00000| Complete 

Card table byte_map: [0x00000205a3520000,0x00000205a3720000] _byte_map_base: 0x00000205a2f20000

Marking Bits (Prev, Next): (CMBitMap*) 0x000002059d5d77a0, (CMBitMap*) 0x000002059d5d7760
 Prev Bits: [0x00000205a4920000, 0x00000205a5920000)
 Next Bits: [0x00000205a3920000, 0x00000205a4920000)

Polling page: 0x000002059b440000

Metaspace:

Usage:
  Non-class:     47.35 MB used.
      Class:      6.94 MB used.
       Both:     54.29 MB used.

Virtual space:
  Non-class space:       56.00 MB reserved,      47.63 MB ( 85%) committed,  7 nodes.
      Class space:        1.00 GB reserved,       7.19 MB ( <1%) committed,  1 nodes.
             Both:        1.05 GB reserved,      54.81 MB (  5%) committed. 

Chunk freelists:
   Non-Class:  3.79 MB
       Class:  800.00 KB
        Both:  4.57 MB

MaxMetaspaceSize: unlimited
CompressedClassSpaceSize: 1.00 GB
Initial GC threshold: 21.00 MB
Current GC threshold: 91.38 MB
CDS: off
MetaspaceReclaimPolicy: balanced
 - commit_granule_bytes: 65536.
 - commit_granule_words: 8192.
 - virtual_space_node_default_size: 1048576.
 - enlarge_chunks_in_place: 1.
 - new_chunks_are_fully_committed: 0.
 - uncommit_free_chunks: 1.
 - use_allocation_guard: 0.
 - handle_deallocations: 1.


Internal statistics:

num_allocs_failed_limit: 8.
num_arena_births: 624.
num_arena_deaths: 208.
num_vsnodes_births: 8.
num_vsnodes_deaths: 0.
num_space_committed: 877.
num_space_uncommitted: 0.
num_chunks_returned_to_freelist: 251.
num_chunks_taken_from_freelist: 2344.
num_chunk_merges: 81.
num_chunk_splits: 1599.
num_chunks_enlarged: 1216.
num_purges: 10.
num_inconsistent_stats: 0.

CodeCache: size=49152Kb used=11940Kb max_used=13059Kb free=37211Kb
 bounds [0x00000205a0210000, 0x00000205a0ee0000, 0x00000205a3210000]
 total_blobs=7106 nmethods=6452 adapters=580
 compilation: enabled
              stopped_count=0, restarted_count=0
 full_count=0

Compilation events (20 events):
Event: 172004.826 Thread 0x00000205aa773b00 6445       1       org.eclipse.jdt.internal.compiler.lookup.Scope::getCurrentPackage (8 bytes)
Event: 172004.827 Thread 0x00000205aa773b00 nmethod 6445 0x00000205a03fc010 code [0x00000205a03fc1a0, 0x00000205a03fc278]
Event: 172004.828 Thread 0x00000205aa773b00 6446       1       org.eclipse.jdt.internal.compiler.ast.Expression::computeConversion (372 bytes)
Event: 172004.831 Thread 0x00000205aa773b00 nmethod 6446 0x00000205a03fb190 code [0x00000205a03fb400, 0x00000205a03fbb68]
Event: 172004.835 Thread 0x00000205aa773b00 6447       1       org.eclipse.jdt.internal.compiler.flow.FlowInfo::reachMode (7 bytes)
Event: 172004.835 Thread 0x00000205aa773b00 nmethod 6447 0x00000205a03fae90 code [0x00000205a03fb020, 0x00000205a03fb0f8]
Event: 172004.842 Thread 0x00000205a8c4e2b0 6449       1       org.eclipse.jdt.core.dom.ASTNode::unsupportedBelow10 (24 bytes)
Event: 172004.842 Thread 0x00000205aa773b00 6448       1       org.eclipse.jdt.core.dom.SimpleType::isVar (62 bytes)
Event: 172004.842 Thread 0x00000205aa774010 6450       1       org.eclipse.jdt.internal.compiler.lookup.ReferenceBinding::computeUniqueKey (14 bytes)
Event: 172004.843 Thread 0x00000205aa774010 nmethod 6450 0x00000205a03fab10 code [0x00000205a03facc0, 0x00000205a03fadf8]
Event: 172004.843 Thread 0x00000205a8c4e2b0 nmethod 6449 0x00000205a03fa710 code [0x00000205a03fa8c0, 0x00000205a03faa48]
Event: 172004.844 Thread 0x00000205aa774010 6451       1       org.eclipse.jdt.core.dom.ClassInstanceCreation::getExpression (5 bytes)
Event: 172004.844 Thread 0x00000205a8c4e2b0 6452       1       org.eclipse.jdt.core.dom.ClassInstanceCreation::getAnonymousClassDeclaration (5 bytes)
Event: 172004.844 Thread 0x00000205aa774010 nmethod 6451 0x00000205a03fa410 code [0x00000205a03fa5a0, 0x00000205a03fa678]
Event: 172004.844 Thread 0x00000205a8c4e2b0 nmethod 6452 0x00000205a03fa110 code [0x00000205a03fa2a0, 0x00000205a03fa378]
Event: 172004.845 Thread 0x00000205aa773b00 nmethod 6448 0x00000205a03f9a90 code [0x00000205a03f9c60, 0x00000205a03f9f38]
Event: 412986.365 Thread 0x00000205a8c4e2b0 6453 % !   1       java.util.concurrent.ThreadPoolExecutor::runWorker @ 21 (187 bytes)
Event: 412986.405 Thread 0x00000205a8c4e2b0 nmethod 6453% 0x00000205a03f8810 code [0x00000205a03f8a60, 0x00000205a03f93c8]
Event: 418427.334 Thread 0x00000205a8c4e2b0 6454   !   1       java.util.concurrent.ThreadPoolExecutor::runWorker (187 bytes)
Event: 418427.345 Thread 0x00000205a8c4e2b0 nmethod 6454 0x00000205a03f7a90 code [0x00000205a03f7cc0, 0x00000205a03f8318]

GC Heap History (20 events):
Event: 778198.776 GC heap before
{Heap before GC invocations=35609 (full 35580):
 garbage-first heap   total 81920K, used 29895K [0x00000000c0000000, 0x0000000100000000)
  region size 1024K, 1 young (1024K), 0 survivors (0K)
 Metaspace       used 55591K, committed 56128K, reserved 1105920K
  class space    used 7105K, committed 7360K, reserved 1048576K
}
Event: 778198.836 GC heap after
{Heap after GC invocations=35610 (full 35581):
 garbage-first heap   total 81920K, used 29895K [0x00000000c0000000, 0x0000000100000000)
  region size 1024K, 0 young (0K), 0 survivors (0K)
 Metaspace       used 55591K, committed 56128K, reserved 1105920K
  class space    used 7105K, committed 7360K, reserved 1048576K
}
Event: 778209.420 GC heap before
{Heap before GC invocations=35610 (full 35581):
 garbage-first heap   total 81920K, used 29895K [0x00000000c0000000, 0x0000000100000000)
  region size 1024K, 1 young (1024K), 0 survivors (0K)
 Metaspace       used 55591K, committed 56128K, reserved 1105920K
  class space    used 7105K, committed 7360K, reserved 1048576K
}
Event: 778209.476 GC heap after
{Heap after GC invocations=35611 (full 35582):
 garbage-first heap   total 81920K, used 29895K [0x00000000c0000000, 0x0000000100000000)
  region size 1024K, 0 young (0K), 0 survivors (0K)
 Metaspace       used 55591K, committed 56128K, reserved 1105920K
  class space    used 7105K, committed 7360K, reserved 1048576K
}
Event: 778220.008 GC heap before
{Heap before GC invocations=35611 (full 35582):
 garbage-first heap   total 81920K, used 29895K [0x00000000c0000000, 0x0000000100000000)
  region size 1024K, 1 young (1024K), 0 survivors (0K)
 Metaspace       used 55591K, committed 56128K, reserved 1105920K
  class space    used 7105K, committed 7360K, reserved 1048576K
}
Event: 778220.054 GC heap after
{Heap after GC invocations=35612 (full 35583):
 garbage-first heap   total 81920K, used 29895K [0x00000000c0000000, 0x0000000100000000)
  region size 1024K, 0 young (0K), 0 survivors (0K)
 Metaspace       used 55591K, committed 56128K, reserved 1105920K
  class space    used 7105K, committed 7360K, reserved 1048576K
}
Event: 778230.548 GC heap before
{Heap before GC invocations=35612 (full 35583):
 garbage-first heap   total 81920K, used 29895K [0x00000000c0000000, 0x0000000100000000)
  region size 1024K, 1 young (1024K), 0 survivors (0K)
 Metaspace       used 55591K, committed 56128K, reserved 1105920K
  class space    used 7105K, committed 7360K, reserved 1048576K
}
Event: 778230.595 GC heap after
{Heap after GC invocations=35613 (full 35584):
 garbage-first heap   total 81920K, used 29895K [0x00000000c0000000, 0x0000000100000000)
  region size 1024K, 0 young (0K), 0 survivors (0K)
 Metaspace       used 55591K, committed 56128K, reserved 1105920K
  class space    used 7105K, committed 7360K, reserved 1048576K
}
Event: 778241.105 GC heap before
{Heap before GC invocations=35613 (full 35584):
 garbage-first heap   total 81920K, used 29895K [0x00000000c0000000, 0x0000000100000000)
  region size 1024K, 1 young (1024K), 0 survivors (0K)
 Metaspace       used 55591K, committed 56128K, reserved 1105920K
  class space    used 7105K, committed 7360K, reserved 1048576K
}
Event: 778241.151 GC heap after
{Heap after GC invocations=35614 (full 35585):
 garbage-first heap   total 81920K, used 29895K [0x00000000c0000000, 0x0000000100000000)
  region size 1024K, 0 young (0K), 0 survivors (0K)
 Metaspace       used 55591K, committed 56128K, reserved 1105920K
  class space    used 7105K, committed 7360K, reserved 1048576K
}
Event: 778251.733 GC heap before
{Heap before GC invocations=35614 (full 35585):
 garbage-first heap   total 81920K, used 29895K [0x00000000c0000000, 0x0000000100000000)
  region size 1024K, 1 young (1024K), 0 survivors (0K)
 Metaspace       used 55591K, committed 56128K, reserved 1105920K
  class space    used 7105K, committed 7360K, reserved 1048576K
}
Event: 778251.787 GC heap after
{Heap after GC invocations=35615 (full 35586):
 garbage-first heap   total 81920K, used 29895K [0x00000000c0000000, 0x0000000100000000)
  region size 1024K, 0 young (0K), 0 survivors (0K)
 Metaspace       used 55591K, committed 56128K, reserved 1105920K
  class space    used 7105K, committed 7360K, reserved 1048576K
}
Event: 778262.322 GC heap before
{Heap before GC invocations=35615 (full 35586):
 garbage-first heap   total 81920K, used 29895K [0x00000000c0000000, 0x0000000100000000)
  region size 1024K, 1 young (1024K), 0 survivors (0K)
 Metaspace       used 55591K, committed 56128K, reserved 1105920K
  class space    used 7105K, committed 7360K, reserved 1048576K
}
Event: 778262.392 GC heap after
{Heap after GC invocations=35616 (full 35587):
 garbage-first heap   total 81920K, used 29895K [0x00000000c0000000, 0x0000000100000000)
  region size 1024K, 0 young (0K), 0 survivors (0K)
 Metaspace       used 55591K, committed 56128K, reserved 1105920K
  class space    used 7105K, committed 7360K, reserved 1048576K
}
Event: 778272.930 GC heap before
{Heap before GC invocations=35616 (full 35587):
 garbage-first heap   total 81920K, used 29895K [0x00000000c0000000, 0x0000000100000000)
  region size 1024K, 1 young (1024K), 0 survivors (0K)
 Metaspace       used 55591K, committed 56128K, reserved 1105920K
  class space    used 7105K, committed 7360K, reserved 1048576K
}
Event: 778272.974 GC heap after
{Heap after GC invocations=35617 (full 35588):
 garbage-first heap   total 81920K, used 29895K [0x00000000c0000000, 0x0000000100000000)
  region size 1024K, 0 young (0K), 0 survivors (0K)
 Metaspace       used 55591K, committed 56128K, reserved 1105920K
  class space    used 7105K, committed 7360K, reserved 1048576K
}
Event: 778283.552 GC heap before
{Heap before GC invocations=35617 (full 35588):
 garbage-first heap   total 81920K, used 29895K [0x00000000c0000000, 0x0000000100000000)
  region size 1024K, 1 young (1024K), 0 survivors (0K)
 Metaspace       used 55591K, committed 56128K, reserved 1105920K
  class space    used 7105K, committed 7360K, reserved 1048576K
}
Event: 778283.600 GC heap after
{Heap after GC invocations=35618 (full 35589):
 garbage-first heap   total 81920K, used 29895K [0x00000000c0000000, 0x0000000100000000)
  region size 1024K, 0 young (0K), 0 survivors (0K)
 Metaspace       used 55591K, committed 56128K, reserved 1105920K
  class space    used 7105K, committed 7360K, reserved 1048576K
}
Event: 778294.327 GC heap before
{Heap before GC invocations=35618 (full 35589):
 garbage-first heap   total 81920K, used 29895K [0x00000000c0000000, 0x0000000100000000)
  region size 1024K, 1 young (1024K), 0 survivors (0K)
 Metaspace       used 55591K, committed 56128K, reserved 1105920K
  class space    used 7105K, committed 7360K, reserved 1048576K
}
Event: 778294.381 GC heap after
{Heap after GC invocations=35619 (full 35590):
 garbage-first heap   total 81920K, used 29895K [0x00000000c0000000, 0x0000000100000000)
  region size 1024K, 0 young (0K), 0 survivors (0K)
 Metaspace       used 55591K, committed 56128K, reserved 1105920K
  class space    used 7105K, committed 7360K, reserved 1048576K
}

Dll operation events (9 events):
Event: 0.061 Loaded shared library c:\Users\mx02944\.vscode\extensions\redhat.java-1.15.0-win32-x64\jre\17.0.6-win32-x86_64\bin\java.dll
Event: 2.235 Loaded shared library C:\Users\mx02944\.vscode\extensions\redhat.java-1.15.0-win32-x64\jre\17.0.6-win32-x86_64\bin\net.dll
Event: 2.242 Loaded shared library C:\Users\mx02944\.vscode\extensions\redhat.java-1.15.0-win32-x64\jre\17.0.6-win32-x86_64\bin\nio.dll
Event: 3.664 Loaded shared library C:\Users\mx02944\.vscode\extensions\redhat.java-1.15.0-win32-x64\jre\17.0.6-win32-x86_64\bin\zip.dll
Event: 26.936 Loaded shared library C:\Users\mx02944\.vscode\extensions\redhat.java-1.15.0-win32-x64\jre\17.0.6-win32-x86_64\bin\jimage.dll
Event: 41.764 Loaded shared library c:\Users\mx02944\.vscode\extensions\redhat.java-1.15.0-win32-x64\jre\17.0.6-win32-x86_64\bin\verify.dll
Event: 45.414 Loaded shared library C:\Users\mx02944\.vscode\extensions\redhat.java-1.15.0-win32-x64\jre\17.0.6-win32-x86_64\bin\management.dll
Event: 45.485 Loaded shared library C:\Users\mx02944\.vscode\extensions\redhat.java-1.15.0-win32-x64\jre\17.0.6-win32-x86_64\bin\management_ext.dll
Event: 49.104 Loaded shared library C:\Users\mx02944\.vscode\extensions\redhat.java-1.15.0-win32-x64\jre\17.0.6-win32-x86_64\bin\sunmscapi.dll

Deoptimization events (20 events):
Event: 50.801 Thread 0x00000205aa68cd40 DEOPT PACKING pc=0x00000205a0c22404 sp=0x000000dfd28fce60
Event: 50.801 Thread 0x00000205aa68cd40 DEOPT UNPACKING pc=0x00000205a026ace3 sp=0x000000dfd28fc340 mode 3
Event: 50.990 Thread 0x00000205aa68cd40 DEOPT PACKING pc=0x00000205a0c370cf sp=0x000000dfd28fd990
Event: 50.990 Thread 0x00000205aa68cd40 DEOPT UNPACKING pc=0x00000205a026ace3 sp=0x000000dfd28fce80 mode 3
Event: 52.893 Thread 0x00000205aa474870 DEOPT PACKING pc=0x00000205a0d8ed20 sp=0x000000dfd21fdac0
Event: 52.893 Thread 0x00000205aa474870 DEOPT UNPACKING pc=0x00000205a026ace3 sp=0x000000dfd21fcf40 mode 3
Event: 53.010 Thread 0x00000205aa474870 DEOPT PACKING pc=0x00000205a0ce1d0c sp=0x000000dfd21fe130
Event: 53.010 Thread 0x00000205aa474870 DEOPT UNPACKING pc=0x00000205a026ace3 sp=0x000000dfd21fd698 mode 0
Event: 53.010 Thread 0x00000205aa474870 DEOPT PACKING pc=0x00000205a0d229cc sp=0x000000dfd21fe260
Event: 53.010 Thread 0x00000205aa474870 DEOPT UNPACKING pc=0x00000205a026ace3 sp=0x000000dfd21fd740 mode 0
Event: 53.010 Thread 0x00000205aa474870 DEOPT PACKING pc=0x00000205a0ce1d0c sp=0x000000dfd21fe390
Event: 53.010 Thread 0x00000205aa474870 DEOPT UNPACKING pc=0x00000205a026ace3 sp=0x000000dfd21fd8f8 mode 0
Event: 53.010 Thread 0x00000205aa474870 DEOPT PACKING pc=0x00000205a0d229cc sp=0x000000dfd21fe4c0
Event: 53.010 Thread 0x00000205aa474870 DEOPT UNPACKING pc=0x00000205a026ace3 sp=0x000000dfd21fd9b8 mode 0
Event: 53.016 Thread 0x00000205aa474870 DEOPT PACKING pc=0x00000205a0ce1d0c sp=0x000000dfd21fe830
Event: 53.016 Thread 0x00000205aa474870 DEOPT UNPACKING pc=0x00000205a026ace3 sp=0x000000dfd21fdd98 mode 0
Event: 53.016 Thread 0x00000205aa474870 DEOPT PACKING pc=0x00000205a0d229cc sp=0x000000dfd21fe960
Event: 53.016 Thread 0x00000205aa474870 DEOPT UNPACKING pc=0x00000205a026ace3 sp=0x000000dfd21fde58 mode 0
Event: 434.023 Thread 0x00000205aa38b850 DEOPT PACKING pc=0x00000205a0899554 sp=0x000000dfd19fecf0
Event: 434.023 Thread 0x00000205aa38b850 DEOPT UNPACKING pc=0x00000205a026ace3 sp=0x000000dfd19fe198 mode 0

Classes unloaded (20 events):
Event: 148.344 Thread 0x00000205a8c12970 Unloading class 0x0000000100091c00 'java/lang/invoke/LambdaForm$MH+0x0000000100091c00'
Event: 148.344 Thread 0x00000205a8c12970 Unloading class 0x0000000100091800 'java/lang/invoke/LambdaForm$MH+0x0000000100091800'
Event: 148.344 Thread 0x00000205a8c12970 Unloading class 0x0000000100091400 'java/lang/invoke/LambdaForm$MH+0x0000000100091400'
Event: 148.344 Thread 0x00000205a8c12970 Unloading class 0x0000000100091000 'java/lang/invoke/LambdaForm$MH+0x0000000100091000'
Event: 148.344 Thread 0x00000205a8c12970 Unloading class 0x0000000100090c00 'java/lang/invoke/LambdaForm$MH+0x0000000100090c00'
Event: 148.344 Thread 0x00000205a8c12970 Unloading class 0x0000000100090800 'java/lang/invoke/LambdaForm$MH+0x0000000100090800'
Event: 148.344 Thread 0x00000205a8c12970 Unloading class 0x0000000100090400 'java/lang/invoke/LambdaForm$MH+0x0000000100090400'
Event: 148.344 Thread 0x00000205a8c12970 Unloading class 0x000000010008b800 'java/lang/invoke/LambdaForm$MH+0x000000010008b800'
Event: 148.344 Thread 0x00000205a8c12970 Unloading class 0x000000010008b400 'java/lang/invoke/LambdaForm$MH+0x000000010008b400'
Event: 148.344 Thread 0x00000205a8c12970 Unloading class 0x000000010008b000 'java/lang/invoke/LambdaForm$MH+0x000000010008b000'
Event: 148.344 Thread 0x00000205a8c12970 Unloading class 0x000000010008ac00 'java/lang/invoke/LambdaForm$MH+0x000000010008ac00'
Event: 148.344 Thread 0x00000205a8c12970 Unloading class 0x000000010008a800 'java/lang/invoke/LambdaForm$MH+0x000000010008a800'
Event: 148.344 Thread 0x00000205a8c12970 Unloading class 0x000000010008a400 'java/lang/invoke/LambdaForm$MH+0x000000010008a400'
Event: 148.344 Thread 0x00000205a8c12970 Unloading class 0x0000000100089c00 'java/lang/invoke/LambdaForm$MH+0x0000000100089c00'
Event: 148.344 Thread 0x00000205a8c12970 Unloading class 0x0000000100089400 'java/lang/invoke/LambdaForm$MH+0x0000000100089400'
Event: 148.344 Thread 0x00000205a8c12970 Unloading class 0x0000000100088c00 'java/lang/invoke/LambdaForm$MH+0x0000000100088c00'
Event: 148.344 Thread 0x00000205a8c12970 Unloading class 0x0000000100088400 'java/lang/invoke/LambdaForm$MH+0x0000000100088400'
Event: 4350.217 Thread 0x00000205a8c12970 Unloading class 0x00000001003ac800 'java/lang/invoke/LambdaForm$MH+0x00000001003ac800'
Event: 4350.217 Thread 0x00000205a8c12970 Unloading class 0x0000000100511000 'java/lang/invoke/LambdaForm$MH+0x0000000100511000'
Event: 4350.217 Thread 0x00000205a8c12970 Unloading class 0x0000000100538000 'java/lang/invoke/LambdaForm$MH+0x0000000100538000'

Classes redefined (0 events):
No events

Internal exceptions (20 events):
Event: 50.311 Thread 0x00000205aa68cd40 Exception <a 'java/lang/NoSuchMethodError'{0x00000000c3995e98}: 'int java.lang.invoke.DirectMethodHandle$Holder.invokeSpecialIFC(java.lang.Object, java.lang.Object, java.lang.Object)'> (0x00000000c3995e98) 
thrown [s\src\hotspot\share\interpreter\linkResolver.cpp, line 759]
Event: 50.571 Thread 0x00000205aa474870 Implicit null exception at 0x00000205a0beb744 to 0x00000205a0beb969
Event: 50.801 Thread 0x00000205aa68cd40 Implicit null exception at 0x00000205a0c1e60a to 0x00000205a0c1ebf3
Event: 50.801 Thread 0x00000205aa68cd40 Implicit null exception at 0x00000205a0c21f0f to 0x00000205a0c223ff
Event: 50.955 Thread 0x00000205aa473530 Exception <a 'java/lang/NoSuchMethodError'{0x00000000c37b2258}: 'int java.lang.invoke.DirectMethodHandle$Holder.invokeStatic(java.lang.Object, int, java.lang.Object)'> (0x00000000c37b2258) 
thrown [s\src\hotspot\share\interpreter\linkResolver.cpp, line 759]
Event: 50.990 Thread 0x00000205aa68cd40 Implicit null exception at 0x00000205a0c36b10 to 0x00000205a0c370ca
Event: 52.892 Thread 0x00000205aa474870 Implicit null exception at 0x00000205a0d8eada to 0x00000205a0d8ed1b
Event: 53.081 Thread 0x00000205aa474870 Exception <a 'sun/nio/fs/WindowsException'{0x00000000c76ee868}> (0x00000000c76ee868) 
thrown [s\src\hotspot\share\prims\jni.cpp, line 516]
Event: 53.081 Thread 0x00000205aa474870 Exception <a 'sun/nio/fs/WindowsException'{0x00000000c76ef540}> (0x00000000c76ef540) 
thrown [s\src\hotspot\share\prims\jni.cpp, line 516]
Event: 53.082 Thread 0x00000205aa474870 Exception <a 'sun/nio/fs/WindowsException'{0x00000000c76f01c8}> (0x00000000c76f01c8) 
thrown [s\src\hotspot\share\prims\jni.cpp, line 516]
Event: 53.082 Thread 0x00000205aa474870 Exception <a 'sun/nio/fs/WindowsException'{0x00000000c76f0f68}> (0x00000000c76f0f68) 
thrown [s\src\hotspot\share\prims\jni.cpp, line 516]
Event: 53.082 Thread 0x00000205aa474870 Exception <a 'sun/nio/fs/WindowsException'{0x00000000c76f1d88}> (0x00000000c76f1d88) 
thrown [s\src\hotspot\share\prims\jni.cpp, line 516]
Event: 53.089 Thread 0x00000205aa474870 Exception <a 'sun/nio/fs/WindowsException'{0x00000000c76f9408}> (0x00000000c76f9408) 
thrown [s\src\hotspot\share\prims\jni.cpp, line 516]
Event: 53.090 Thread 0x00000205aa474870 Exception <a 'sun/nio/fs/WindowsException'{0x00000000c76fa0e0}> (0x00000000c76fa0e0) 
thrown [s\src\hotspot\share\prims\jni.cpp, line 516]
Event: 53.090 Thread 0x00000205aa474870 Exception <a 'sun/nio/fs/WindowsException'{0x00000000c76fad68}> (0x00000000c76fad68) 
thrown [s\src\hotspot\share\prims\jni.cpp, line 516]
Event: 53.090 Thread 0x00000205aa474870 Exception <a 'sun/nio/fs/WindowsException'{0x00000000c76fbb08}> (0x00000000c76fbb08) 
thrown [s\src\hotspot\share\prims\jni.cpp, line 516]
Event: 53.090 Thread 0x00000205aa474870 Exception <a 'sun/nio/fs/WindowsException'{0x00000000c76fc928}> (0x00000000c76fc928) 
thrown [s\src\hotspot\share\prims\jni.cpp, line 516]
Event: 53.124 Thread 0x00000205aa474870 Exception <a 'sun/nio/fs/WindowsException'{0x00000000c75302e8}> (0x00000000c75302e8) 
thrown [s\src\hotspot\share\prims\jni.cpp, line 516]
Event: 85.356 Thread 0x00000205a9e5b8d0 Exception <a 'java/lang/NoSuchMethodError'{0x00000000c721bc30}: 'void java.lang.invoke.DirectMethodHandle$Holder.invokeStatic(java.lang.Object, long)'> (0x00000000c721bc30) 
thrown [s\src\hotspot\share\interpreter\linkResolver.cpp, line 759]
Event: 85.357 Thread 0x00000205a9e5b8d0 Exception <a 'java/lang/NoSuchMethodError'{0x00000000c7220fe0}: 'java.lang.Object java.lang.invoke.DirectMethodHandle$Holder.newInvokeSpecial(java.lang.Object, long)'> (0x00000000c7220fe0) 
thrown [s\src\hotspot\share\interpreter\linkResolver.cpp, line 759]

VM Operations (20 events):
Event: 778198.836 Executing VM operation: G1CollectFull done
Event: 778209.420 Executing VM operation: G1CollectFull
Event: 778209.477 Executing VM operation: G1CollectFull done
Event: 778220.008 Executing VM operation: G1CollectFull
Event: 778220.054 Executing VM operation: G1CollectFull done
Event: 778230.547 Executing VM operation: G1CollectFull
Event: 778230.595 Executing VM operation: G1CollectFull done
Event: 778241.105 Executing VM operation: G1CollectFull
Event: 778241.151 Executing VM operation: G1CollectFull done
Event: 778251.733 Executing VM operation: G1CollectFull
Event: 778251.788 Executing VM operation: G1CollectFull done
Event: 778262.322 Executing VM operation: G1CollectFull
Event: 778262.392 Executing VM operation: G1CollectFull done
Event: 778272.930 Executing VM operation: G1CollectFull
Event: 778272.974 Executing VM operation: G1CollectFull done
Event: 778283.551 Executing VM operation: G1CollectFull
Event: 778283.601 Executing VM operation: G1CollectFull done
Event: 778294.327 Executing VM operation: G1CollectFull
Event: 778294.381 Executing VM operation: G1CollectFull done
Event: 778304.581 Executing VM operation: G1CollectFull

Events (20 events):
Event: 8114.395 Thread 0x00000205aa68cd40 Thread exited: 0x00000205aa68cd40
Event: 8114.396 Thread 0x00000205aa68e080 Thread exited: 0x00000205aa68e080
Event: 19856.209 Thread 0x00000205aa68e550 Thread added: 0x00000205aa68e550
Event: 19856.220 Thread 0x00000205aa68cd40 Thread added: 0x00000205aa68cd40
Event: 19916.329 Thread 0x00000205aa68cd40 Thread exited: 0x00000205aa68cd40
Event: 19916.330 Thread 0x00000205aa68e550 Thread exited: 0x00000205aa68e550
Event: 19917.218 Thread 0x00000205aa68b060 Thread added: 0x00000205aa68b060
Event: 19917.229 Thread 0x00000205aa68d210 Thread added: 0x00000205aa68d210
Event: 19977.302 Thread 0x00000205aa68d210 Thread exited: 0x00000205aa68d210
Event: 20030.787 Thread 0x00000205aa68b060 Thread exited: 0x00000205aa68b060
Event: 171943.996 Thread 0x00000205aa68cd40 Thread added: 0x00000205aa68cd40
Event: 171944.007 Thread 0x00000205aa68d210 Thread added: 0x00000205aa68d210
Event: 172004.099 Thread 0x00000205aa68d210 Thread exited: 0x00000205aa68d210
Event: 172004.785 Thread 0x00000205aa68b060 Thread added: 0x00000205aa68b060
Event: 172004.788 Thread 0x00000205aa773b00 Thread added: 0x00000205aa773b00
Event: 172004.788 Thread 0x00000205aa774010 Thread added: 0x00000205aa774010
Event: 172009.857 Thread 0x00000205aa774010 Thread exited: 0x00000205aa774010
Event: 172014.857 Thread 0x00000205aa773b00 Thread exited: 0x00000205aa773b00
Event: 172064.844 Thread 0x00000205aa68b060 Thread exited: 0x00000205aa68b060
Event: 172064.846 Thread 0x00000205aa68cd40 Thread exited: 0x00000205aa68cd40


Dynamic libraries:
0x00007ff76cef0000 - 0x00007ff76cefe000 	c:\Users\mx02944\.vscode\extensions\redhat.java-1.15.0-win32-x64\jre\17.0.6-win32-x86_64\bin\java.exe
0x00007fff34980000 - 0x00007fff34b70000 	C:\Windows\SYSTEM32\ntdll.dll
0x00007fff33bd0000 - 0x00007fff33c82000 	C:\Windows\System32\KERNEL32.DLL
0x00007fff31c50000 - 0x00007fff31ef3000 	C:\Windows\System32\KERNELBASE.dll
0x00007fff32050000 - 0x00007fff3214a000 	C:\Windows\System32\ucrtbase.dll
0x00007fff27ed0000 - 0x00007fff27ee7000 	c:\Users\mx02944\.vscode\extensions\redhat.java-1.15.0-win32-x64\jre\17.0.6-win32-x86_64\bin\jli.dll
0x00007fff33910000 - 0x00007fff33aa4000 	C:\Windows\System32\USER32.dll
0x00007fff31ba0000 - 0x00007fff31bc1000 	C:\Windows\System32\win32u.dll
0x00007fff32b00000 - 0x00007fff32b26000 	C:\Windows\System32\GDI32.dll
0x00007fff319e0000 - 0x00007fff31b74000 	C:\Windows\System32\gdi32full.dll
0x00007fff31940000 - 0x00007fff319de000 	C:\Windows\System32\msvcp_win.dll
0x00007fff27eb0000 - 0x00007fff27ec9000 	c:\Users\mx02944\.vscode\extensions\redhat.java-1.15.0-win32-x64\jre\17.0.6-win32-x86_64\bin\VCRUNTIME140.dll
0x00007fff1af80000 - 0x00007fff1b205000 	C:\Windows\WinSxS\amd64_microsoft.windows.common-controls_6595b64144ccf1df_6.0.18362.720_none_e6beb5c51314836b\COMCTL32.dll
0x00007fff33e00000 - 0x00007fff33e9e000 	C:\Windows\System32\msvcrt.dll
0x00007fff34470000 - 0x00007fff347a6000 	C:\Windows\System32\combase.dll
0x00007fff33ab0000 - 0x00007fff33bd0000 	C:\Windows\System32\RPCRT4.dll
0x00007fff31bd0000 - 0x00007fff31c50000 	C:\Windows\System32\bcryptPrimitives.dll
0x00007fff33f50000 - 0x00007fff33f7e000 	C:\Windows\System32\IMM32.DLL
0x00007fff27dd0000 - 0x00007fff27ddc000 	c:\Users\mx02944\.vscode\extensions\redhat.java-1.15.0-win32-x64\jre\17.0.6-win32-x86_64\bin\vcruntime140_1.dll
0x00007fff264b0000 - 0x00007fff26541000 	c:\Users\mx02944\.vscode\extensions\redhat.java-1.15.0-win32-x64\jre\17.0.6-win32-x86_64\bin\msvcp140.dll
0x00007ffea7210000 - 0x00007ffea7e57000 	c:\Users\mx02944\.vscode\extensions\redhat.java-1.15.0-win32-x64\jre\17.0.6-win32-x86_64\bin\server\jvm.dll
0x00007fff32b90000 - 0x00007fff32c33000 	C:\Windows\System32\ADVAPI32.dll
0x00007fff347b0000 - 0x00007fff34847000 	C:\Windows\System32\sechost.dll
0x00007fff0d660000 - 0x00007fff0d669000 	C:\Windows\SYSTEM32\WSOCK32.dll
0x00007fff33790000 - 0x00007fff337ff000 	C:\Windows\System32\WS2_32.dll
0x00007fff1a9e0000 - 0x00007fff1aa04000 	C:\Windows\SYSTEM32\WINMM.dll
0x00007fff2b5b0000 - 0x00007fff2b5ba000 	C:\Windows\SYSTEM32\VERSION.dll
0x00007fff207d0000 - 0x00007fff207fd000 	C:\Windows\SYSTEM32\WINMMBASE.dll
0x00007fff32150000 - 0x00007fff3219a000 	C:\Windows\System32\cfgmgr32.dll
0x00007fff31870000 - 0x00007fff31881000 	C:\Windows\System32\kernel.appcore.dll
0x00007fff27dc0000 - 0x00007fff27dca000 	c:\Users\mx02944\.vscode\extensions\redhat.java-1.15.0-win32-x64\jre\17.0.6-win32-x86_64\bin\jimage.dll
0x00007fff2fd70000 - 0x00007fff2ff64000 	C:\Windows\SYSTEM32\DBGHELP.DLL
0x00007fff1b480000 - 0x00007fff1b4aa000 	C:\Windows\SYSTEM32\dbgcore.DLL
0x00007fff26250000 - 0x00007fff26275000 	c:\Users\mx02944\.vscode\extensions\redhat.java-1.15.0-win32-x64\jre\17.0.6-win32-x86_64\bin\java.dll
0x00007fff26490000 - 0x00007fff264a8000 	c:\Users\mx02944\.vscode\extensions\redhat.java-1.15.0-win32-x64\jre\17.0.6-win32-x86_64\bin\zip.dll
0x00007fff32e00000 - 0x00007fff334e5000 	C:\Windows\System32\SHELL32.dll
0x00007fff33800000 - 0x00007fff338a9000 	C:\Windows\System32\shcore.dll
0x00007fff32200000 - 0x00007fff32980000 	C:\Windows\System32\windows.storage.dll
0x00007fff31890000 - 0x00007fff318b3000 	C:\Windows\System32\profapi.dll
0x00007fff318c0000 - 0x00007fff3190a000 	C:\Windows\System32\powrprof.dll
0x00007fff31840000 - 0x00007fff31850000 	C:\Windows\System32\UMPDC.dll
0x00007fff338b0000 - 0x00007fff33902000 	C:\Windows\System32\shlwapi.dll
0x00007fff31b80000 - 0x00007fff31b97000 	C:\Windows\System32\cryptsp.dll
0x00007fff26400000 - 0x00007fff26419000 	C:\Users\mx02944\.vscode\extensions\redhat.java-1.15.0-win32-x64\jre\17.0.6-win32-x86_64\bin\net.dll
0x00007fff29810000 - 0x00007fff29901000 	C:\Windows\SYSTEM32\WINHTTP.dll
0x00007fff31000000 - 0x00007fff31067000 	C:\Windows\system32\mswsock.dll
0x00007fff263e0000 - 0x00007fff263f5000 	C:\Users\mx02944\.vscode\extensions\redhat.java-1.15.0-win32-x64\jre\17.0.6-win32-x86_64\bin\nio.dll
0x00007fff30910000 - 0x00007fff30943000 	C:\Windows\system32\rsaenh.dll
0x00007fff31910000 - 0x00007fff31936000 	C:\Windows\System32\bcrypt.dll
0x00007fff31760000 - 0x00007fff31785000 	C:\Windows\SYSTEM32\USERENV.dll
0x00007fff31180000 - 0x00007fff3118c000 	C:\Windows\SYSTEM32\CRYPTBASE.dll
0x00007fff30d20000 - 0x00007fff30d5a000 	C:\Windows\SYSTEM32\IPHLPAPI.DLL
0x00007fff32df0000 - 0x00007fff32df8000 	C:\Windows\System32\NSI.dll
0x00007fff2c390000 - 0x00007fff2c3a6000 	C:\Windows\SYSTEM32\dhcpcsvc6.DLL
0x00007fff2c2e0000 - 0x00007fff2c2fc000 	C:\Windows\SYSTEM32\dhcpcsvc.DLL
0x00007fff30d60000 - 0x00007fff30e2a000 	C:\Windows\SYSTEM32\DNSAPI.dll
0x00007fff27d50000 - 0x00007fff27d60000 	c:\Users\mx02944\.vscode\extensions\redhat.java-1.15.0-win32-x64\jre\17.0.6-win32-x86_64\bin\verify.dll
0x00007fff27f20000 - 0x00007fff27f29000 	C:\Users\mx02944\.vscode\extensions\redhat.java-1.15.0-win32-x64\jre\17.0.6-win32-x86_64\bin\management.dll
0x00007fff25d70000 - 0x00007fff25d7b000 	C:\Users\mx02944\.vscode\extensions\redhat.java-1.15.0-win32-x64\jre\17.0.6-win32-x86_64\bin\management_ext.dll
0x00007fff33550000 - 0x00007fff33558000 	C:\Windows\System32\PSAPI.DLL
0x00007fff2caa0000 - 0x00007fff2caae000 	C:\Users\mx02944\.vscode\extensions\redhat.java-1.15.0-win32-x64\jre\17.0.6-win32-x86_64\bin\sunmscapi.dll
0x00007fff31f00000 - 0x00007fff32049000 	C:\Windows\System32\CRYPT32.dll
0x00007fff31850000 - 0x00007fff31862000 	C:\Windows\System32\MSASN1.dll
0x00007fff31290000 - 0x00007fff312b6000 	C:\Windows\SYSTEM32\ncrypt.dll
0x00007fff31250000 - 0x00007fff3128b000 	C:\Windows\SYSTEM32\NTASN1.dll
0x00007fff28e10000 - 0x00007fff28e1a000 	C:\Windows\System32\rasadhlp.dll
0x00007fff2ce60000 - 0x00007fff2ced7000 	C:\Windows\System32\fwpuclnt.dll

dbghelp: loaded successfully - version: 4.0.5 - missing functions: none
symbol engine: initialized successfully - sym options: 0x614 - pdb path: .;c:\Users\mx02944\.vscode\extensions\redhat.java-1.15.0-win32-x64\jre\17.0.6-win32-x86_64\bin;C:\Windows\SYSTEM32;C:\Windows\WinSxS\amd64_microsoft.windows.common-controls_6595b64144ccf1df_6.0.18362.720_none_e6beb5c51314836b;c:\Users\mx02944\.vscode\extensions\redhat.java-1.15.0-win32-x64\jre\17.0.6-win32-x86_64\bin\server

VM Arguments:
jvm_args: -XX:+HeapDumpOnOutOfMemoryError -Xmx1024m -Dsts.lsp.client=vscode -Dsts.log.file=/dev/null -XX:TieredStopAtLevel=1 -Xlog:jni+resolve=off -Dspring.config.location=file:c:\Users\mx02944\.vscode\extensions\vmware.vscode-spring-boot-1.49.0\language-server\BOOT-INF\classes\application.properties 
java_command: org.springframework.ide.vscode.boot.app.BootLanguageServerBootApp
java_class_path (initial): c:\Users\mx02944\.vscode\extensions\vmware.vscode-spring-boot-1.49.0\language-server\BOOT-INF\classes;c:\Users\mx02944\.vscode\extensions\vmware.vscode-spring-boot-1.49.0\language-server\BOOT-INF\lib\annotations-24.0.1.jar;c:\Users\mx02944\.vscode\extensions\vmware.vscode-spring-boot-1.49.0\language-server\BOOT-INF\lib\antlr-runtime-3.5.3.jar;c:\Users\mx02944\.vscode\extensions\vmware.vscode-spring-boot-1.49.0\language-server\BOOT-INF\lib\antlr4-4.11.1.jar;c:\Users\mx02944\.vscode\extensions\vmware.vscode-spring-boot-1.49.0\language-server\BOOT-INF\lib\antlr4-runtime-4.11.1.jar;c:\Users\mx02944\.vscode\extensions\vmware.vscode-spring-boot-1.49.0\language-server\BOOT-INF\lib\archunit-1.1.0.jar;c:\Users\mx02944\.vscode\extensions\vmware.vscode-spring-boot-1.49.0\language-server\BOOT-INF\lib\asm-9.5.jar;c:\Users\mx02944\.vscode\extensions\vmware.vscode-spring-boot-1.49.0\language-server\BOOT-INF\lib\asm-analysis-9.5.jar;c:\Users\mx02944\.vscode\extensions\vmware.vscode-spring-boot-1.49.0\language-server\BOOT-INF\lib\asm-tree-9.5.jar;c:\Users\mx02944\.vscode\extensions\vmware.vscode-spring-boot-1.49.0\language-server\BOOT-INF\lib\asm-util-9.5.jar;c:\Users\mx02944\.vscode\extensions\vmware.vscode-spring-boot-1.49.0\language-server\BOOT-INF\lib\bosh-language-server-1.49.0-SNAPSHOT.jar;c:\Users\mx02944\.vscode\extensions\vmware.vscode-spring-boot-1.49.0\language-server\BOOT-INF\lib\caffeine-3.1.6.jar;c:\Users\mx02944\.vscode\extensions\vmware.vscode-spring-boot-1.49.0\language-server\BOOT-INF\lib\checker-qual-3.12.0.jar;c:\Users\mx02944\.vscode\extensions\vmware.vscode-spring-boot-1.49.0\language-server\BOOT-INF\lib\classgraph-4.8.149.jar;c:\Users\mx02944\.vscode\extensions\vmware.vscode-spring-boot-1.49.0\language-server\BOOT-INF\lib\commons-codec-1.15.jar;c:\Users\mx02944\.vscode\extensions\vmware.vscode-spring-boot-1.49.0\language-server\BOOT-INF\lib\commons-compress-1.23.0.jar;c:\Users\mx02944\.vscode\extensions\vmware.vscode-spring-boot-1.
Launcher Type: SUN_STANDARD

[Global flags]
     intx CICompilerCount                          = 4                                         {product} {ergonomic}
     uint ConcGCThreads                            = 2                                         {product} {ergonomic}
     uint G1ConcRefinementThreads                  = 8                                         {product} {ergonomic}
   size_t G1HeapRegionSize                         = 1048576                                   {product} {ergonomic}
    uintx GCDrainStackTargetSize                   = 64                                        {product} {ergonomic}
     bool HeapDumpOnOutOfMemoryError               = true                                   {manageable} {command line}
   size_t InitialHeapSize                          = 266338304                                 {product} {ergonomic}
   size_t MarkStackSize                            = 4194304                                   {product} {ergonomic}
   size_t MaxHeapSize                              = 1073741824                                {product} {command line}
   size_t MaxNewSize                               = 643825664                                 {product} {ergonomic}
   size_t MinHeapDeltaBytes                        = 1048576                                   {product} {ergonomic}
   size_t MinHeapSize                              = 8388608                                   {product} {ergonomic}
    uintx NonProfiledCodeHeapSize                  = 0                                      {pd product} {ergonomic}
     bool ProfileInterpreter                       = false                                  {pd product} {command line}
    uintx ProfiledCodeHeapSize                     = 0                                      {pd product} {ergonomic}
   size_t SoftMaxHeapSize                          = 1073741824                             {manageable} {ergonomic}
     intx TieredStopAtLevel                        = 1                                         {product} {command line}
     bool UseCompressedClassPointers               = true                           {product lp64_product} {ergonomic}
     bool UseCompressedOops                        = true                           {product lp64_product} {ergonomic}
     bool UseG1GC                                  = true                                      {product} {ergonomic}
     bool UseLargePagesIndividualAllocation        = false                                  {pd product} {ergonomic}

Logging:
Log output configuration:
 #0: stdout all=warning,jni+resolve=off uptime,level,tags
 #1: stderr all=off uptime,level,tags

Environment Variables:
JAVA_HOME=C:\Program Files\Java\jdk-16.0.1
CLASSPATH=.;C:\Program Files\Java\jdk-16.0.1\bin;
PATH=C:\Program Files\Microsoft\jdk-11.0.12.7-hotspot\bin;C:\Program Files\Common Files\Oracle\Java\javapath;C:\Program Files (x86)\Common Files\Oracle\Java\javapath;C:\Program Files\Microsoft MPI\Bin\;C:\Program Files (x86)\RSA SecurID Token Common;C:\Program Files\RSA SecurID Token Common;C:\oracle\bin;C:\Windows\system32;C:\Windows;C:\Windows\System32\Wbem;C:\Windows\System32\WindowsPowerShell\v1.0\;C:\Windows\System32\OpenSSH\;C:\Program Files\dotnet\;C:\Program Files\Microsoft SQL Server\Client SDK\ODBC\170\Tools\Binn\;C:\Program Files\Microsoft SQL Server\Client SDK\ODBC\130\Tools\Binn\;C:\Program Files\PuTTY\;C:\Program Files (x86)\Microsoft SQL Server\140\Tools\Binn\;C:\Program Files\Microsoft SQL Server\140\Tools\Binn\;C:\Program Files (x86)\Microsoft SQL Server\140\DTS\Binn\;C:\Program Files\Microsoft SQL Server\140\DTS\Binn\;C:\Program Files (x86)\Microsoft SQL Server\150\DTS\Binn\;C:\Program Files\Git\cmd;C:\Program Files\nodejs\;C:\Program Files\Java\jdk-16.0.1\bin;C:\Program Files\Java\jdk-14.0.2\bin;C:\Program Files\Java\jdk-16.0.1\bin;C:\Program Files\Microsoft SQL Server\130\Tools\Binn\;C:\Program Files\Microsoft SQL Server\150\Tools\Binn\;C:\Users\mx02944\AppData\Local\Microsoft\WindowsApps;C:\Users\mx02944\AppData\Local\Programs\Microsoft VS Code\bin;C:\Users\mx02944\AppData\Roaming\npm;C:\Program Files\JetBrains\IntelliJ IDEA 2021.3.2\bin;;C:\jdk-17.0.1\bin;C:\Users\mx02944\.dotnet\tools;C:\Users\mx02944\.dotnet\tools
USERNAME=MX02944
OS=Windows_NT
PROCESSOR_IDENTIFIER=Intel64 Family 6 Model 126 Stepping 5, GenuineIntel
TMP=C:\Users\mx02944\AppData\Local\Temp
TEMP=C:\Users\mx02944\AppData\Local\Temp



---------------  S Y S T E M  ---------------

OS:
 Windows 10 , 64 bit Build 18362 (10.0.18362.329)
OS uptime: 9 days 0:16 hours
Hyper-V role detected

CPU: total 8 (initial active 8) (4 cores per cpu, 2 threads per core) family 6 model 126 stepping 5 microcode 0x48, cx8, cmov, fxsr, ht, mmx, 3dnowpref, sse, sse2, sse3, ssse3, sse4.1, sse4.2, popcnt, lzcnt, tsc, tscinvbit, avx, avx2, aes, erms, clmul, bmi1, bmi2, adx, avx512f, avx512dq, avx512cd, avx512bw, avx512vl, sha, fma, vzeroupper, avx512_vpopcntdq, avx512_vpclmulqdq, avx512_vaes, avx512_vnni, clflush, clflushopt, avx512_vbmi2, avx512_vbmi, hv

Memory: 4k page, system-wide physical 16151M (1744M free)
TotalPageFile size 34711M (AvailPageFile size 8M)
current process WorkingSet (physical memory assigned to process): 62M, peak: 228M
current process commit charge ("private bytes"): 246M, peak: 366M

vm_info: OpenJDK 64-Bit Server VM (17.0.6+10) for windows-amd64 JRE (17.0.6+10), built on Jan 18 2023 10:08:59 by "temurin" with MS VC++ 16.7 (VS2019)

END.
