#
# There is insufficient memory for the Java Runtime Environment to continue.
# Native memory allocation (malloc) failed to allocate 2097152 bytes for AllocateHeap
# Possible reasons:
#   The system is out of physical RAM or swap space
#   The process is running with CompressedOops enabled, and the Java Heap may be blocking the growth of the native heap
# Possible solutions:
#   Reduce memory load on the system
#   Increase physical memory or swap space
#   Check if swap backing store is full
#   Decrease Java heap size (-Xmx/-Xms)
#   Decrease number of Java threads
#   Decrease Java thread stack sizes (-Xss)
#   Set larger code cache with -XX:ReservedCodeCacheSize=
#   JVM is running with Unscaled Compressed Oops mode in which the Java heap is
#     placed in the first 4GB address space. The Java Heap base address is the
#     maximum limit for the native heap growth. Please use -XX:HeapBaseMinAddress
#     to set the Java Heap base and to place the Java Heap above 4GB virtual address.
# This output file may be truncated or incomplete.
#
#  Out of Memory Error (allocation.cpp:44), pid=18308, tid=21804
#
# JRE version: OpenJDK Runtime Environment Temurin-17.0.6+10 (17.0.6+10) (build 17.0.6+10)
# Java VM: OpenJDK 64-Bit Server VM Temurin-17.0.6+10 (17.0.6+10, mixed mode, emulated-client, tiered, compressed oops, compressed class ptrs, g1 gc, windows-amd64)
# No core dump will be written. Minidumps are not enabled by default on client versions of Windows
#

---------------  S U M M A R Y ------------

Command Line: -XX:+HeapDumpOnOutOfMemoryError -Xmx1024m -Dsts.lsp.client=vscode -Dsts.log.file=/dev/null -XX:TieredStopAtLevel=1 -Xlog:jni+resolve=off -Dspring.config.location=file:c:\Users\mx02944\.vscode\extensions\vmware.vscode-spring-boot-1.49.0\language-server\BOOT-INF\classes\application.properties org.springframework.ide.vscode.boot.app.BootLanguageServerBootApp

Host: Intel(R) Core(TM) i5-1035G1 CPU @ 1.00GHz, 8 cores, 15G,  Windows 10 , 64 bit Build 18362 (10.0.18362.329)
Time: Tue Oct 31 21:08:44 2023 Hora estándar central (México) elapsed time: 109722.859918 seconds (1d 6h 28m 42s)

---------------  T H R E A D  ---------------

Current thread (0x000001e3cc021690):  VMThread "VM Thread" [stack: 0x000000c9b1900000,0x000000c9b1a00000] [id=21804]

Stack: [0x000000c9b1900000,0x000000c9b1a00000]
Native frames: (J=compiled Java code, j=interpreted, Vv=VM code, C=native code)
V  [jvm.dll+0x67741a]
V  [jvm.dll+0x834434]
V  [jvm.dll+0x835bde]
V  [jvm.dll+0x836243]
V  [jvm.dll+0x2457b5]
V  [jvm.dll+0xa626f]
V  [jvm.dll+0x2f5b61]
V  [jvm.dll+0x2f17e0]
V  [jvm.dll+0x2d9ee7]
V  [jvm.dll+0x31ce67]
V  [jvm.dll+0x83a6eb]
V  [jvm.dll+0x83b424]
V  [jvm.dll+0x83b93c]
V  [jvm.dll+0x83bd14]
V  [jvm.dll+0x83bde0]
V  [jvm.dll+0x7e483a]
V  [jvm.dll+0x6762c5]
C  [ucrtbase.dll+0x20e72]
C  [KERNEL32.DLL+0x17bd4]
C  [ntdll.dll+0x6ced1]

VM_Operation (0x000000c9b26fecd0): G1CollectFull, mode: safepoint, requested by thread 0x000001e3cd5b6590


---------------  P R O C E S S  ---------------

Threads class SMR info:
_java_thread_list=0x000001e3ce752490, length=23, elements={
0x000001e3cc025800, 0x000001e3cc0260c0, 0x000001e3cc02b4a0, 0x000001e3cc02bd60,
0x000001e3cc02e630, 0x000001e3ccc508f0, 0x000001e3ccc511b0, 0x000001e3ccc74650,
0x000001e3cce80b20, 0x000001e3cce83490, 0x000001e3cdc888f0, 0x000001e3cd5b6590,
0x000001e3ce21b850, 0x000001e3c121d170, 0x000001e3cdb9e0c0, 0x000001e3ce2c16e0,
0x000001e3ce3046a0, 0x000001e3ce30aa60, 0x000001e3ccdfb9a0, 0x000001e3cdfe2a20,
0x000001e3cdfe2ef0, 0x000001e3cdfe2550, 0x000001e3cdfe33c0
}

Java Threads: ( => current thread )
  0x000001e3cc025800 JavaThread "Reference Handler" daemon [_thread_blocked, id=2696, stack(0x000000c9b1a00000,0x000000c9b1b00000)]
  0x000001e3cc0260c0 JavaThread "Finalizer" daemon [_thread_blocked, id=23108, stack(0x000000c9b1b00000,0x000000c9b1c00000)]
  0x000001e3cc02b4a0 JavaThread "Signal Dispatcher" daemon [_thread_blocked, id=5692, stack(0x000000c9b1c00000,0x000000c9b1d00000)]
  0x000001e3cc02bd60 JavaThread "Attach Listener" daemon [_thread_blocked, id=22788, stack(0x000000c9b1d00000,0x000000c9b1e00000)]
  0x000001e3cc02e630 JavaThread "Service Thread" daemon [_thread_blocked, id=8024, stack(0x000000c9b1e00000,0x000000c9b1f00000)]
  0x000001e3ccc508f0 JavaThread "Monitor Deflation Thread" daemon [_thread_blocked, id=24004, stack(0x000000c9b1f00000,0x000000c9b2000000)]
  0x000001e3ccc511b0 JavaThread "C1 CompilerThread0" daemon [_thread_blocked, id=17432, stack(0x000000c9b2000000,0x000000c9b2100000)]
  0x000001e3ccc74650 JavaThread "Sweeper thread" daemon [_thread_blocked, id=2724, stack(0x000000c9b2100000,0x000000c9b2200000)]
  0x000001e3cce80b20 JavaThread "Notification Thread" daemon [_thread_blocked, id=1672, stack(0x000000c9b2300000,0x000000c9b2400000)]
  0x000001e3cce83490 JavaThread "Common-Cleaner" daemon [_thread_blocked, id=17680, stack(0x000000c9b2500000,0x000000c9b2600000)]
  0x000001e3cdc888f0 JavaThread "boundedElastic-evictor-1" daemon [_thread_blocked, id=24872, stack(0x000000c9b2200000,0x000000c9b2300000)]
  0x000001e3cd5b6590 JavaThread "pool-11-thread-1" [_thread_blocked, id=25064, stack(0x000000c9b2600000,0x000000c9b2700000)]
  0x000001e3ce21b850 JavaThread "LanguageServerApp-lifecycle" [_thread_blocked, id=25244, stack(0x000000c9b2700000,0x000000c9b2800000)]
  0x000001e3c121d170 JavaThread "DestroyJavaVM" [_thread_blocked, id=23076, stack(0x000000c9b1300000,0x000000c9b1400000)]
  0x000001e3cdb9e0c0 JavaThread "pool-12-thread-1" [_thread_in_native, id=25404, stack(0x000000c9b2f00000,0x000000c9b3000000)]
  0x000001e3ce2c16e0 JavaThread "Simple-Language-Server main thread" daemon [_thread_blocked, id=24080, stack(0x000000c9b3100000,0x000000c9b3200000)]
  0x000001e3ce3046a0 JavaThread "parallel-1" daemon [_thread_blocked, id=5256, stack(0x000000c9b3200000,0x000000c9b3300000)]
  0x000001e3ce30aa60 JavaThread "Reconciler-1" daemon [_thread_blocked, id=4576, stack(0x000000c9b3300000,0x000000c9b3400000)]
  0x000001e3ccdfb9a0 JavaThread "parallel-2" daemon [_thread_blocked, id=2296, stack(0x000000c9b3400000,0x000000c9b3500000)]
  0x000001e3cdfe2a20 JavaThread "pool-5-thread-1" [_thread_blocked, id=24640, stack(0x000000c9b3700000,0x000000c9b3800000)]
  0x000001e3cdfe2ef0 JavaThread "parallel-3" daemon [_thread_blocked, id=17100, stack(0x000000c9b3800000,0x000000c9b3900000)]
  0x000001e3cdfe2550 JavaThread "parallel-4" daemon [_thread_blocked, id=24996, stack(0x000000c9b3900000,0x000000c9b3a00000)]
  0x000001e3cdfe33c0 JavaThread "parallel-5" daemon [_thread_blocked, id=23640, stack(0x000000c9b3a00000,0x000000c9b3b00000)]

Other Threads:
=>0x000001e3cc021690 VMThread "VM Thread" [stack: 0x000000c9b1900000,0x000000c9b1a00000] [id=21804]
  0x000001e3cce50bf0 WatcherThread [stack: 0x000000c9b2400000,0x000000c9b2500000] [id=8544]
  0x000001e3c125a030 GCTaskThread "GC Thread#0" [stack: 0x000000c9b1400000,0x000000c9b1500000] [id=24136]
  0x000001e3cd23ed60 GCTaskThread "GC Thread#1" [stack: 0x000000c9b2800000,0x000000c9b2900000] [id=5816]
  0x000001e3cd23f010 GCTaskThread "GC Thread#2" [stack: 0x000000c9b2900000,0x000000c9b2a00000] [id=23180]
  0x000001e3cd23f2c0 GCTaskThread "GC Thread#3" [stack: 0x000000c9b2a00000,0x000000c9b2b00000] [id=23184]
  0x000001e3cd23f570 GCTaskThread "GC Thread#4" [stack: 0x000000c9b2b00000,0x000000c9b2c00000] [id=5312]
  0x000001e3cd23f820 GCTaskThread "GC Thread#5" [stack: 0x000000c9b2c00000,0x000000c9b2d00000] [id=5204]
  0x000001e3cdae88b0 GCTaskThread "GC Thread#6" [stack: 0x000000c9b2d00000,0x000000c9b2e00000] [id=23316]
  0x000001e3cdae8b60 GCTaskThread "GC Thread#7" [stack: 0x000000c9b2e00000,0x000000c9b2f00000] [id=8876]
  0x000001e3c1262d80 ConcurrentGCThread "G1 Main Marker" [stack: 0x000000c9b1500000,0x000000c9b1600000] [id=10560]
  0x000001e3c12635a0 ConcurrentGCThread "G1 Conc#0" [stack: 0x000000c9b1600000,0x000000c9b1700000] [id=24140]
  0x000001e3cdd17ad0 ConcurrentGCThread "G1 Conc#1" [stack: 0x000000c9b3000000,0x000000c9b3100000] [id=5664]
  0x000001e3cbe9e540 ConcurrentGCThread "G1 Refine#0" [stack: 0x000000c9b1700000,0x000000c9b1800000] [id=23112]
  0x000001e3cbe9ec10 ConcurrentGCThread "G1 Service" [stack: 0x000000c9b1800000,0x000000c9b1900000] [id=7012]

Threads with active compile tasks:

VM state: at safepoint (normal execution)

VM Mutex/Monitor currently owned by a thread:  ([mutex/lock_event])
[0x000001e3bf052ef0] Threads_lock - owner thread: 0x000001e3cc021690
[0x000001e3c120cb00] Heap_lock - owner thread: 0x000001e3cd5b6590

Heap address: 0x00000000c0000000, size: 1024 MB, Compressed Oops mode: 32-bit

CDS archive(s) not mapped
Compressed class space mapped at: 0x0000000100000000-0x0000000140000000, reserved size: 1073741824
Narrow klass base: 0x0000000000000000, Narrow klass shift: 3, Narrow klass range: 0x140000000

GC Precious Log:
 CPUs: 8 total, 8 available
 Memory: 16151M
 Large Page Support: Disabled
 NUMA Support: Disabled
 Compressed Oops: Enabled (32-bit)
 Heap Region Size: 1M
 Heap Min Capacity: 8M
 Heap Initial Capacity: 254M
 Heap Max Capacity: 1G
 Pre-touch: Disabled
 Parallel Workers: 8
 Concurrent Workers: 2
 Concurrent Refinement Workers: 8
 Periodic GC: Disabled

Heap:
 garbage-first heap   total 55296K, used 22096K [0x00000000c0000000, 0x0000000100000000)
  region size 1024K, 1 young (1024K), 0 survivors (0K)
 Metaspace       used 46521K, committed 47104K, reserved 1097728K
  class space    used 6219K, committed 6464K, reserved 1048576K

Heap Regions: E=young(eden), S=young(survivor), O=old, HS=humongous(starts), HC=humongous(continues), CS=collection set, F=free, OA=open archive, CA=closed archive, TAMS=top-at-mark-start (previous, next)
|   0|0x00000000c0000000, 0x00000000c0100000, 0x00000000c0100000|100%| O|  |TAMS 0x00000000c0100000, 0x00000000c0000000| Untracked 
|   1|0x00000000c0100000, 0x00000000c0200000, 0x00000000c0200000|100%| O|  |TAMS 0x00000000c0200000, 0x00000000c0100000| Untracked 
|   2|0x00000000c0200000, 0x00000000c0300000, 0x00000000c0300000|100%| O|  |TAMS 0x00000000c0300000, 0x00000000c0200000| Untracked 
|   3|0x00000000c0300000, 0x00000000c0400000, 0x00000000c0400000|100%| O|  |TAMS 0x00000000c0400000, 0x00000000c0300000| Untracked 
|   4|0x00000000c0400000, 0x00000000c0500000, 0x00000000c0500000|100%| O|  |TAMS 0x00000000c0500000, 0x00000000c0400000| Untracked 
|   5|0x00000000c0500000, 0x00000000c05fffe8, 0x00000000c0600000| 99%| O|  |TAMS 0x00000000c05fffe8, 0x00000000c0500000| Untracked 
|   6|0x00000000c0600000, 0x00000000c0700000, 0x00000000c0700000|100%| O|  |TAMS 0x00000000c0700000, 0x00000000c0600000| Untracked 
|   7|0x00000000c0700000, 0x00000000c0800000, 0x00000000c0800000|100%| O|  |TAMS 0x00000000c0800000, 0x00000000c0700000| Untracked 
|   8|0x00000000c0800000, 0x00000000c08fffb8, 0x00000000c0900000| 99%| O|  |TAMS 0x00000000c08fffb8, 0x00000000c0800000| Untracked 
|   9|0x00000000c0900000, 0x00000000c09fffd8, 0x00000000c0a00000| 99%| O|  |TAMS 0x00000000c09fffd8, 0x00000000c0900000| Untracked 
|  10|0x00000000c0a00000, 0x00000000c0afff28, 0x00000000c0b00000| 99%| O|  |TAMS 0x00000000c0afff28, 0x00000000c0a00000| Untracked 
|  11|0x00000000c0b00000, 0x00000000c0bffce0, 0x00000000c0c00000| 99%| O|  |TAMS 0x00000000c0bffce0, 0x00000000c0b00000| Untracked 
|  12|0x00000000c0c00000, 0x00000000c0cfffc0, 0x00000000c0d00000| 99%| O|  |TAMS 0x00000000c0cfffc0, 0x00000000c0c00000| Untracked 
|  13|0x00000000c0d00000, 0x00000000c0dffff0, 0x00000000c0e00000| 99%| O|  |TAMS 0x00000000c0dffff0, 0x00000000c0d00000| Untracked 
|  14|0x00000000c0e00000, 0x00000000c0efff78, 0x00000000c0f00000| 99%| O|  |TAMS 0x00000000c0efff78, 0x00000000c0e00000| Untracked 
|  15|0x00000000c0f00000, 0x00000000c0ffffe8, 0x00000000c1000000| 99%| O|  |TAMS 0x00000000c0ffffe8, 0x00000000c0f00000| Untracked 
|  16|0x00000000c1000000, 0x00000000c10fffb0, 0x00000000c1100000| 99%| O|  |TAMS 0x00000000c10fffb0, 0x00000000c1000000| Untracked 
|  17|0x00000000c1100000, 0x00000000c11fffd0, 0x00000000c1200000| 99%| O|  |TAMS 0x00000000c11fffd0, 0x00000000c1100000| Untracked 
|  18|0x00000000c1200000, 0x00000000c12fffd0, 0x00000000c1300000| 99%| O|  |TAMS 0x00000000c12fffd0, 0x00000000c1200000| Untracked 
|  19|0x00000000c1300000, 0x00000000c13fffe8, 0x00000000c1400000| 99%| O|  |TAMS 0x00000000c13fffe8, 0x00000000c1300000| Untracked 
|  20|0x00000000c1400000, 0x00000000c14fffe8, 0x00000000c1500000| 99%| O|  |TAMS 0x00000000c14fffe8, 0x00000000c1400000| Untracked 
|  21|0x00000000c1500000, 0x00000000c1594660, 0x00000000c1600000| 57%| O|  |TAMS 0x00000000c1500000, 0x00000000c1500000| Untracked 
|  22|0x00000000c1600000, 0x00000000c1600068, 0x00000000c1700000|  0%| O|  |TAMS 0x00000000c1600000, 0x00000000c1600000| Untracked 
|  23|0x00000000c1700000, 0x00000000c1700000, 0x00000000c1800000|  0%| F|  |TAMS 0x00000000c1700000, 0x00000000c1700000| Untracked 
|  24|0x00000000c1800000, 0x00000000c1800000, 0x00000000c1900000|  0%| F|  |TAMS 0x00000000c1800000, 0x00000000c1800000| Untracked 
|  25|0x00000000c1900000, 0x00000000c1900000, 0x00000000c1a00000|  0%| F|  |TAMS 0x00000000c1900000, 0x00000000c1900000| Untracked 
|  26|0x00000000c1a00000, 0x00000000c1a00000, 0x00000000c1b00000|  0%| F|  |TAMS 0x00000000c1a00000, 0x00000000c1a00000| Untracked 
|  27|0x00000000c1b00000, 0x00000000c1b00000, 0x00000000c1c00000|  0%| F|  |TAMS 0x00000000c1b00000, 0x00000000c1b00000| Untracked 
|  28|0x00000000c1c00000, 0x00000000c1c00000, 0x00000000c1d00000|  0%| F|  |TAMS 0x00000000c1c00000, 0x00000000c1c00000| Untracked 
|  29|0x00000000c1d00000, 0x00000000c1d00000, 0x00000000c1e00000|  0%| F|  |TAMS 0x00000000c1d00000, 0x00000000c1d00000| Untracked 
|  30|0x00000000c1e00000, 0x00000000c1e00000, 0x00000000c1f00000|  0%| F|  |TAMS 0x00000000c1e00000, 0x00000000c1e00000| Untracked 
|  31|0x00000000c1f00000, 0x00000000c1f00000, 0x00000000c2000000|  0%| F|  |TAMS 0x00000000c1f00000, 0x00000000c1f00000| Untracked 
|  32|0x00000000c2000000, 0x00000000c2000000, 0x00000000c2100000|  0%| F|  |TAMS 0x00000000c2000000, 0x00000000c2000000| Untracked 
|  33|0x00000000c2100000, 0x00000000c2100000, 0x00000000c2200000|  0%| F|  |TAMS 0x00000000c2100000, 0x00000000c2100000| Untracked 
|  34|0x00000000c2200000, 0x00000000c2200000, 0x00000000c2300000|  0%| F|  |TAMS 0x00000000c2200000, 0x00000000c2200000| Untracked 
|  35|0x00000000c2300000, 0x00000000c2300000, 0x00000000c2400000|  0%| F|  |TAMS 0x00000000c2300000, 0x00000000c2300000| Untracked 
|  36|0x00000000c2400000, 0x00000000c2400000, 0x00000000c2500000|  0%| F|  |TAMS 0x00000000c2400000, 0x00000000c2400000| Untracked 
|  37|0x00000000c2500000, 0x00000000c2500000, 0x00000000c2600000|  0%| F|  |TAMS 0x00000000c2500000, 0x00000000c2500000| Untracked 
|  38|0x00000000c2600000, 0x00000000c2600000, 0x00000000c2700000|  0%| F|  |TAMS 0x00000000c2600000, 0x00000000c2600000| Untracked 
|  39|0x00000000c2700000, 0x00000000c2700000, 0x00000000c2800000|  0%| F|  |TAMS 0x00000000c2700000, 0x00000000c2700000| Untracked 
|  40|0x00000000c2800000, 0x00000000c2800000, 0x00000000c2900000|  0%| F|  |TAMS 0x00000000c2800000, 0x00000000c2800000| Untracked 
|  41|0x00000000c2900000, 0x00000000c2900000, 0x00000000c2a00000|  0%| F|  |TAMS 0x00000000c2900000, 0x00000000c2900000| Untracked 
|  42|0x00000000c2a00000, 0x00000000c2a00000, 0x00000000c2b00000|  0%| F|  |TAMS 0x00000000c2a00000, 0x00000000c2a00000| Untracked 
|  43|0x00000000c2b00000, 0x00000000c2b00000, 0x00000000c2c00000|  0%| F|  |TAMS 0x00000000c2b00000, 0x00000000c2b00000| Untracked 
|  44|0x00000000c2c00000, 0x00000000c2c00000, 0x00000000c2d00000|  0%| F|  |TAMS 0x00000000c2c00000, 0x00000000c2c00000| Untracked 
|  45|0x00000000c2d00000, 0x00000000c2d00000, 0x00000000c2e00000|  0%| F|  |TAMS 0x00000000c2d00000, 0x00000000c2d00000| Untracked 
|  46|0x00000000c2e00000, 0x00000000c2e00000, 0x00000000c2f00000|  0%| F|  |TAMS 0x00000000c2e00000, 0x00000000c2e00000| Untracked 
| 220|0x00000000cdc00000, 0x00000000cdc00000, 0x00000000cdd00000|  0%| F|  |TAMS 0x00000000cdc00000, 0x00000000cdc00000| Untracked 
| 221|0x00000000cdd00000, 0x00000000cdd00000, 0x00000000cde00000|  0%| F|  |TAMS 0x00000000cdd00000, 0x00000000cdd00000| Untracked 
| 222|0x00000000cde00000, 0x00000000cde00000, 0x00000000cdf00000|  0%| F|  |TAMS 0x00000000cde00000, 0x00000000cde00000| Untracked 
| 223|0x00000000cdf00000, 0x00000000cdf00000, 0x00000000ce000000|  0%| F|  |TAMS 0x00000000cdf00000, 0x00000000cdf00000| Untracked 
| 224|0x00000000ce000000, 0x00000000ce000000, 0x00000000ce100000|  0%| F|  |TAMS 0x00000000ce000000, 0x00000000ce000000| Untracked 
| 252|0x00000000cfc00000, 0x00000000cfc00000, 0x00000000cfd00000|  0%| F|  |TAMS 0x00000000cfc00000, 0x00000000cfc00000| Untracked 
| 253|0x00000000cfd00000, 0x00000000cfd195b0, 0x00000000cfe00000|  9%| E|  |TAMS 0x00000000cfd00000, 0x00000000cfd00000| Complete 

Card table byte_map: [0x000001e3c71a0000,0x000001e3c73a0000] _byte_map_base: 0x000001e3c6ba0000

Marking Bits (Prev, Next): (CMBitMap*) 0x000001e3c125a450, (CMBitMap*) 0x000001e3c125a490
 Prev Bits: [0x000001e3c75a0000, 0x000001e3c85a0000)
 Next Bits: [0x000001e3c85a0000, 0x000001e3c95a0000)

Polling page: 0x000001e3bf1b0000

Metaspace:

Usage:
  Non-class:     39.36 MB used.
      Class:      6.07 MB used.
       Both:     45.43 MB used.

Virtual space:
  Non-class space:       48.00 MB reserved,      39.69 MB ( 83%) committed,  6 nodes.
      Class space:        1.00 GB reserved,       6.31 MB ( <1%) committed,  1 nodes.
             Both:        1.05 GB reserved,      46.00 MB (  4%) committed. 

Chunk freelists:
   Non-Class:  3.81 MB
       Class:  1.59 MB
        Both:  5.40 MB

MaxMetaspaceSize: unlimited
CompressedClassSpaceSize: 1.00 GB
Initial GC threshold: 21.00 MB
Current GC threshold: 76.56 MB
CDS: off
MetaspaceReclaimPolicy: balanced
 - commit_granule_bytes: 65536.
 - commit_granule_words: 8192.
 - virtual_space_node_default_size: 1048576.
 - enlarge_chunks_in_place: 1.
 - new_chunks_are_fully_committed: 0.
 - uncommit_free_chunks: 1.
 - use_allocation_guard: 0.
 - handle_deallocations: 1.


Internal statistics:

num_allocs_failed_limit: 8.
num_arena_births: 582.
num_arena_deaths: 200.
num_vsnodes_births: 7.
num_vsnodes_deaths: 0.
num_space_committed: 736.
num_space_uncommitted: 0.
num_chunks_returned_to_freelist: 242.
num_chunks_taken_from_freelist: 1975.
num_chunk_merges: 78.
num_chunk_splits: 1311.
num_chunks_enlarged: 976.
num_purges: 4.
num_inconsistent_stats: 0.

CodeCache: size=49152Kb used=9084Kb max_used=10405Kb free=40067Kb
 bounds [0x000001e3c3e90000, 0x000001e3c48c0000, 0x000001e3c6e90000]
 total_blobs=5625 nmethods=5027 adapters=524
 compilation: enabled
              stopped_count=0, restarted_count=0
 full_count=0

Compilation events (20 events):
Event: 6333.499 Thread 0x000001e3ccc511b0 5018       1       com.google.gson.stream.JsonWriter::isLenient (5 bytes)
Event: 6333.499 Thread 0x000001e3ccc511b0 nmethod 5018 0x000001e3c4613e90 code [0x000001e3c4614020, 0x000001e3c46140f8]
Event: 6333.499 Thread 0x000001e3ccc511b0 5019       1       com.google.gson.stream.JsonWriter::isHtmlSafe (5 bytes)
Event: 6333.500 Thread 0x000001e3ccc511b0 nmethod 5019 0x000001e3c4613b90 code [0x000001e3c4613d20, 0x000001e3c4613df8]
Event: 102256.923 Thread 0x000001e3ccc511b0 5020       1       java.io.BufferedWriter::ensureOpen (18 bytes)
Event: 102256.933 Thread 0x000001e3ccc511b0 nmethod 5020 0x000001e3c4613810 code [0x000001e3c46139a0, 0x000001e3c4613b08]
Event: 102256.933 Thread 0x000001e3ccc511b0 5023   !   1       java.io.BufferedWriter::write (117 bytes)
Event: 102256.938 Thread 0x000001e3ccc511b0 nmethod 5023 0x000001e3c4613010 code [0x000001e3c46131e0, 0x000001e3c4613528]
Event: 102256.938 Thread 0x000001e3ccc511b0 5021       1       java.io.BufferedWriter::min (9 bytes)
Event: 102256.938 Thread 0x000001e3ccc511b0 nmethod 5021 0x000001e3c4612d10 code [0x000001e3c4612ea0, 0x000001e3c4612f98]
Event: 102256.938 Thread 0x000001e3ccc511b0 5022       1       java.io.Writer::write (11 bytes)
Event: 102256.939 Thread 0x000001e3ccc511b0 nmethod 5022 0x000001e3c4612990 code [0x000001e3c4612b20, 0x000001e3c4612c28]
Event: 106020.781 Thread 0x000001e3ccc511b0 5024       1       java.util.Collections$SynchronizedSet::<init> (7 bytes)
Event: 106020.796 Thread 0x000001e3ccc511b0 nmethod 5024 0x000001e3c4612390 code [0x000001e3c4612540, 0x000001e3c4612858]
Event: 106020.796 Thread 0x000001e3ccc511b0 5025 %     1       sun.nio.cs.ISO_8859_1$Encoder::implEncodeISOArray @ 3 (47 bytes)
Event: 106020.798 Thread 0x000001e3ccc511b0 nmethod 5025% 0x000001e3c4611f10 code [0x000001e3c46120a0, 0x000001e3c4612278]
Event: 107882.903 Thread 0x000001e3ccc511b0 5026       1       java.util.Collections::synchronizedSet (10 bytes)
Event: 107882.904 Thread 0x000001e3ccc511b0 nmethod 5026 0x000001e3c4611890 code [0x000001e3c4611a40, 0x000001e3c4611d98]
Event: 107882.904 Thread 0x000001e3ccc511b0 5027       1       sun.nio.cs.ISO_8859_1$Encoder::implEncodeISOArray (47 bytes)
Event: 107882.904 Thread 0x000001e3ccc511b0 nmethod 5027 0x000001e3c4611490 code [0x000001e3c4611620, 0x000001e3c4611758]

GC Heap History (20 events):
Event: 109618.770 GC heap before
{Heap before GC invocations=6676 (full 6658):
 garbage-first heap   total 55296K, used 22096K [0x00000000c0000000, 0x0000000100000000)
  region size 1024K, 1 young (1024K), 0 survivors (0K)
 Metaspace       used 46521K, committed 47104K, reserved 1097728K
  class space    used 6219K, committed 6464K, reserved 1048576K
}
Event: 109618.812 GC heap after
{Heap after GC invocations=6677 (full 6659):
 garbage-first heap   total 55296K, used 22096K [0x00000000c0000000, 0x0000000100000000)
  region size 1024K, 0 young (0K), 0 survivors (0K)
 Metaspace       used 46521K, committed 47104K, reserved 1097728K
  class space    used 6219K, committed 6464K, reserved 1048576K
}
Event: 109629.196 GC heap before
{Heap before GC invocations=6677 (full 6659):
 garbage-first heap   total 55296K, used 22096K [0x00000000c0000000, 0x0000000100000000)
  region size 1024K, 1 young (1024K), 0 survivors (0K)
 Metaspace       used 46521K, committed 47104K, reserved 1097728K
  class space    used 6219K, committed 6464K, reserved 1048576K
}
Event: 109629.221 GC heap after
{Heap after GC invocations=6678 (full 6660):
 garbage-first heap   total 55296K, used 22096K [0x00000000c0000000, 0x0000000100000000)
  region size 1024K, 0 young (0K), 0 survivors (0K)
 Metaspace       used 46521K, committed 47104K, reserved 1097728K
  class space    used 6219K, committed 6464K, reserved 1048576K
}
Event: 109639.534 GC heap before
{Heap before GC invocations=6678 (full 6660):
 garbage-first heap   total 55296K, used 22096K [0x00000000c0000000, 0x0000000100000000)
  region size 1024K, 1 young (1024K), 0 survivors (0K)
 Metaspace       used 46521K, committed 47104K, reserved 1097728K
  class space    used 6219K, committed 6464K, reserved 1048576K
}
Event: 109639.583 GC heap after
{Heap after GC invocations=6679 (full 6661):
 garbage-first heap   total 55296K, used 22096K [0x00000000c0000000, 0x0000000100000000)
  region size 1024K, 0 young (0K), 0 survivors (0K)
 Metaspace       used 46521K, committed 47104K, reserved 1097728K
  class space    used 6219K, committed 6464K, reserved 1048576K
}
Event: 109649.937 GC heap before
{Heap before GC invocations=6679 (full 6661):
 garbage-first heap   total 55296K, used 22096K [0x00000000c0000000, 0x0000000100000000)
  region size 1024K, 1 young (1024K), 0 survivors (0K)
 Metaspace       used 46521K, committed 47104K, reserved 1097728K
  class space    used 6219K, committed 6464K, reserved 1048576K
}
Event: 109649.976 GC heap after
{Heap after GC invocations=6680 (full 6662):
 garbage-first heap   total 55296K, used 22096K [0x00000000c0000000, 0x0000000100000000)
  region size 1024K, 0 young (0K), 0 survivors (0K)
 Metaspace       used 46521K, committed 47104K, reserved 1097728K
  class space    used 6219K, committed 6464K, reserved 1048576K
}
Event: 109660.390 GC heap before
{Heap before GC invocations=6680 (full 6662):
 garbage-first heap   total 55296K, used 22096K [0x00000000c0000000, 0x0000000100000000)
  region size 1024K, 1 young (1024K), 0 survivors (0K)
 Metaspace       used 46521K, committed 47104K, reserved 1097728K
  class space    used 6219K, committed 6464K, reserved 1048576K
}
Event: 109660.426 GC heap after
{Heap after GC invocations=6681 (full 6663):
 garbage-first heap   total 55296K, used 22096K [0x00000000c0000000, 0x0000000100000000)
  region size 1024K, 0 young (0K), 0 survivors (0K)
 Metaspace       used 46521K, committed 47104K, reserved 1097728K
  class space    used 6219K, committed 6464K, reserved 1048576K
}
Event: 109670.869 GC heap before
{Heap before GC invocations=6681 (full 6663):
 garbage-first heap   total 55296K, used 22096K [0x00000000c0000000, 0x0000000100000000)
  region size 1024K, 1 young (1024K), 0 survivors (0K)
 Metaspace       used 46521K, committed 47104K, reserved 1097728K
  class space    used 6219K, committed 6464K, reserved 1048576K
}
Event: 109670.919 GC heap after
{Heap after GC invocations=6682 (full 6664):
 garbage-first heap   total 55296K, used 22096K [0x00000000c0000000, 0x0000000100000000)
  region size 1024K, 0 young (0K), 0 survivors (0K)
 Metaspace       used 46521K, committed 47104K, reserved 1097728K
  class space    used 6219K, committed 6464K, reserved 1048576K
}
Event: 109681.353 GC heap before
{Heap before GC invocations=6682 (full 6664):
 garbage-first heap   total 55296K, used 22096K [0x00000000c0000000, 0x0000000100000000)
  region size 1024K, 1 young (1024K), 0 survivors (0K)
 Metaspace       used 46521K, committed 47104K, reserved 1097728K
  class space    used 6219K, committed 6464K, reserved 1048576K
}
Event: 109681.401 GC heap after
{Heap after GC invocations=6683 (full 6665):
 garbage-first heap   total 55296K, used 22096K [0x00000000c0000000, 0x0000000100000000)
  region size 1024K, 0 young (0K), 0 survivors (0K)
 Metaspace       used 46521K, committed 47104K, reserved 1097728K
  class space    used 6219K, committed 6464K, reserved 1048576K
}
Event: 109691.868 GC heap before
{Heap before GC invocations=6683 (full 6665):
 garbage-first heap   total 55296K, used 22096K [0x00000000c0000000, 0x0000000100000000)
  region size 1024K, 1 young (1024K), 0 survivors (0K)
 Metaspace       used 46521K, committed 47104K, reserved 1097728K
  class space    used 6219K, committed 6464K, reserved 1048576K
}
Event: 109691.915 GC heap after
{Heap after GC invocations=6684 (full 6666):
 garbage-first heap   total 55296K, used 22096K [0x00000000c0000000, 0x0000000100000000)
  region size 1024K, 0 young (0K), 0 survivors (0K)
 Metaspace       used 46521K, committed 47104K, reserved 1097728K
  class space    used 6219K, committed 6464K, reserved 1048576K
}
Event: 109702.293 GC heap before
{Heap before GC invocations=6684 (full 6666):
 garbage-first heap   total 55296K, used 22096K [0x00000000c0000000, 0x0000000100000000)
  region size 1024K, 1 young (1024K), 0 survivors (0K)
 Metaspace       used 46521K, committed 47104K, reserved 1097728K
  class space    used 6219K, committed 6464K, reserved 1048576K
}
Event: 109702.323 GC heap after
{Heap after GC invocations=6685 (full 6667):
 garbage-first heap   total 55296K, used 22096K [0x00000000c0000000, 0x0000000100000000)
  region size 1024K, 0 young (0K), 0 survivors (0K)
 Metaspace       used 46521K, committed 47104K, reserved 1097728K
  class space    used 6219K, committed 6464K, reserved 1048576K
}
Event: 109712.687 GC heap before
{Heap before GC invocations=6685 (full 6667):
 garbage-first heap   total 55296K, used 22096K [0x00000000c0000000, 0x0000000100000000)
  region size 1024K, 1 young (1024K), 0 survivors (0K)
 Metaspace       used 46521K, committed 47104K, reserved 1097728K
  class space    used 6219K, committed 6464K, reserved 1048576K
}
Event: 109712.728 GC heap after
{Heap after GC invocations=6686 (full 6668):
 garbage-first heap   total 55296K, used 22096K [0x00000000c0000000, 0x0000000100000000)
  region size 1024K, 0 young (0K), 0 survivors (0K)
 Metaspace       used 46521K, committed 47104K, reserved 1097728K
  class space    used 6219K, committed 6464K, reserved 1048576K
}

Dll operation events (9 events):
Event: 0.022 Loaded shared library c:\Users\mx02944\.vscode\extensions\redhat.java-1.15.0-win32-x64\jre\17.0.6-win32-x86_64\bin\java.dll
Event: 0.844 Loaded shared library C:\Users\mx02944\.vscode\extensions\redhat.java-1.15.0-win32-x64\jre\17.0.6-win32-x86_64\bin\net.dll
Event: 0.849 Loaded shared library C:\Users\mx02944\.vscode\extensions\redhat.java-1.15.0-win32-x64\jre\17.0.6-win32-x86_64\bin\nio.dll
Event: 1.768 Loaded shared library C:\Users\mx02944\.vscode\extensions\redhat.java-1.15.0-win32-x64\jre\17.0.6-win32-x86_64\bin\zip.dll
Event: 30.241 Loaded shared library C:\Users\mx02944\.vscode\extensions\redhat.java-1.15.0-win32-x64\jre\17.0.6-win32-x86_64\bin\jimage.dll
Event: 57.093 Loaded shared library c:\Users\mx02944\.vscode\extensions\redhat.java-1.15.0-win32-x64\jre\17.0.6-win32-x86_64\bin\verify.dll
Event: 62.320 Loaded shared library C:\Users\mx02944\.vscode\extensions\redhat.java-1.15.0-win32-x64\jre\17.0.6-win32-x86_64\bin\management.dll
Event: 62.336 Loaded shared library C:\Users\mx02944\.vscode\extensions\redhat.java-1.15.0-win32-x64\jre\17.0.6-win32-x86_64\bin\management_ext.dll
Event: 69.019 Loaded shared library C:\Users\mx02944\.vscode\extensions\redhat.java-1.15.0-win32-x64\jre\17.0.6-win32-x86_64\bin\sunmscapi.dll

Deoptimization events (14 events):
Event: 41.340 Thread 0x000001e3c121d170 DEOPT PACKING pc=0x000001e3c449b099 sp=0x000000c9b13fd670
Event: 41.340 Thread 0x000001e3c121d170 DEOPT UNPACKING pc=0x000001e3c3eeace3 sp=0x000000c9b13fcb50 mode 3
Event: 64.721 Thread 0x000001e3ce2c16e0 DEOPT PACKING pc=0x000001e3c45b2835 sp=0x000000c9b31fd5e0
Event: 64.721 Thread 0x000001e3ce2c16e0 DEOPT UNPACKING pc=0x000001e3c3eeace3 sp=0x000000c9b31fcb08 mode 3
Event: 66.997 Thread 0x000001e3ce2c16e0 DEOPT PACKING pc=0x000001e3c444af81 sp=0x000000c9b31fdfb0
Event: 66.997 Thread 0x000001e3ce2c16e0 DEOPT UNPACKING pc=0x000001e3c3eeace3 sp=0x000000c9b31fd440 mode 3
Event: 66.999 Thread 0x000001e3cdfe2a20 DEOPT PACKING pc=0x000001e3c4428417 sp=0x000000c9b37fec80
Event: 66.999 Thread 0x000001e3cdfe2a20 DEOPT UNPACKING pc=0x000001e3c3eeace3 sp=0x000000c9b37fe0d8 mode 3
Event: 68.580 Thread 0x000001e3cdfe2080 DEOPT PACKING pc=0x000001e3c3ff918c sp=0x000000c9b3cfe970
Event: 68.580 Thread 0x000001e3cdfe2080 DEOPT UNPACKING pc=0x000001e3c3eeace3 sp=0x000000c9b3cfde38 mode 0
Event: 69.266 Thread 0x000001e3ce30aa60 DEOPT PACKING pc=0x000001e3c470347d sp=0x000000c9b33fdad0
Event: 69.266 Thread 0x000001e3ce30aa60 DEOPT UNPACKING pc=0x000001e3c3eeace3 sp=0x000000c9b33fd050 mode 3
Event: 6333.477 Thread 0x000001e3cdb9e0c0 DEOPT PACKING pc=0x000001e3c4226254 sp=0x000000c9b2ffed90
Event: 6333.478 Thread 0x000001e3cdb9e0c0 DEOPT UNPACKING pc=0x000001e3c3eeace3 sp=0x000000c9b2ffe238 mode 0

Classes unloaded (20 events):
Event: 166.013 Thread 0x000001e3cc021690 Unloading class 0x00000001003a1400 'java/lang/invoke/LambdaForm$MH+0x00000001003a1400'
Event: 166.013 Thread 0x000001e3cc021690 Unloading class 0x00000001003a1000 'java/lang/invoke/LambdaForm$MH+0x00000001003a1000'
Event: 166.013 Thread 0x000001e3cc021690 Unloading class 0x0000000100092000 'java/lang/invoke/LambdaForm$MH+0x0000000100092000'
Event: 166.013 Thread 0x000001e3cc021690 Unloading class 0x0000000100091c00 'java/lang/invoke/LambdaForm$MH+0x0000000100091c00'
Event: 166.013 Thread 0x000001e3cc021690 Unloading class 0x0000000100091800 'java/lang/invoke/LambdaForm$MH+0x0000000100091800'
Event: 166.013 Thread 0x000001e3cc021690 Unloading class 0x0000000100091400 'java/lang/invoke/LambdaForm$MH+0x0000000100091400'
Event: 166.013 Thread 0x000001e3cc021690 Unloading class 0x0000000100091000 'java/lang/invoke/LambdaForm$MH+0x0000000100091000'
Event: 166.013 Thread 0x000001e3cc021690 Unloading class 0x0000000100090c00 'java/lang/invoke/LambdaForm$MH+0x0000000100090c00'
Event: 166.013 Thread 0x000001e3cc021690 Unloading class 0x0000000100090800 'java/lang/invoke/LambdaForm$MH+0x0000000100090800'
Event: 166.013 Thread 0x000001e3cc021690 Unloading class 0x0000000100090400 'java/lang/invoke/LambdaForm$MH+0x0000000100090400'
Event: 166.013 Thread 0x000001e3cc021690 Unloading class 0x000000010008b800 'java/lang/invoke/LambdaForm$MH+0x000000010008b800'
Event: 166.013 Thread 0x000001e3cc021690 Unloading class 0x000000010008b400 'java/lang/invoke/LambdaForm$MH+0x000000010008b400'
Event: 166.013 Thread 0x000001e3cc021690 Unloading class 0x000000010008b000 'java/lang/invoke/LambdaForm$MH+0x000000010008b000'
Event: 166.013 Thread 0x000001e3cc021690 Unloading class 0x000000010008ac00 'java/lang/invoke/LambdaForm$MH+0x000000010008ac00'
Event: 166.013 Thread 0x000001e3cc021690 Unloading class 0x000000010008a800 'java/lang/invoke/LambdaForm$MH+0x000000010008a800'
Event: 166.013 Thread 0x000001e3cc021690 Unloading class 0x000000010008a400 'java/lang/invoke/LambdaForm$MH+0x000000010008a400'
Event: 166.013 Thread 0x000001e3cc021690 Unloading class 0x0000000100089c00 'java/lang/invoke/LambdaForm$MH+0x0000000100089c00'
Event: 166.013 Thread 0x000001e3cc021690 Unloading class 0x0000000100089400 'java/lang/invoke/LambdaForm$MH+0x0000000100089400'
Event: 166.013 Thread 0x000001e3cc021690 Unloading class 0x0000000100088c00 'java/lang/invoke/LambdaForm$MH+0x0000000100088c00'
Event: 166.013 Thread 0x000001e3cc021690 Unloading class 0x0000000100088400 'java/lang/invoke/LambdaForm$MH+0x0000000100088400'

Classes redefined (0 events):
No events

Internal exceptions (20 events):
Event: 68.448 Thread 0x000001e3ce30aa60 Exception <a 'sun/nio/fs/WindowsException'{0x00000000c2e77400}> (0x00000000c2e77400) 
thrown [s\src\hotspot\share\prims\jni.cpp, line 516]
Event: 68.448 Thread 0x000001e3ce30aa60 Exception <a 'sun/nio/fs/WindowsException'{0x00000000c2e77920}> (0x00000000c2e77920) 
thrown [s\src\hotspot\share\prims\jni.cpp, line 516]
Event: 68.448 Thread 0x000001e3ce30aa60 Exception <a 'sun/nio/fs/WindowsException'{0x00000000c2e78750}> (0x00000000c2e78750) 
thrown [s\src\hotspot\share\prims\jni.cpp, line 516]
Event: 68.449 Thread 0x000001e3ce30aa60 Exception <a 'sun/nio/fs/WindowsException'{0x00000000c2e79130}> (0x00000000c2e79130) 
thrown [s\src\hotspot\share\prims\jni.cpp, line 516]
Event: 68.449 Thread 0x000001e3ce30aa60 Exception <a 'sun/nio/fs/WindowsException'{0x00000000c2e79630}> (0x00000000c2e79630) 
thrown [s\src\hotspot\share\prims\jni.cpp, line 516]
Event: 68.449 Thread 0x000001e3ce30aa60 Exception <a 'sun/nio/fs/WindowsException'{0x00000000c2e7a6d8}> (0x00000000c2e7a6d8) 
thrown [s\src\hotspot\share\prims\jni.cpp, line 516]
Event: 68.449 Thread 0x000001e3ce30aa60 Exception <a 'sun/nio/fs/WindowsException'{0x00000000c2e7ac18}> (0x00000000c2e7ac18) 
thrown [s\src\hotspot\share\prims\jni.cpp, line 516]
Event: 68.615 Thread 0x000001e3cdfe2080 Exception <a 'sun/nio/fs/WindowsException'{0x00000000c29544c0}> (0x00000000c29544c0) 
thrown [s\src\hotspot\share\prims\jni.cpp, line 516]
Event: 69.600 Thread 0x000001e3ce30aa60 Exception <a 'sun/nio/fs/WindowsException'{0x00000000c27cc8b8}> (0x00000000c27cc8b8) 
thrown [s\src\hotspot\share\prims\jni.cpp, line 516]
Event: 69.601 Thread 0x000001e3ce30aa60 Exception <a 'sun/nio/fs/WindowsException'{0x00000000c27cd258}> (0x00000000c27cd258) 
thrown [s\src\hotspot\share\prims\jni.cpp, line 516]
Event: 69.601 Thread 0x000001e3ce30aa60 Exception <a 'sun/nio/fs/WindowsException'{0x00000000c27cd738}> (0x00000000c27cd738) 
thrown [s\src\hotspot\share\prims\jni.cpp, line 516]
Event: 69.601 Thread 0x000001e3ce30aa60 Exception <a 'sun/nio/fs/WindowsException'{0x00000000c27ce7c0}> (0x00000000c27ce7c0) 
thrown [s\src\hotspot\share\prims\jni.cpp, line 516]
Event: 69.601 Thread 0x000001e3ce30aa60 Exception <a 'sun/nio/fs/WindowsException'{0x00000000c27cece0}> (0x00000000c27cece0) 
thrown [s\src\hotspot\share\prims\jni.cpp, line 516]
Event: 69.601 Thread 0x000001e3ce30aa60 Exception <a 'sun/nio/fs/WindowsException'{0x00000000c27cfb10}> (0x00000000c27cfb10) 
thrown [s\src\hotspot\share\prims\jni.cpp, line 516]
Event: 69.602 Thread 0x000001e3ce30aa60 Exception <a 'sun/nio/fs/WindowsException'{0x00000000c27d04f0}> (0x00000000c27d04f0) 
thrown [s\src\hotspot\share\prims\jni.cpp, line 516]
Event: 69.602 Thread 0x000001e3ce30aa60 Exception <a 'sun/nio/fs/WindowsException'{0x00000000c27d09f0}> (0x00000000c27d09f0) 
thrown [s\src\hotspot\share\prims\jni.cpp, line 516]
Event: 69.604 Thread 0x000001e3ce30aa60 Exception <a 'sun/nio/fs/WindowsException'{0x00000000c27d1a98}> (0x00000000c27d1a98) 
thrown [s\src\hotspot\share\prims\jni.cpp, line 516]
Event: 69.604 Thread 0x000001e3ce30aa60 Exception <a 'sun/nio/fs/WindowsException'{0x00000000c27d1fd8}> (0x00000000c27d1fd8) 
thrown [s\src\hotspot\share\prims\jni.cpp, line 516]
Event: 152.535 Thread 0x000001e3cd5b6590 Exception <a 'java/lang/NoSuchMethodError'{0x00000000cfce4f18}: 'void java.lang.invoke.DirectMethodHandle$Holder.invokeStatic(java.lang.Object, long)'> (0x00000000cfce4f18) 
thrown [s\src\hotspot\share\interpreter\linkResolver.cpp, line 759]
Event: 152.536 Thread 0x000001e3cd5b6590 Exception <a 'java/lang/NoSuchMethodError'{0x00000000cfcea2c0}: 'java.lang.Object java.lang.invoke.DirectMethodHandle$Holder.newInvokeSpecial(java.lang.Object, long)'> (0x00000000cfcea2c0) 
thrown [s\src\hotspot\share\interpreter\linkResolver.cpp, line 759]

VM Operations (20 events):
Event: 109618.812 Executing VM operation: G1CollectFull done
Event: 109629.195 Executing VM operation: G1CollectFull
Event: 109629.222 Executing VM operation: G1CollectFull done
Event: 109639.534 Executing VM operation: G1CollectFull
Event: 109639.583 Executing VM operation: G1CollectFull done
Event: 109649.937 Executing VM operation: G1CollectFull
Event: 109649.977 Executing VM operation: G1CollectFull done
Event: 109660.390 Executing VM operation: G1CollectFull
Event: 109660.427 Executing VM operation: G1CollectFull done
Event: 109670.869 Executing VM operation: G1CollectFull
Event: 109670.919 Executing VM operation: G1CollectFull done
Event: 109681.353 Executing VM operation: G1CollectFull
Event: 109681.401 Executing VM operation: G1CollectFull done
Event: 109691.868 Executing VM operation: G1CollectFull
Event: 109691.916 Executing VM operation: G1CollectFull done
Event: 109702.292 Executing VM operation: G1CollectFull
Event: 109702.323 Executing VM operation: G1CollectFull done
Event: 109712.687 Executing VM operation: G1CollectFull
Event: 109712.728 Executing VM operation: G1CollectFull done
Event: 109722.853 Executing VM operation: G1CollectFull

Events (20 events):
Event: 649.783 loading class sun/util/locale/provider/TimeZoneNameUtility
Event: 649.784 loading class sun/util/locale/provider/TimeZoneNameUtility done
Event: 649.784 loading class sun/util/locale/provider/TimeZoneNameUtility$TimeZoneNameGetter
Event: 649.784 loading class sun/util/locale/provider/TimeZoneNameUtility$TimeZoneNameGetter done
Event: 649.785 loading class sun/util/cldr/CLDRTimeZoneNameProviderImpl
Event: 649.785 loading class sun/util/locale/provider/TimeZoneNameProviderImpl
Event: 649.786 loading class sun/util/locale/provider/TimeZoneNameProviderImpl done
Event: 649.786 loading class sun/util/cldr/CLDRTimeZoneNameProviderImpl done
Event: 649.787 loading class sun/util/resources/cldr/TimeZoneNames
Event: 649.788 loading class sun/util/resources/TimeZoneNamesBundle
Event: 649.788 loading class sun/util/resources/OpenListResourceBundle
Event: 649.788 loading class sun/util/resources/OpenListResourceBundle done
Event: 649.788 loading class sun/util/resources/TimeZoneNamesBundle done
Event: 649.788 loading class sun/util/resources/cldr/TimeZoneNames done
Event: 649.788 loading class sun/util/resources/cldr/TimeZoneNames_en
Event: 649.790 loading class sun/util/resources/cldr/TimeZoneNames_en done
Event: 649.791 loading class sun/util/resources/cldr/TimeZoneNames_en_US
Event: 649.791 loading class sun/util/resources/cldr/TimeZoneNames_en_US done
Event: 6333.496 Thread 0x000001e3ce640e20 Thread added: 0x000001e3ce640e20
Event: 6393.505 Thread 0x000001e3ce640e20 Thread exited: 0x000001e3ce640e20


Dynamic libraries:
0x00007ff667f70000 - 0x00007ff667f7e000 	c:\Users\mx02944\.vscode\extensions\redhat.java-1.15.0-win32-x64\jre\17.0.6-win32-x86_64\bin\java.exe
0x00007ffd809c0000 - 0x00007ffd80bb0000 	C:\Windows\SYSTEM32\ntdll.dll
0x00007ffd7fad0000 - 0x00007ffd7fb82000 	C:\Windows\System32\KERNEL32.DLL
0x00007ffd7e7c0000 - 0x00007ffd7ea63000 	C:\Windows\System32\KERNELBASE.dll
0x00007ffd7daa0000 - 0x00007ffd7db9a000 	C:\Windows\System32\ucrtbase.dll
0x00007ffcf9a00000 - 0x00007ffcf9a17000 	c:\Users\mx02944\.vscode\extensions\redhat.java-1.15.0-win32-x64\jre\17.0.6-win32-x86_64\bin\jli.dll
0x00007ffd80670000 - 0x00007ffd80804000 	C:\Windows\System32\USER32.dll
0x00007ffd7dea0000 - 0x00007ffd7dec1000 	C:\Windows\System32\win32u.dll
0x00007ffd7ff80000 - 0x00007ffd7ffa6000 	C:\Windows\System32\GDI32.dll
0x00007ffd7dd00000 - 0x00007ffd7de94000 	C:\Windows\System32\gdi32full.dll
0x00007ffcf99e0000 - 0x00007ffcf99f9000 	c:\Users\mx02944\.vscode\extensions\redhat.java-1.15.0-win32-x64\jre\17.0.6-win32-x86_64\bin\VCRUNTIME140.dll
0x00007ffd7e720000 - 0x00007ffd7e7be000 	C:\Windows\System32\msvcp_win.dll
0x00007ffd5ef20000 - 0x00007ffd5f1a5000 	C:\Windows\WinSxS\amd64_microsoft.windows.common-controls_6595b64144ccf1df_6.0.18362.720_none_e6beb5c51314836b\COMCTL32.dll
0x00007ffd7fa20000 - 0x00007ffd7fabe000 	C:\Windows\System32\msvcrt.dll
0x00007ffd80040000 - 0x00007ffd80376000 	C:\Windows\System32\combase.dll
0x00007ffd7fe00000 - 0x00007ffd7ff20000 	C:\Windows\System32\RPCRT4.dll
0x00007ffd7def0000 - 0x00007ffd7df70000 	C:\Windows\System32\bcryptPrimitives.dll
0x00007ffd7f780000 - 0x00007ffd7f7ae000 	C:\Windows\System32\IMM32.DLL
0x00007ffcf99d0000 - 0x00007ffcf99dc000 	c:\Users\mx02944\.vscode\extensions\redhat.java-1.15.0-win32-x64\jre\17.0.6-win32-x86_64\bin\vcruntime140_1.dll
0x00007ffcf8290000 - 0x00007ffcf8321000 	c:\Users\mx02944\.vscode\extensions\redhat.java-1.15.0-win32-x64\jre\17.0.6-win32-x86_64\bin\msvcp140.dll
0x00007ffcf7640000 - 0x00007ffcf8287000 	c:\Users\mx02944\.vscode\extensions\redhat.java-1.15.0-win32-x64\jre\17.0.6-win32-x86_64\bin\server\jvm.dll
0x00007ffd7f970000 - 0x00007ffd7fa13000 	C:\Windows\System32\ADVAPI32.dll
0x00007ffd7f6e0000 - 0x00007ffd7f777000 	C:\Windows\System32\sechost.dll
0x00007ffd62680000 - 0x00007ffd62689000 	C:\Windows\SYSTEM32\WSOCK32.dll
0x00007ffd80600000 - 0x00007ffd8066f000 	C:\Windows\System32\WS2_32.dll
0x00007ffd78de0000 - 0x00007ffd78e04000 	C:\Windows\SYSTEM32\WINMM.dll
0x00007ffd77340000 - 0x00007ffd7734a000 	C:\Windows\SYSTEM32\VERSION.dll
0x00007ffd788c0000 - 0x00007ffd788ed000 	C:\Windows\SYSTEM32\WINMMBASE.dll
0x00007ffd7dba0000 - 0x00007ffd7dbea000 	C:\Windows\System32\cfgmgr32.dll
0x00007ffd7d910000 - 0x00007ffd7d921000 	C:\Windows\System32\kernel.appcore.dll
0x00007ffcf9950000 - 0x00007ffcf995a000 	c:\Users\mx02944\.vscode\extensions\redhat.java-1.15.0-win32-x64\jre\17.0.6-win32-x86_64\bin\jimage.dll
0x00007ffd7bef0000 - 0x00007ffd7c0e4000 	C:\Windows\SYSTEM32\DBGHELP.DLL
0x00007ffd5f600000 - 0x00007ffd5f62a000 	C:\Windows\SYSTEM32\dbgcore.DLL
0x00007ffcf8b10000 - 0x00007ffcf8b35000 	c:\Users\mx02944\.vscode\extensions\redhat.java-1.15.0-win32-x64\jre\17.0.6-win32-x86_64\bin\java.dll
0x00007ffcf7620000 - 0x00007ffcf7638000 	c:\Users\mx02944\.vscode\extensions\redhat.java-1.15.0-win32-x64\jre\17.0.6-win32-x86_64\bin\zip.dll
0x00007ffd7eb80000 - 0x00007ffd7f265000 	C:\Windows\System32\SHELL32.dll
0x00007ffd7ead0000 - 0x00007ffd7eb79000 	C:\Windows\System32\shcore.dll
0x00007ffd7dfa0000 - 0x00007ffd7e720000 	C:\Windows\System32\windows.storage.dll
0x00007ffd7d890000 - 0x00007ffd7d8b3000 	C:\Windows\System32\profapi.dll
0x00007ffd7d8c0000 - 0x00007ffd7d90a000 	C:\Windows\System32\powrprof.dll
0x00007ffd7d880000 - 0x00007ffd7d890000 	C:\Windows\System32\UMPDC.dll
0x00007ffd80450000 - 0x00007ffd804a2000 	C:\Windows\System32\shlwapi.dll
0x00007ffd7ded0000 - 0x00007ffd7dee7000 	C:\Windows\System32\cryptsp.dll
0x00007ffcf7590000 - 0x00007ffcf75a9000 	C:\Users\mx02944\.vscode\extensions\redhat.java-1.15.0-win32-x64\jre\17.0.6-win32-x86_64\bin\net.dll
0x00007ffd746a0000 - 0x00007ffd74791000 	C:\Windows\SYSTEM32\WINHTTP.dll
0x00007ffd7d040000 - 0x00007ffd7d0a7000 	C:\Windows\system32\mswsock.dll
0x00007ffcf7570000 - 0x00007ffcf7585000 	C:\Users\mx02944\.vscode\extensions\redhat.java-1.15.0-win32-x64\jre\17.0.6-win32-x86_64\bin\nio.dll
0x00007ffd7c950000 - 0x00007ffd7c983000 	C:\Windows\system32\rsaenh.dll
0x00007ffd7df70000 - 0x00007ffd7df96000 	C:\Windows\System32\bcrypt.dll
0x00007ffd7d770000 - 0x00007ffd7d795000 	C:\Windows\SYSTEM32\USERENV.dll
0x00007ffd7d1c0000 - 0x00007ffd7d1cc000 	C:\Windows\SYSTEM32\CRYPTBASE.dll
0x00007ffd7cd60000 - 0x00007ffd7cd9a000 	C:\Windows\SYSTEM32\IPHLPAPI.DLL
0x00007ffd7fac0000 - 0x00007ffd7fac8000 	C:\Windows\System32\NSI.dll
0x00007ffd779c0000 - 0x00007ffd779d6000 	C:\Windows\SYSTEM32\dhcpcsvc6.DLL
0x00007ffd77870000 - 0x00007ffd7788c000 	C:\Windows\SYSTEM32\dhcpcsvc.DLL
0x00007ffd7cda0000 - 0x00007ffd7ce6a000 	C:\Windows\SYSTEM32\DNSAPI.dll
0x00007ffcf9930000 - 0x00007ffcf9940000 	c:\Users\mx02944\.vscode\extensions\redhat.java-1.15.0-win32-x64\jre\17.0.6-win32-x86_64\bin\verify.dll
0x00007ffd4cc40000 - 0x00007ffd4cc49000 	C:\Users\mx02944\.vscode\extensions\redhat.java-1.15.0-win32-x64\jre\17.0.6-win32-x86_64\bin\management.dll
0x00007ffd4cbc0000 - 0x00007ffd4cbcb000 	C:\Users\mx02944\.vscode\extensions\redhat.java-1.15.0-win32-x64\jre\17.0.6-win32-x86_64\bin\management_ext.dll
0x00007ffd80970000 - 0x00007ffd80978000 	C:\Windows\System32\PSAPI.DLL
0x00007ffced690000 - 0x00007ffced69e000 	C:\Users\mx02944\.vscode\extensions\redhat.java-1.15.0-win32-x64\jre\17.0.6-win32-x86_64\bin\sunmscapi.dll
0x00007ffd7d950000 - 0x00007ffd7da99000 	C:\Windows\System32\CRYPT32.dll
0x00007ffd7d930000 - 0x00007ffd7d942000 	C:\Windows\System32\MSASN1.dll
0x00007ffd7d2f0000 - 0x00007ffd7d316000 	C:\Windows\SYSTEM32\ncrypt.dll
0x00007ffd7d290000 - 0x00007ffd7d2cb000 	C:\Windows\SYSTEM32\NTASN1.dll
0x00007ffd74ed0000 - 0x00007ffd74eda000 	C:\Windows\System32\rasadhlp.dll
0x00007ffd78650000 - 0x00007ffd786c7000 	C:\Windows\System32\fwpuclnt.dll

dbghelp: loaded successfully - version: 4.0.5 - missing functions: none
symbol engine: initialized successfully - sym options: 0x614 - pdb path: .;c:\Users\mx02944\.vscode\extensions\redhat.java-1.15.0-win32-x64\jre\17.0.6-win32-x86_64\bin;C:\Windows\SYSTEM32;C:\Windows\WinSxS\amd64_microsoft.windows.common-controls_6595b64144ccf1df_6.0.18362.720_none_e6beb5c51314836b;c:\Users\mx02944\.vscode\extensions\redhat.java-1.15.0-win32-x64\jre\17.0.6-win32-x86_64\bin\server

VM Arguments:
jvm_args: -XX:+HeapDumpOnOutOfMemoryError -Xmx1024m -Dsts.lsp.client=vscode -Dsts.log.file=/dev/null -XX:TieredStopAtLevel=1 -Xlog:jni+resolve=off -Dspring.config.location=file:c:\Users\mx02944\.vscode\extensions\vmware.vscode-spring-boot-1.49.0\language-server\BOOT-INF\classes\application.properties 
java_command: org.springframework.ide.vscode.boot.app.BootLanguageServerBootApp
java_class_path (initial): c:\Users\mx02944\.vscode\extensions\vmware.vscode-spring-boot-1.49.0\language-server\BOOT-INF\classes;c:\Users\mx02944\.vscode\extensions\vmware.vscode-spring-boot-1.49.0\language-server\BOOT-INF\lib\annotations-24.0.1.jar;c:\Users\mx02944\.vscode\extensions\vmware.vscode-spring-boot-1.49.0\language-server\BOOT-INF\lib\antlr-runtime-3.5.3.jar;c:\Users\mx02944\.vscode\extensions\vmware.vscode-spring-boot-1.49.0\language-server\BOOT-INF\lib\antlr4-4.11.1.jar;c:\Users\mx02944\.vscode\extensions\vmware.vscode-spring-boot-1.49.0\language-server\BOOT-INF\lib\antlr4-runtime-4.11.1.jar;c:\Users\mx02944\.vscode\extensions\vmware.vscode-spring-boot-1.49.0\language-server\BOOT-INF\lib\archunit-1.1.0.jar;c:\Users\mx02944\.vscode\extensions\vmware.vscode-spring-boot-1.49.0\language-server\BOOT-INF\lib\asm-9.5.jar;c:\Users\mx02944\.vscode\extensions\vmware.vscode-spring-boot-1.49.0\language-server\BOOT-INF\lib\asm-analysis-9.5.jar;c:\Users\mx02944\.vscode\extensions\vmware.vscode-spring-boot-1.49.0\language-server\BOOT-INF\lib\asm-tree-9.5.jar;c:\Users\mx02944\.vscode\extensions\vmware.vscode-spring-boot-1.49.0\language-server\BOOT-INF\lib\asm-util-9.5.jar;c:\Users\mx02944\.vscode\extensions\vmware.vscode-spring-boot-1.49.0\language-server\BOOT-INF\lib\bosh-language-server-1.49.0-SNAPSHOT.jar;c:\Users\mx02944\.vscode\extensions\vmware.vscode-spring-boot-1.49.0\language-server\BOOT-INF\lib\caffeine-3.1.6.jar;c:\Users\mx02944\.vscode\extensions\vmware.vscode-spring-boot-1.49.0\language-server\BOOT-INF\lib\checker-qual-3.12.0.jar;c:\Users\mx02944\.vscode\extensions\vmware.vscode-spring-boot-1.49.0\language-server\BOOT-INF\lib\classgraph-4.8.149.jar;c:\Users\mx02944\.vscode\extensions\vmware.vscode-spring-boot-1.49.0\language-server\BOOT-INF\lib\commons-codec-1.15.jar;c:\Users\mx02944\.vscode\extensions\vmware.vscode-spring-boot-1.49.0\language-server\BOOT-INF\lib\commons-compress-1.23.0.jar;c:\Users\mx02944\.vscode\extensions\vmware.vscode-spring-boot-1.
Launcher Type: SUN_STANDARD

[Global flags]
     intx CICompilerCount                          = 4                                         {product} {ergonomic}
     uint ConcGCThreads                            = 2                                         {product} {ergonomic}
     uint G1ConcRefinementThreads                  = 8                                         {product} {ergonomic}
   size_t G1HeapRegionSize                         = 1048576                                   {product} {ergonomic}
    uintx GCDrainStackTargetSize                   = 64                                        {product} {ergonomic}
     bool HeapDumpOnOutOfMemoryError               = true                                   {manageable} {command line}
   size_t InitialHeapSize                          = 266338304                                 {product} {ergonomic}
   size_t MarkStackSize                            = 4194304                                   {product} {ergonomic}
   size_t MaxHeapSize                              = 1073741824                                {product} {command line}
   size_t MaxNewSize                               = 643825664                                 {product} {ergonomic}
   size_t MinHeapDeltaBytes                        = 1048576                                   {product} {ergonomic}
   size_t MinHeapSize                              = 8388608                                   {product} {ergonomic}
    uintx NonProfiledCodeHeapSize                  = 0                                      {pd product} {ergonomic}
     bool ProfileInterpreter                       = false                                  {pd product} {command line}
    uintx ProfiledCodeHeapSize                     = 0                                      {pd product} {ergonomic}
   size_t SoftMaxHeapSize                          = 1073741824                             {manageable} {ergonomic}
     intx TieredStopAtLevel                        = 1                                         {product} {command line}
     bool UseCompressedClassPointers               = true                           {product lp64_product} {ergonomic}
     bool UseCompressedOops                        = true                           {product lp64_product} {ergonomic}
     bool UseG1GC                                  = true                                      {product} {ergonomic}
     bool UseLargePagesIndividualAllocation        = false                                  {pd product} {ergonomic}

Logging:
Log output configuration:
 #0: stdout all=warning,jni+resolve=off uptime,level,tags
 #1: stderr all=off uptime,level,tags

Environment Variables:
JAVA_HOME=C:\Program Files\Java\jdk-16.0.1
CLASSPATH=.;C:\Program Files\Java\jdk-16.0.1\bin;
PATH=C:\Program Files\Microsoft\jdk-11.0.12.7-hotspot\bin;C:\Program Files\Common Files\Oracle\Java\javapath;C:\Program Files (x86)\Common Files\Oracle\Java\javapath;C:\Program Files\Microsoft MPI\Bin\;C:\Program Files (x86)\RSA SecurID Token Common;C:\Program Files\RSA SecurID Token Common;C:\oracle\bin;C:\Windows\system32;C:\Windows;C:\Windows\System32\Wbem;C:\Windows\System32\WindowsPowerShell\v1.0\;C:\Windows\System32\OpenSSH\;C:\Program Files\dotnet\;C:\Program Files\Microsoft SQL Server\Client SDK\ODBC\170\Tools\Binn\;C:\Program Files\Microsoft SQL Server\Client SDK\ODBC\130\Tools\Binn\;C:\Program Files\PuTTY\;C:\Program Files (x86)\Microsoft SQL Server\140\Tools\Binn\;C:\Program Files\Microsoft SQL Server\140\Tools\Binn\;C:\Program Files (x86)\Microsoft SQL Server\140\DTS\Binn\;C:\Program Files\Microsoft SQL Server\140\DTS\Binn\;C:\Program Files (x86)\Microsoft SQL Server\150\DTS\Binn\;C:\Program Files\Git\cmd;C:\Program Files\nodejs\;C:\Program Files\Java\jdk-16.0.1\bin;C:\Program Files\Java\jdk-14.0.2\bin;C:\Program Files\Java\jdk-16.0.1\bin;C:\Program Files\Microsoft SQL Server\130\Tools\Binn\;C:\Program Files\Microsoft SQL Server\150\Tools\Binn\;C:\Users\mx02944\AppData\Local\Microsoft\WindowsApps;C:\Users\mx02944\AppData\Local\Programs\Microsoft VS Code\bin;C:\Users\mx02944\AppData\Roaming\npm;C:\Program Files\JetBrains\IntelliJ IDEA 2021.3.2\bin;;C:\jdk-17.0.1\bin;C:\Users\mx02944\.dotnet\tools;C:\Users\mx02944\.dotnet\tools;C:\Program Files\JetBrains\IntelliJ IDEA Community Edition 2023.2.3\bin;
USERNAME=MX02944
OS=Windows_NT
PROCESSOR_IDENTIFIER=Intel64 Family 6 Model 126 Stepping 5, GenuineIntel
TMP=C:\Users\mx02944\AppData\Local\Temp
TEMP=C:\Users\mx02944\AppData\Local\Temp



---------------  S Y S T E M  ---------------

OS:
 Windows 10 , 64 bit Build 18362 (10.0.18362.329)
OS uptime: 1 days 6:34 hours
Hyper-V role detected

CPU: total 8 (initial active 8) (4 cores per cpu, 2 threads per core) family 6 model 126 stepping 5 microcode 0x48, cx8, cmov, fxsr, ht, mmx, 3dnowpref, sse, sse2, sse3, ssse3, sse4.1, sse4.2, popcnt, lzcnt, tsc, tscinvbit, avx, avx2, aes, erms, clmul, bmi1, bmi2, adx, avx512f, avx512dq, avx512cd, avx512bw, avx512vl, sha, fma, vzeroupper, avx512_vpopcntdq, avx512_vpclmulqdq, avx512_vaes, avx512_vnni, clflush, clflushopt, avx512_vbmi2, avx512_vbmi, hv

Memory: 4k page, system-wide physical 16151M (3227M free)
TotalPageFile size 32753M (AvailPageFile size 4M)
current process WorkingSet (physical memory assigned to process): 53M, peak: 161M
current process commit charge ("private bytes"): 203M, peak: 365M

vm_info: OpenJDK 64-Bit Server VM (17.0.6+10) for windows-amd64 JRE (17.0.6+10), built on Jan 18 2023 10:08:59 by "temurin" with MS VC++ 16.7 (VS2019)

END.
